[2025-09-09 23:15:34] 开始语义差异修复流程
[2025-09-09 23:15:34] 文件 Analysis/05-编程语言理论体系/01-语法与语言设计统一理论.md - 术语 '语法': 修复 6 处
[2025-09-09 23:15:34] 文件 Analysis/05-编程语言理论体系/01-语法与语言设计统一理论.md - 术语 '类型': 修复 8 处
[2025-09-09 23:15:34] 已更新文件: Analysis/05-编程语言理论体系/01-语法与语言设计统一理论.md (共 14 处修复)
[2025-09-09 23:15:34] 文件 Analysis/05-编程语言理论体系/02-语义与语法统一理论.md - 术语 '编译': 修复 3 处
[2025-09-09 23:15:34] 文件 Analysis/05-编程语言理论体系/02-语义与语法统一理论.md - 术语 '语义': 修复 24 处
[2025-09-09 23:15:34] 文件 Analysis/05-编程语言理论体系/02-语义与语法统一理论.md - 术语 '语法': 修复 17 处
[2025-09-09 23:15:34] 文件 Analysis/05-编程语言理论体系/02-语义与语法统一理论.md - 术语 '类型': 修复 2 处
[2025-09-09 23:15:34] 已更新文件: Analysis/05-编程语言理论体系/02-语义与语法统一理论.md (共 46 处修复)
[2025-09-09 23:15:34] 文件 Analysis/05-编程语言理论体系/03-类型统一理论.md - 术语 '编译': 修复 1 处
[2025-09-09 23:15:34] 文件 Analysis/05-编程语言理论体系/03-类型统一理论.md - 术语 '架构': 修复 1 处
[2025-09-09 23:15:34] 文件 Analysis/05-编程语言理论体系/03-类型统一理论.md - 术语 '语法': 修复 1 处
[2025-09-09 23:15:34] 文件 Analysis/05-编程语言理论体系/03-类型统一理论.md - 术语 '类型': 修复 11 处
[2025-09-09 23:15:34] 已更新文件: Analysis/05-编程语言理论体系/03-类型统一理论.md (共 14 处修复)
[2025-09-09 23:15:34] 文件 Analysis/05-编程语言理论体系/04-编译统一理论.md - 术语 '编译': 修复 11 处
[2025-09-09 23:15:34] 文件 Analysis/05-编程语言理论体系/04-编译统一理论.md - 术语 '语义': 修复 1 处
[2025-09-09 23:15:34] 文件 Analysis/05-编程语言理论体系/04-编译统一理论.md - 术语 '语法': 修复 1 处
[2025-09-09 23:15:34] 文件 Analysis/05-编程语言理论体系/04-编译统一理论.md - 术语 '类型': 修复 1 处
[2025-09-09 23:15:34] 已更新文件: Analysis/05-编程语言理论体系/04-编译统一理论.md (共 14 处修复)
[2025-09-09 23:15:34] 文件 Analysis/04-软件架构理论体系/00-软件架构理论统一总论.md - 术语 '语义': 修复 1 处
[2025-09-09 23:15:34] 文件 Analysis/04-软件架构理论体系/00-软件架构理论统一总论.md - 术语 '架构': 修复 12 处
[2025-09-09 23:15:34] 文件 Analysis/04-软件架构理论体系/00-软件架构理论统一总论.md - 术语 '类型': 修复 1 处
[2025-09-09 23:15:34] 已更新文件: Analysis/04-软件架构理论体系/00-软件架构理论统一总论.md (共 14 处修复)
[2025-09-09 23:15:34] 语义差异修复完成，总计修复 102 处
[2025-09-09 23:15:34] 修复日志已保存至: reports/checks/semantic-fixes-2025-09-09-231534.log
[2025-09-09 23:15:34] 修复报告已生成: reports/checks/semantic-fix-report-2025-09-09-231534.md
