检查核心概念定义一致性...
检查概念: 自动机
检查概念: 语法
检查概念: 语义
检查概念: 类型
检查概念: 编译
检查概念: 架构
检查形式化表示一致性...
检查形式化表示: 数学符号
  形式化表示 '数学符号' 在 259 个文件中找到:
    F:\_src\formal-architecture\Analysis\01-理论体系总论.md: 3 处
    F:\_src\formal-architecture\Analysis\2025年内容整合与统一框架-最终版.md: 11 处
    F:\_src\formal-architecture\Analysis\2025年国际标准对齐框架-最终版.md: 28 处
    F:\_src\formal-architecture\Analysis\2025年文档体系完善报告-最终版.md: 2 处
    F:\_src\formal-architecture\Analysis\2025年质量保证与验证体系-最终版.md: 3 处
    F:\_src\formal-architecture\Analysis\2025年质量保证框架-ISO-IEC-25010标准版.md: 54 处
    F:\_src\formal-architecture\Analysis\00-总览与导航\学术规范与质量保证体系.md: 15 处
    F:\_src\formal-architecture\Analysis\00-总览与导航\链接完整性检查清单.md: 9 处
    F:\_src\formal-architecture\Analysis\00-总览与导航\01-知识梳理框架\02-FormalUnified目录内容分析.md: 4 处
    F:\_src\formal-architecture\Analysis\01-哲学基础理论\03-方法论基础.md: 2 处
    F:\_src\formal-architecture\Analysis\01-哲学基础理论\05-形而上学基础.md: 5 处
    F:\_src\formal-architecture\Analysis\01-哲学基础理论\06-形而上学基础.md: 5 处
    F:\_src\formal-architecture\Analysis\01-理论体系\01-统一形式理论综合.md: 9 处
    F:\_src\formal-architecture\Analysis\01-理论体系\03-时序逻辑控制深化.md: 37 处
    F:\_src\formal-architecture\Analysis\01-理论体系\04-Petri网与控制论.md: 22 处
    F:\_src\formal-architecture\Analysis\01-理论体系\05-线性仿射时序类型理论.md: 26 处
    F:\_src\formal-architecture\Analysis\01-理论体系\06-形式语言理论深化.md: 20 处
    F:\_src\formal-architecture\Analysis\01-理论体系\07-形式模型理论深化.md: 19 处
    F:\_src\formal-architecture\Analysis\01-理论体系\08-理论统一与整合.md: 10 处
    F:\_src\formal-architecture\Analysis\01-理论体系\09-实践应用开发.md: 13 处
    F:\_src\formal-architecture\Analysis\01-理论体系\10-概念定义与论证深化.md: 54 处
    F:\_src\formal-architecture\Analysis\01-理论体系\11-统一状态转换系统USTS.md: 12 处
    F:\_src\formal-architecture\Analysis\01-理论体系\12-统一模块化系统UMS.md: 12 处
    F:\_src\formal-architecture\Analysis\01-理论体系\13-理论映射与证明框架.md: 3 处
    F:\_src\formal-architecture\Analysis\01-知识梳理框架\02-FormalUnified目录内容分析.md: 4 处
    F:\_src\formal-architecture\Analysis\02-数学理论体系\00-数学理论体系总论-形式化规范版.md: 212 处
    F:\_src\formal-architecture\Analysis\02-数学理论体系\00-数学理论体系总论.md: 90 处
    F:\_src\formal-architecture\Analysis\02-数学理论体系\01-集合论基础.md: 32 处
    F:\_src\formal-architecture\Analysis\02-数学理论体系\03-分析基础.md: 5 处
    F:\_src\formal-architecture\Analysis\02-数学理论体系\03-概率统计基础.md: 21 处
    F:\_src\formal-architecture\Analysis\02-数学理论体系\04-几何基础.md: 9 处
    F:\_src\formal-architecture\Analysis\02-数学理论体系\04-分析基础.md: 9 处
    F:\_src\formal-architecture\Analysis\02-数学理论体系\04-拓扑基础.md: 46 处
    F:\_src\formal-architecture\Analysis\02-数学理论体系\05-拓扑基础.md: 46 处
    F:\_src\formal-architecture\Analysis\02-数学理论体系\05-概率统计基础.md: 21 处
    F:\_src\formal-architecture\Analysis\02-数学理论体系\05-范畴论基础.md: 62 处
    F:\_src\formal-architecture\Analysis\02-数学理论体系\06-数论基础.md: 48 处
    F:\_src\formal-architecture\Analysis\02-数学理论体系\06-范畴论基础.md: 62 处
    F:\_src\formal-architecture\Analysis\02-数学理论体系\07-数论基础.md: 48 处
    F:\_src\formal-architecture\Analysis\02-数学理论体系\10-组合数学基础.md: 3 处
    F:\_src\formal-architecture\Analysis\02-数学理论体系\11-组合数学基础.md: 3 处
    F:\_src\formal-architecture\Analysis\02-数学理论体系\12-概率论基础.md: 24 处
    F:\_src\formal-architecture\Analysis\02-数学理论体系\13-概率论基础.md: 24 处
    F:\_src\formal-architecture\Analysis\02-数学理论体系\15-博弈论基础.md: 13 处
    F:\_src\formal-architecture\Analysis\02-数学理论体系\16-优化理论基础.md: 14 处
    F:\_src\formal-architecture\Analysis\02-数学理论体系\16-博弈论基础.md: 13 处
    F:\_src\formal-architecture\Analysis\02-数学理论体系\17-优化理论基础.md: 14 处
    F:\_src\formal-architecture\Analysis\02-数学理论体系\17-控制理论基础.md: 21 处
    F:\_src\formal-architecture\Analysis\02-数学理论体系\18-控制理论基础.md: 21 处
    F:\_src\formal-architecture\Analysis\03-形式语言理论体系\01-自动机理论_原始.md: 30 处
    F:\_src\formal-architecture\Analysis\03-形式语言理论体系\01-自动机统一理论.md: 20 处
    F:\_src\formal-architecture\Analysis\03-形式语言理论体系\02-形式语法.md: 28 处
    F:\_src\formal-architecture\Analysis\03-形式语言理论体系\03-语义理论.md: 9 处
    F:\_src\formal-architecture\Analysis\03-形式语言理论体系\04-类型理论.md: 5 处
    F:\_src\formal-architecture\Analysis\03-形式语言理论体系\04-计算理论.md: 11 处
    F:\_src\formal-architecture\Analysis\03-形式语言理论体系\05-计算理论.md: 11 处
    F:\_src\formal-architecture\Analysis\03-形式语言理论体系\06-语言设计.md: 5 处
    F:\_src\formal-architecture\Analysis\03-形式语言理论体系\08-类型理论.md: 5 处
    F:\_src\formal-architecture\Analysis\04-形式模型理论体系\03-时序逻辑理论.md: 68 处
    F:\_src\formal-architecture\Analysis\04-形式模型理论体系\09-统一形式化验证系统理论.md: 28 处
    F:\_src\formal-architecture\Analysis\04-形式模型理论体系\FormalModel-Model-HoTT.md: 19 处
    F:\_src\formal-architecture\Analysis\04-形式模型理论体系\统一状态转换系统理论.md: 64 处
    F:\_src\formal-architecture\Analysis\04-形式模型理论体系\量子模块理论基础研究.md: 26 处
    F:\_src\formal-architecture\Analysis\04-形式模型理论体系\06-迁移内容临时区\08-混合系统理论.md: 68 处
    F:\_src\formal-architecture\Analysis\04-形式模型理论体系\06-迁移内容临时区\10-协议验证理论.md: 63 处
    F:\_src\formal-architecture\Analysis\04-形式模型理论体系\archive\01-状态机理论.md: 21 处
    F:\_src\formal-architecture\Analysis\04-形式模型理论体系\archive\02-Petri网理论.md: 22 处
    F:\_src\formal-architecture\Analysis\04-形式模型理论体系\archive\04-模型检查理论.md: 51 处
    F:\_src\formal-architecture\Analysis\04-形式模型理论体系\archive\06-进程代数理论.md: 63 处
    F:\_src\formal-architecture\Analysis\04-形式模型理论体系\archive\07-形式化方法理论.md: 47 处
    F:\_src\formal-architecture\Analysis\04-形式模型理论体系\archive\08-混合系统理论.md: 68 处
    F:\_src\formal-architecture\Analysis\04-形式模型理论体系\archive\09-系统建模理论.md: 65 处
    F:\_src\formal-architecture\Analysis\04-形式模型理论体系\archive\10-协议验证理论.md: 63 处
    F:\_src\formal-architecture\Analysis\04-软件架构理论体系\00-软件架构理论统一总论.md: 32 处
    F:\_src\formal-architecture\Analysis\04-软件架构理论体系\02-组件理论.md: 22 处
    F:\_src\formal-architecture\Analysis\04-软件架构理论体系\03-接口理论.md: 20 处
    F:\_src\formal-architecture\Analysis\04-软件架构理论体系\04-云原生架构理论.md: 6 处
    F:\_src\formal-architecture\Analysis\04-软件架构理论体系\04-分层与云原生架构理论.md: 53 处
    F:\_src\formal-architecture\Analysis\04-软件架构理论体系\04-分层架构理论.md: 26 处
    F:\_src\formal-architecture\Analysis\04-软件架构理论体系\06-WebAssembly架构理论.md: 8 处
    F:\_src\formal-architecture\Analysis\04-软件架构理论体系\06-微服务与WebAssembly架构理论.md: 27 处
    F:\_src\formal-architecture\Analysis\04-软件架构理论体系\06-微服务架构理论.md: 16 处
    F:\_src\formal-architecture\Analysis\04-软件架构理论体系\07-控制理论基础.md: 6 处
    F:\_src\formal-architecture\Analysis\04-软件架构理论体系\07-架构评估与工作流理论.md: 32 处
    F:\_src\formal-architecture\Analysis\04-软件架构理论体系\08-事件驱动架构理论.md: 18 处
    F:\_src\formal-architecture\Analysis\04-软件架构理论体系\09-安全架构理论.md: 14 处
    F:\_src\formal-architecture\Analysis\04-软件架构理论体系\10-统一架构质量系统理论.md: 40 处
    F:\_src\formal-architecture\Analysis\04-软件架构理论体系\UMS应用指南.md: 1 处
    F:\_src\formal-architecture\Analysis\04-软件架构理论体系\统一模块化系统理论.md: 145 处
    F:\_src\formal-architecture\Analysis\05-编程语言理论体系\00-编程语言理论统一总论.md: 2 处
    F:\_src\formal-architecture\Analysis\05-编程语言理论体系\01-语法与语言设计统一理论.md: 30 处
    F:\_src\formal-architecture\Analysis\05-编程语言理论体系\02-语义与语法统一理论.md: 36 处
    F:\_src\formal-architecture\Analysis\05-编程语言理论体系\02-语言设计理论.md: 6 处
    F:\_src\formal-architecture\Analysis\05-编程语言理论体系\03-并发编程理论.md: 5 处
    F:\_src\formal-architecture\Analysis\05-编程语言理论体系\03-类型统一理论.md: 31 处
    F:\_src\formal-architecture\Analysis\05-编程语言理论体系\04-函数式编程理论.md: 15 处
    F:\_src\formal-architecture\Analysis\05-编程语言理论体系\04-编译统一理论.md: 13 处
    F:\_src\formal-architecture\Analysis\05-编程语言理论体系\05-面向对象编程理论.md: 5 处
    F:\_src\formal-architecture\Analysis\05-编程语言理论体系\06-并发编程理论.md: 4 处
    F:\_src\formal-architecture\Analysis\05-编程语言理论体系\07-元编程理论.md: 5 处
    F:\_src\formal-architecture\Analysis\05-编程语言理论体系\07-统一并发运行时系统理论.md: 28 处
    F:\_src\formal-architecture\Analysis\05-编程语言理论体系\08-函数式编程理论.md: 36 处
    F:\_src\formal-architecture\Analysis\05-编程语言理论体系\09-面向对象编程理论.md: 19 处
    F:\_src\formal-architecture\Analysis\05-编程语言理论体系\10-类型系统前沿理论.md: 23 处
    F:\_src\formal-architecture\Analysis\05-编程语言理论体系\11-多范式编程理论.md: 10 处
    F:\_src\formal-architecture\Analysis\05-编程语言理论体系\Rust语言精髓\02-泛型与特征系统.md: 13 处
    F:\_src\formal-architecture\Analysis\05-编程语言理论体系\Rust语言精髓\04-异步编程与Future.md: 53 处
    F:\_src\formal-architecture\Analysis\06-软件架构理论体系\06-云原生架构理论.md: 1 处
    F:\_src\formal-architecture\Analysis\07-分布式与微服务\06-云原生架构理论.md: 1 处
    F:\_src\formal-architecture\Analysis\07-分布式与微服务\2.2-WorkflowDomain-建模与表达.md: 5 处
    F:\_src\formal-architecture\Analysis\07-分布式与微服务\2.7-WorkflowDomain-参考文献.md: 7 处
    F:\_src\formal-architecture\Analysis\07-分布式与微服务\04-软件架构理论体系\00-软件架构理论统一总论.md: 32 处
    F:\_src\formal-architecture\Analysis\07-分布式与微服务\04-软件架构理论体系\02-组件理论.md: 22 处
    F:\_src\formal-architecture\Analysis\07-分布式与微服务\04-软件架构理论体系\03-接口理论.md: 20 处
    F:\_src\formal-architecture\Analysis\07-分布式与微服务\04-软件架构理论体系\04-云原生架构理论.md: 6 处
    F:\_src\formal-architecture\Analysis\07-分布式与微服务\04-软件架构理论体系\04-分层与云原生架构理论.md: 53 处
    F:\_src\formal-architecture\Analysis\07-分布式与微服务\04-软件架构理论体系\04-分层架构理论.md: 26 处
    F:\_src\formal-architecture\Analysis\07-分布式与微服务\04-软件架构理论体系\06-WebAssembly架构理论.md: 8 处
    F:\_src\formal-architecture\Analysis\07-分布式与微服务\04-软件架构理论体系\06-微服务与WebAssembly架构理论.md: 27 处
    F:\_src\formal-architecture\Analysis\07-分布式与微服务\04-软件架构理论体系\06-微服务架构理论.md: 16 处
    F:\_src\formal-architecture\Analysis\07-分布式与微服务\04-软件架构理论体系\07-控制理论基础.md: 6 处
    F:\_src\formal-architecture\Analysis\07-分布式与微服务\04-软件架构理论体系\07-架构评估与工作流理论.md: 32 处
    F:\_src\formal-architecture\Analysis\07-分布式与微服务\04-软件架构理论体系\08-事件驱动架构理论.md: 18 处
    F:\_src\formal-architecture\Analysis\07-分布式与微服务\04-软件架构理论体系\09-安全架构理论.md: 14 处
    F:\_src\formal-architecture\Analysis\07-分布式与微服务\04-软件架构理论体系\10-统一架构质量系统理论.md: 40 处
    F:\_src\formal-architecture\Analysis\07-分布式与微服务\04-软件架构理论体系\UMS应用指南.md: 1 处
    F:\_src\formal-architecture\Analysis\07-分布式与微服务\04-软件架构理论体系\统一模块化系统理论.md: 145 处
    F:\_src\formal-architecture\Analysis\07-分布式与微服务\1.1-Microservice\1.1.1-Workflow\构建与编译优化.md: 2 处
    F:\_src\formal-architecture\Analysis\07-理论统一与整合\00-理论统一与整合总论.md: 79 处
    F:\_src\formal-architecture\Analysis\07-理论统一与整合\02-证明与验证技术映射研究.md: 9 处
    F:\_src\formal-architecture\Analysis\07-理论统一与整合\03-跨领域证明.md: 4 处
    F:\_src\formal-architecture\Analysis\07-理论统一与整合\03-运行时与并发理论合并分析.md: 27 处
    F:\_src\formal-architecture\Analysis\07-理论统一与整合\04-UCU案例分析_生产者消费者模型.md: 15 处
    F:\_src\formal-architecture\Analysis\07-理论统一与整合\04-应用框架.md: 7 处
    F:\_src\formal-architecture\Analysis\07-理论统一与整合\08-统一理论表示系统理论.md: 29 处
    F:\_src\formal-architecture\Analysis\07-理论统一与整合\09-统一知识表示系统理论.md: 73 处
    F:\_src\formal-architecture\Analysis\07-理论统一与整合\10-统一算法数据结构理论.md: 91 处
    F:\_src\formal-architecture\Analysis\07-理论统一与整合\11-统一设计架构模式系统理论.md: 8 处
    F:\_src\formal-architecture\Analysis\07-理论统一与整合\12-统一测试验证系统理论.md: 41 处
    F:\_src\formal-architecture\Analysis\07-理论统一与整合\13-统一编译解释系统理论.md: 35 处
    F:\_src\formal-architecture\Analysis\07-理论统一与整合\14-统一数据管理系统理论.md: 37 处
    F:\_src\formal-architecture\Analysis\07-理论统一与整合\15-统一网络通信系统理论.md: 52 处
    F:\_src\formal-architecture\Analysis\07-理论统一与整合\16-统一安全密码系统理论.md: 40 处
    F:\_src\formal-architecture\Analysis\07-理论统一与整合\17-统一智能系统理论.md: 9 处
    F:\_src\formal-architecture\Analysis\07-理论统一与整合\18-统一操作系统软件理论.md: 10 处
    F:\_src\formal-architecture\Analysis\07-理论统一与整合\19-统一计算系统理论.md: 115 处
    F:\_src\formal-architecture\Analysis\07-理论统一与整合\20-统一分布式共识系统理论.md: 56 处
    F:\_src\formal-architecture\Analysis\07-理论统一与整合\21-统一边缘云系统理论.md: 138 处
    F:\_src\formal-architecture\Analysis\07-理论统一与整合\统一理论知识图谱分析.md: 2 处
    F:\_src\formal-architecture\Analysis\08-实践应用开发\00-实践应用开发总论.md: 12 处
    F:\_src\formal-architecture\Analysis\08-实践应用开发\04-形式化方法在AI安全中的应用初探.md: 58 处
    F:\_src\formal-architecture\Analysis\08-实践应用开发\2.1-WorkflowDomain-理论基础.md: 25 处
    F:\_src\formal-architecture\Analysis\08-实践应用开发\2.2-WorkflowDomain-建模与表达.md: 5 处
    F:\_src\formal-architecture\Analysis\08-实践应用开发\2.6-WorkflowDomain-图表与分析.md: 5 处
    F:\_src\formal-architecture\Analysis\08-实践应用开发\2.7-WorkflowDomain-参考文献.md: 7 处
    F:\_src\formal-architecture\Analysis\08-实践应用开发\软件工程理论与实践体系\00-软件工程理论与实践体系总论.md: 27 处
    F:\_src\formal-architecture\Analysis\08-实践应用开发\软件工程理论与实践体系\02-领域定义语言与协议架构DSL.md: 2 处
    F:\_src\formal-architecture\Analysis\08-实践应用开发\软件工程理论与实践体系\02-Rust工程与自动化创新\1.5-CI_CD与DevOps实践.md
: 1 处
    F:\_src\formal-architecture\Analysis\08-实践应用开发\软件工程理论与实践体系\03-协议_DSL_自动化生成\03-API规范与DSL\02-在Kube
rnetes中使用OpenAPI定义CRD.md: 1 处
    F:\_src\formal-architecture\Analysis\08-实践应用开发\软件工程理论与实践体系\03-协议_DSL_自动化生成\03-API规范与DSL\03-Proto
buf与gRPC入门.md: 2 处
    F:\_src\formal-architecture\Analysis\08-实践应用开发\软件工程理论与实践体系\03-协议_DSL_自动化生成\03-API规范与DSL\04-Graph
QL与自动化工具链.md: 2 处
    F:\_src\formal-architecture\Analysis\08-实践应用开发\软件工程理论与实践体系\03-协议_DSL_自动化生成\03-API规范与DSL\05-Async
API与事件驱动架构自动化.md: 3 处
    F:\_src\formal-architecture\Analysis\08-实践应用开发\软件工程理论与实践体系\04-分布式系统与微服务架构\01-理论基础\01-系统与故障模型.md:
 43 处
    F:\_src\formal-architecture\Analysis\08-实践应用开发\软件工程理论与实践体系\04-分布式系统与微服务架构\02-核心算法\00-共识算法概览.md: 
9 处
    F:\_src\formal-architecture\Analysis\08-实践应用开发\软件工程理论与实践体系\04-分布式系统与微服务架构\03-架构模式\01-微服务架构核心原则与模
式.md: 2 处
    F:\_src\formal-architecture\Analysis\08-实践应用开发\软件工程理论与实践体系\04-分布式系统与微服务架构\04-关键组件与实践\01-服务发现与注册(
Consul_Etcd).md: 3 处
    F:\_src\formal-architecture\Analysis\08-实践应用开发\软件工程理论与实践体系\07-AI自动生成与工程创新\01-AI生成与抽象\04-创造性系统的形式
化分析.md: 1 处
    F:\_src\formal-architecture\Analysis\08-实践应用开发\软件工程理论与实践体系\08-行业应用与最佳实践\01-物联网(IoT)\05-模块化IoT框架设
计(Java).md: 62 处
    F:\_src\formal-architecture\Analysis\08-实践应用开发\软件工程理论与实践体系\08-行业应用与最佳实践\02-金融科技(FinTech)\01-支付网关
的财务服务设计(Rust).md: 38 处
    F:\_src\formal-architecture\Analysis\08-实践应用开发\软件工程理论与实践体系\08-行业应用与最佳实践\02-金融科技(FinTech)\02-P2P去
中心化金融借贷模型(Rust).md: 265 处
    F:\_src\formal-architecture\Analysis\08-实践应用开发\软件工程理论与实践体系\08-行业应用与最佳实践\02-金融科技(FinTech)\04-财务审批
工作流模式.md: 4 处
    F:\_src\formal-architecture\Analysis\08-实践应用开发\软件工程理论与实践体系\08-行业应用与最佳实践\02-金融科技(FinTech)\05-金融系统
的范畴论形式化分析.md: 611 处
    F:\_src\formal-architecture\Analysis\08-实践应用开发\软件工程理论与实践体系\09-容器化与云原生部署\01-容器技术发展趋势与前沿分析.md: 45 
处
    F:\_src\formal-architecture\Analysis\09-索引与导航\形式化架构理论导航图.md: 90 处
    F:\_src\formal-architecture\Analysis\09-索引与导航\形式化架构理论知识图谱-v62.md: 4 处
    F:\_src\formal-architecture\Analysis\09-索引与导航\技术实现方案-v69.md: 2 处
    F:\_src\formal-architecture\Analysis\09-索引与导航\archive\知识图谱系统使用指南.md: 1 处
    F:\_src\formal-architecture\Analysis\11-理论统一与整合\01-理论体系总论.md: 3 处
    F:\_src\formal-architecture\Analysis\11-理论统一与整合\2.1-WorkflowDomain-理论基础.md: 25 处
    F:\_src\formal-architecture\Analysis\11-理论统一与整合\形式化架构理论统一项目概览.md: 2 处
    F:\_src\formal-architecture\Analysis\11-理论统一与整合\状态机与Petri网理论合并执行计划-v68.md: 46 处
    F:\_src\formal-architecture\Analysis\11-理论统一与整合\状态机与Petri网理论统一合并计划-v62.md: 21 处
    F:\_src\formal-architecture\Analysis\11-理论统一与整合\组件理论与接口理论合并执行计划.md: 8 处
    F:\_src\formal-architecture\Analysis\11-理论统一与整合\组件理论与接口理论概念映射-v62.md: 50 处
    F:\_src\formal-architecture\Analysis\11-理论统一与整合\统一形式化架构理论项目进展-v62.md: 2 处
    F:\_src\formal-architecture\Analysis\11-理论统一与整合\统一模块化系统理论-概念映射.md: 36 处
    F:\_src\formal-architecture\Analysis\11-理论统一与整合\统一状态转换系统理论-概念映射.md: 43 处
    F:\_src\formal-architecture\Analysis\11-理论统一与整合\统一状态转换系统理论.md: 72 处
    F:\_src\formal-architecture\Analysis\11-理论统一与整合\统一状态转换系统理论开发总结.md: 13 处
    F:\_src\formal-architecture\Analysis\11-理论统一与整合\量子模块理论基础研究.md: 26 处
    F:\_src\formal-architecture\Analysis\11-理论统一与整合\01-理论体系\01-统一形式理论综合.md: 9 处
    F:\_src\formal-architecture\Analysis\11-理论统一与整合\01-理论体系\03-时序逻辑控制深化.md: 37 处
    F:\_src\formal-architecture\Analysis\11-理论统一与整合\01-理论体系\04-Petri网与控制论.md: 22 处
    F:\_src\formal-architecture\Analysis\11-理论统一与整合\01-理论体系\05-线性仿射时序类型理论.md: 26 处
    F:\_src\formal-architecture\Analysis\11-理论统一与整合\01-理论体系\06-形式语言理论深化.md: 20 处
    F:\_src\formal-architecture\Analysis\11-理论统一与整合\01-理论体系\07-形式模型理论深化.md: 19 处
    F:\_src\formal-architecture\Analysis\11-理论统一与整合\01-理论体系\08-理论统一与整合.md: 10 处
    F:\_src\formal-architecture\Analysis\11-理论统一与整合\01-理论体系\09-实践应用开发.md: 13 处
    F:\_src\formal-architecture\Analysis\11-理论统一与整合\01-理论体系\10-概念定义与论证深化.md: 54 处
    F:\_src\formal-architecture\Analysis\11-理论统一与整合\01-理论体系\11-统一状态转换系统USTS.md: 12 处
    F:\_src\formal-architecture\Analysis\11-理论统一与整合\01-理论体系\12-统一模块化系统UMS.md: 12 处
    F:\_src\formal-architecture\Analysis\11-理论统一与整合\01-理论体系\13-理论映射与证明框架.md: 3 处
    F:\_src\formal-architecture\Analysis\11-理论统一与整合\07-理论统一与整合\00-理论统一与整合总论.md: 79 处
    F:\_src\formal-architecture\Analysis\11-理论统一与整合\07-理论统一与整合\02-证明与验证技术映射研究.md: 9 处
    F:\_src\formal-architecture\Analysis\11-理论统一与整合\07-理论统一与整合\03-跨领域证明.md: 4 处
    F:\_src\formal-architecture\Analysis\11-理论统一与整合\07-理论统一与整合\03-运行时与并发理论合并分析.md: 27 处
    F:\_src\formal-architecture\Analysis\11-理论统一与整合\07-理论统一与整合\04-UCU案例分析_生产者消费者模型.md: 15 处
    F:\_src\formal-architecture\Analysis\11-理论统一与整合\07-理论统一与整合\04-应用框架.md: 7 处
    F:\_src\formal-architecture\Analysis\11-理论统一与整合\07-理论统一与整合\08-统一理论表示系统理论.md: 29 处
    F:\_src\formal-architecture\Analysis\11-理论统一与整合\07-理论统一与整合\09-统一知识表示系统理论.md: 73 处
    F:\_src\formal-architecture\Analysis\11-理论统一与整合\07-理论统一与整合\10-统一算法数据结构理论.md: 91 处
    F:\_src\formal-architecture\Analysis\11-理论统一与整合\07-理论统一与整合\11-统一设计架构模式系统理论.md: 8 处
    F:\_src\formal-architecture\Analysis\11-理论统一与整合\07-理论统一与整合\12-统一测试验证系统理论.md: 41 处
    F:\_src\formal-architecture\Analysis\11-理论统一与整合\07-理论统一与整合\13-统一编译解释系统理论.md: 35 处
    F:\_src\formal-architecture\Analysis\11-理论统一与整合\07-理论统一与整合\14-统一数据管理系统理论.md: 37 处
    F:\_src\formal-architecture\Analysis\11-理论统一与整合\07-理论统一与整合\15-统一网络通信系统理论.md: 52 处
    F:\_src\formal-architecture\Analysis\11-理论统一与整合\07-理论统一与整合\16-统一安全密码系统理论.md: 40 处
    F:\_src\formal-architecture\Analysis\11-理论统一与整合\07-理论统一与整合\17-统一智能系统理论.md: 9 处
    F:\_src\formal-architecture\Analysis\11-理论统一与整合\07-理论统一与整合\18-统一操作系统软件理论.md: 10 处
    F:\_src\formal-architecture\Analysis\11-理论统一与整合\07-理论统一与整合\19-统一计算系统理论.md: 115 处
    F:\_src\formal-architecture\Analysis\11-理论统一与整合\07-理论统一与整合\20-统一分布式共识系统理论.md: 56 处
    F:\_src\formal-architecture\Analysis\11-理论统一与整合\07-理论统一与整合\21-统一边缘云系统理论.md: 138 处
    F:\_src\formal-architecture\Analysis\11-理论统一与整合\07-理论统一与整合\统一理论知识图谱分析.md: 2 处
    F:\_src\formal-architecture\Analysis\13-项目报告与总结\UCS理论合并完成报告.md: 1 处
    F:\_src\formal-architecture\Analysis\13-项目报告与总结\UDCS理论合并完成报告.md: 1 处
    F:\_src\formal-architecture\Analysis\13-项目报告与总结\UECS理论合并完成报告.md: 61 处
    F:\_src\formal-architecture\Analysis\13-项目报告与总结\UMS理论合并完成报告.md: 1 处
    F:\_src\formal-architecture\Analysis\13-项目报告与总结\形式化架构理论统一计划-v67.md: 27 处
    F:\_src\formal-architecture\Analysis\13-项目报告与总结\形式化架构理论统一项目完成总结报告.md: 4 处
    F:\_src\formal-architecture\Analysis\13-项目报告与总结\形式化架构理论统一项目概览.md: 2 处
    F:\_src\formal-architecture\Analysis\13-项目报告与总结\形式化架构理论统一项目计划-v62.md: 172 处
    F:\_src\formal-architecture\Analysis\13-项目报告与总结\形式化架构理论项目统一计划-v62.md: 112 处
    F:\_src\formal-architecture\Analysis\13-项目报告与总结\状态机与Petri网理论合并执行计划-v68.md: 46 处
    F:\_src\formal-architecture\Analysis\13-项目报告与总结\状态机与Petri网理论统一合并计划-v62.md: 21 处
    F:\_src\formal-architecture\Analysis\13-项目报告与总结\组件理论与接口理论合并执行计划.md: 8 处
    F:\_src\formal-architecture\Analysis\13-项目报告与总结\统一形式化架构理论项目计划-v62.md: 17 处
    F:\_src\formal-architecture\Analysis\13-项目报告与总结\统一形式化架构理论项目进展-v62.md: 2 处
    F:\_src\formal-architecture\Analysis\13-项目报告与总结\递归合并执行计划.md: 3 处
    F:\_src\formal-architecture\Analysis\13-项目报告与总结\项目最终完成总结报告.md: 4 处
    F:\_src\formal-architecture\Analysis\13-项目报告与总结\项目进展报告-v62.md: 2 处
    F:\_src\formal-architecture\Analysis\软件工程理论与实践体系\00-软件工程理论与实践体系总论.md: 27 处
    F:\_src\formal-architecture\Analysis\软件工程理论与实践体系\02-领域定义语言与协议架构DSL.md: 2 处
    F:\_src\formal-architecture\Analysis\软件工程理论与实践体系\03-自动化生成与工程工具链-完善版.md: 2 处
    F:\_src\formal-architecture\Analysis\软件工程理论与实践体系\02-Rust工程与自动化创新\1.5-CI_CD与DevOps实践.md: 1 处
    F:\_src\formal-architecture\Analysis\软件工程理论与实践体系\03-协议_DSL_自动化生成\03-API规范与DSL\02-在Kubernetes中使用O
penAPI定义CRD.md: 1 处
    F:\_src\formal-architecture\Analysis\软件工程理论与实践体系\03-协议_DSL_自动化生成\03-API规范与DSL\03-Protobuf与gRPC入门
.md: 2 处
    F:\_src\formal-architecture\Analysis\软件工程理论与实践体系\03-协议_DSL_自动化生成\03-API规范与DSL\04-GraphQL与自动化工具链.
md: 2 处
    F:\_src\formal-architecture\Analysis\软件工程理论与实践体系\03-协议_DSL_自动化生成\03-API规范与DSL\05-AsyncAPI与事件驱动架构
自动化.md: 3 处
    F:\_src\formal-architecture\Analysis\软件工程理论与实践体系\04-分布式系统与微服务架构\01-理论基础\01-系统与故障模型.md: 43 处
    F:\_src\formal-architecture\Analysis\软件工程理论与实践体系\04-分布式系统与微服务架构\02-核心算法\00-共识算法概览.md: 9 处
    F:\_src\formal-architecture\Analysis\软件工程理论与实践体系\04-分布式系统与微服务架构\03-架构模式\01-微服务架构核心原则与模式.md: 2 处
    F:\_src\formal-architecture\Analysis\软件工程理论与实践体系\04-分布式系统与微服务架构\04-关键组件与实践\01-服务发现与注册(Consul_Etc
d).md: 3 处
    F:\_src\formal-architecture\Analysis\软件工程理论与实践体系\07-AI自动生成与工程创新\01-AI生成与抽象\04-创造性系统的形式化分析.md: 1 
处
    F:\_src\formal-architecture\Analysis\软件工程理论与实践体系\08-行业应用与最佳实践\01-物联网(IoT)\05-模块化IoT框架设计(Java).md
: 62 处
    F:\_src\formal-architecture\Analysis\软件工程理论与实践体系\08-行业应用与最佳实践\02-金融科技(FinTech)\01-支付网关的财务服务设计(Ru
st).md: 38 处
    F:\_src\formal-architecture\Analysis\软件工程理论与实践体系\08-行业应用与最佳实践\02-金融科技(FinTech)\02-P2P去中心化金融借贷模型(
Rust).md: 265 处
    F:\_src\formal-architecture\Analysis\软件工程理论与实践体系\08-行业应用与最佳实践\02-金融科技(FinTech)\04-财务审批工作流模式.md: 
4 处
    F:\_src\formal-architecture\Analysis\软件工程理论与实践体系\08-行业应用与最佳实践\02-金融科技(FinTech)\05-金融系统的范畴论形式化分析.
md: 611 处
    F:\_src\formal-architecture\Analysis\软件工程理论与实践体系\09-容器化与云原生部署\01-容器技术发展趋势与前沿分析.md: 45 处
检查形式化表示: 形式化定义
  形式化表示 '形式化定义' 在 372 个文件中找到:
    F:\_src\formal-architecture\Analysis\00-主题树与内容索引.md: 2 处
    F:\_src\formal-architecture\Analysis\00-统一术语与定义规范.md: 11 处
    F:\_src\formal-architecture\Analysis\2025年国际标准对齐框架-最终版.md: 1 处
    F:\_src\formal-architecture\Analysis\2025年文档体系完善报告-最终版.md: 1 处
    F:\_src\formal-architecture\Analysis\2025年质量保证框架-ISO-IEC-25010标准版.md: 20 处
    F:\_src\formal-architecture\Analysis\2025年质量验证与完善报告-最终版.md: 1 处
    F:\_src\formal-architecture\Analysis\多任务推进完成总结报告.md: 1 处
    F:\_src\formal-architecture\Analysis\00-总览与导航\00-主题树与内容索引.md: 2 处
    F:\_src\formal-architecture\Analysis\00-总览与导航\00-形式化架构理论统一计划-持续推进版.md: 1 处
    F:\_src\formal-architecture\Analysis\00-总览与导航\国际标准对齐与完善计划.md: 1 处
    F:\_src\formal-architecture\Analysis\00-总览与导航\持续改进和版本管理机制.md: 6 处
    F:\_src\formal-architecture\Analysis\00-总览与导航\01-知识梳理框架\02-FormalUnified目录内容分析.md: 5 处
    F:\_src\formal-architecture\Analysis\01-哲学基础理论\01-本体论基础-整合版.md: 3 处
    F:\_src\formal-architecture\Analysis\01-哲学基础理论\05-形而上学基础.md: 1 处
    F:\_src\formal-architecture\Analysis\01-哲学基础理论\06-形而上学基础.md: 1 处
    F:\_src\formal-architecture\Analysis\01-哲学基础理论\07-语言哲学基础.md: 1 处
    F:\_src\formal-architecture\Analysis\01-哲学基础理论\10-技术哲学基础.md: 1 处
    F:\_src\formal-architecture\Analysis\01-哲学基础理论\10-语言哲学基础.md: 1 处
    F:\_src\formal-architecture\Analysis\01-哲学基础理论\11-信息哲学基础.md: 1 处
    F:\_src\formal-architecture\Analysis\01-哲学基础理论\13-技术哲学基础.md: 1 处
    F:\_src\formal-architecture\Analysis\01-哲学基础理论\14-信息哲学基础.md: 1 处
    F:\_src\formal-architecture\Analysis\01-理论体系\05-线性仿射时序类型理论.md: 1 处
    F:\_src\formal-architecture\Analysis\01-理论体系\10-概念定义与论证深化.md: 6 处
    F:\_src\formal-architecture\Analysis\01-理论体系\11-统一状态转换系统USTS.md: 5 处
    F:\_src\formal-architecture\Analysis\01-理论体系\12-统一模块化系统UMS.md: 4 处
    F:\_src\formal-architecture\Analysis\01-理论体系\13-理论映射与证明框架.md: 3 处
    F:\_src\formal-architecture\Analysis\01-知识梳理框架\02-FormalUnified目录内容分析.md: 5 处
    F:\_src\formal-architecture\Analysis\02-数学理论体系\00-数学理论体系总论-形式化规范版.md: 3 处
    F:\_src\formal-architecture\Analysis\02-数学理论体系\00-数学理论体系总论.md: 2 处
    F:\_src\formal-architecture\Analysis\02-数学理论体系\03-分析基础.md: 1 处
    F:\_src\formal-architecture\Analysis\02-数学理论体系\03-概率统计基础.md: 12 处
    F:\_src\formal-architecture\Analysis\02-数学理论体系\04-几何基础.md: 1 处
    F:\_src\formal-architecture\Analysis\02-数学理论体系\05-概率统计基础.md: 12 处
    F:\_src\formal-architecture\Analysis\02-数学理论体系\05-范畴论基础.md: 2 处
    F:\_src\formal-architecture\Analysis\02-数学理论体系\06-数论基础.md: 3 处
    F:\_src\formal-architecture\Analysis\02-数学理论体系\06-范畴论基础.md: 2 处
    F:\_src\formal-architecture\Analysis\02-数学理论体系\07-数论基础.md: 3 处
    F:\_src\formal-architecture\Analysis\02-数学理论体系\09-数论基础.md: 2 处
    F:\_src\formal-architecture\Analysis\02-数学理论体系\10-数论基础.md: 2 处
    F:\_src\formal-architecture\Analysis\02-数学理论体系\11-离散数学基础.md: 5 处
    F:\_src\formal-architecture\Analysis\02-数学理论体系\12-离散数学基础.md: 5 处
    F:\_src\formal-architecture\Analysis\02-数学理论体系\15-博弈论基础.md: 4 处
    F:\_src\formal-architecture\Analysis\02-数学理论体系\16-博弈论基础.md: 4 处
    F:\_src\formal-architecture\Analysis\02-数学理论体系\category-theory\2-核心概念.md: 1 处
    F:\_src\formal-architecture\Analysis\02-数学理论体系\category-theory\3-典型方法.md: 2 处
    F:\_src\formal-architecture\Analysis\03-形式语言理论体系\00-形式语言理论体系总论-整合版.md: 1 处
    F:\_src\formal-architecture\Analysis\03-形式语言理论体系\00-形式语言理论统一总论.md: 5 处
    F:\_src\formal-architecture\Analysis\03-形式语言理论体系\00a-形式语言的多维批判性分析.md: 7 处
    F:\_src\formal-architecture\Analysis\03-形式语言理论体系\01-自动机理论_原始.md: 3 处
    F:\_src\formal-architecture\Analysis\03-形式语言理论体系\01-自动机统一理论.md: 5 处
    F:\_src\formal-architecture\Analysis\03-形式语言理论体系\02-形式语法.md: 9 处
    F:\_src\formal-architecture\Analysis\03-形式语言理论体系\03-语义理论.md: 13 处
    F:\_src\formal-architecture\Analysis\03-形式语言理论体系\04-计算理论.md: 10 处
    F:\_src\formal-architecture\Analysis\03-形式语言理论体系\05-计算理论.md: 10 处
    F:\_src\formal-architecture\Analysis\03-形式语言理论体系\05-语言理论应用.md: 1 处
    F:\_src\formal-architecture\Analysis\03-形式语言理论体系\06-语言理论验证.md: 1 处
    F:\_src\formal-architecture\Analysis\03-形式语言理论体系\06-语言设计.md: 7 处
    F:\_src\formal-architecture\Analysis\03-形式语言理论体系\07-时序逻辑与模型检测.md: 1 处
    F:\_src\formal-architecture\Analysis\03-形式语言理论体系\08-语言理论验证.md: 1 处
    F:\_src\formal-architecture\Analysis\04-形式模型理论体系\00-形式模型理论体系总论-整合版.md: 4 处
    F:\_src\formal-architecture\Analysis\04-形式模型理论体系\00-形式模型理论统一总论.md: 9 处
    F:\_src\formal-architecture\Analysis\04-形式模型理论体系\01-状态机理论.md: 1 处
    F:\_src\formal-architecture\Analysis\04-形式模型理论体系\03-时序逻辑理论.md: 1 处
    F:\_src\formal-architecture\Analysis\04-形式模型理论体系\05-模型转换理论.md: 1 处
    F:\_src\formal-architecture\Analysis\04-形式模型理论体系\07-模型优化理论.md: 1 处
    F:\_src\formal-architecture\Analysis\04-形式模型理论体系\09-统一形式化验证系统理论.md: 1 处
    F:\_src\formal-architecture\Analysis\04-形式模型理论体系\FormalModel-Model-HoTT.md: 2 处
    F:\_src\formal-architecture\Analysis\04-形式模型理论体系\FormalModel-Software-WorkFlow.md: 6 处
    F:\_src\formal-architecture\Analysis\04-形式模型理论体系\统一状态转换系统理论.md: 13 处
    F:\_src\formal-architecture\Analysis\04-形式模型理论体系\量子模块理论基础研究.md: 6 处
    F:\_src\formal-architecture\Analysis\04-形式模型理论体系\06-迁移内容临时区\08-混合系统理论.md: 1 处
    F:\_src\formal-architecture\Analysis\04-形式模型理论体系\06-迁移内容临时区\10-协议验证理论.md: 1 处
    F:\_src\formal-architecture\Analysis\04-形式模型理论体系\archive\01-状态机理论.md: 1 处
    F:\_src\formal-architecture\Analysis\04-形式模型理论体系\archive\02-Petri网理论.md: 1 处
    F:\_src\formal-architecture\Analysis\04-形式模型理论体系\archive\04-模型检查理论.md: 3 处
    F:\_src\formal-architecture\Analysis\04-形式模型理论体系\archive\05-自动机理论.md: 1 处
    F:\_src\formal-architecture\Analysis\04-形式模型理论体系\archive\06-进程代数理论.md: 1 处
    F:\_src\formal-architecture\Analysis\04-形式模型理论体系\archive\07-形式化方法理论.md: 1 处
    F:\_src\formal-architecture\Analysis\04-形式模型理论体系\archive\08-混合系统理论.md: 1 处
    F:\_src\formal-architecture\Analysis\04-形式模型理论体系\archive\09-系统建模理论.md: 1 处
    F:\_src\formal-architecture\Analysis\04-形式模型理论体系\archive\10-协议验证理论.md: 1 处
    F:\_src\formal-architecture\Analysis\04-软件架构理论体系\00-软件架构理论体系总论-整合版.md: 1 处
    F:\_src\formal-architecture\Analysis\04-软件架构理论体系\00-软件架构理论统一总论.md: 3 处
    F:\_src\formal-architecture\Analysis\04-软件架构理论体系\02-组件理论.md: 1 处
    F:\_src\formal-architecture\Analysis\04-软件架构理论体系\02a-认证授权组件化架构深度解析.md: 5 处
    F:\_src\formal-architecture\Analysis\04-软件架构理论体系\03-接口理论.md: 1 处
    F:\_src\formal-architecture\Analysis\04-软件架构理论体系\04-分层与云原生架构理论.md: 1 处
    F:\_src\formal-architecture\Analysis\04-软件架构理论体系\04-分层架构理论.md: 1 处
    F:\_src\formal-architecture\Analysis\04-软件架构理论体系\06-微服务与WebAssembly架构理论.md: 3 处
    F:\_src\formal-architecture\Analysis\04-软件架构理论体系\06-微服务架构理论.md: 5 处
    F:\_src\formal-architecture\Analysis\04-软件架构理论体系\07-工作流架构理论.md: 3 处
    F:\_src\formal-architecture\Analysis\04-软件架构理论体系\07-控制理论基础.md: 2 处
    F:\_src\formal-architecture\Analysis\04-软件架构理论体系\07-架构评估与工作流理论.md: 3 处
    F:\_src\formal-architecture\Analysis\04-软件架构理论体系\08-事件驱动架构理论.md: 1 处
    F:\_src\formal-architecture\Analysis\04-软件架构理论体系\09-安全架构理论.md: 1 处
    F:\_src\formal-architecture\Analysis\04-软件架构理论体系\UMS应用指南.md: 1 处
    F:\_src\formal-architecture\Analysis\04-软件架构理论体系\统一模块化系统理论.md: 12 处
    F:\_src\formal-architecture\Analysis\05-编程语言理论体系\00-编程语言理论统一总论.md: 3 处
    F:\_src\formal-architecture\Analysis\05-编程语言理论体系\01-类型理论.md: 1 处
    F:\_src\formal-architecture\Analysis\05-编程语言理论体系\01-语法与语言设计统一理论.md: 8 处
    F:\_src\formal-architecture\Analysis\05-编程语言理论体系\01-语法理论.md: 1 处
    F:\_src\formal-architecture\Analysis\05-编程语言理论体系\02-语义与语法统一理论.md: 4 处
    F:\_src\formal-architecture\Analysis\05-编程语言理论体系\02-语言设计理论.md: 1 处
    F:\_src\formal-architecture\Analysis\05-编程语言理论体系\03-并发模型.md: 1 处
    F:\_src\formal-architecture\Analysis\05-编程语言理论体系\03-并发编程理论.md: 9 处
    F:\_src\formal-architecture\Analysis\05-编程语言理论体系\03-类型统一理论.md: 6 处
    F:\_src\formal-architecture\Analysis\05-编程语言理论体系\03-编译器理论.md: 1 处
    F:\_src\formal-architecture\Analysis\05-编程语言理论体系\04-函数式编程理论.md: 15 处
    F:\_src\formal-architecture\Analysis\05-编程语言理论体系\04-类型系统.md: 1 处
    F:\_src\formal-architecture\Analysis\05-编程语言理论体系\04-编译理论.md: 1 处
    F:\_src\formal-architecture\Analysis\05-编程语言理论体系\04-编译统一理论.md: 9 处
    F:\_src\formal-architecture\Analysis\05-编程语言理论体系\05-面向对象编程理论.md: 6 处
    F:\_src\formal-architecture\Analysis\05-编程语言理论体系\06-并发编程理论.md: 6 处
    F:\_src\formal-architecture\Analysis\05-编程语言理论体系\07-元编程理论.md: 13 处
    F:\_src\formal-architecture\Analysis\05-编程语言理论体系\07-统一并发运行时系统理论.md: 1 处
    F:\_src\formal-architecture\Analysis\05-编程语言理论体系\07-语言设计理论.md: 1 处
    F:\_src\formal-architecture\Analysis\05-编程语言理论体系\08-函数式编程理论.md: 7 处
    F:\_src\formal-architecture\Analysis\05-编程语言理论体系\09-面向对象编程理论.md: 1 处
    F:\_src\formal-architecture\Analysis\05-编程语言理论体系\10-类型系统前沿理论.md: 2 处
    F:\_src\formal-architecture\Analysis\05-编程语言理论体系\11-多范式编程理论.md: 2 处
    F:\_src\formal-architecture\Analysis\05-编程语言理论体系\Rust语言精髓\01-所有权系统多维度分析.md: 1 处
    F:\_src\formal-architecture\Analysis\05-编程语言理论体系\Rust语言精髓\02-泛型与特征系统.md: 5 处
    F:\_src\formal-architecture\Analysis\05-编程语言理论体系\Rust语言精髓\03-并发模型与SendSync.md: 2 处
    F:\_src\formal-architecture\Analysis\05-编程语言理论体系\Rust语言精髓\04-异步编程与Future.md: 17 处
    F:\_src\formal-architecture\Analysis\06-软件架构理论体系\00-软件架构理论体系总论-整合版.md: 1 处
    F:\_src\formal-architecture\Analysis\06-软件架构理论体系\00-软件架构理论体系总论.md: 7 处
    F:\_src\formal-architecture\Analysis\06-软件架构理论体系\07-事件驱动架构理论.md: 1 处
    F:\_src\formal-architecture\Analysis\06-软件架构理论体系\软件架构基础设施分析.md: 4 处
    F:\_src\formal-architecture\Analysis\07-分布式与微服务\00-分布式与微服务理论体系总论-整合版.md: 5 处
    F:\_src\formal-architecture\Analysis\07-分布式与微服务\01-分布式系统理论.md: 1 处
    F:\_src\formal-architecture\Analysis\07-分布式与微服务\07-事件驱动架构理论.md: 1 处
    F:\_src\formal-architecture\Analysis\07-分布式与微服务\2.2-WorkflowDomain-建模与表达.md: 1 处
    F:\_src\formal-architecture\Analysis\07-分布式与微服务\2.4-WorkflowDomain-微服务集成.md: 5 处
    F:\_src\formal-architecture\Analysis\07-分布式与微服务\04-软件架构理论体系\00-软件架构理论统一总论.md: 2 处
    F:\_src\formal-architecture\Analysis\07-分布式与微服务\04-软件架构理论体系\02-组件理论.md: 1 处
    F:\_src\formal-architecture\Analysis\07-分布式与微服务\04-软件架构理论体系\02a-认证授权组件化架构深度解析.md: 5 处
    F:\_src\formal-architecture\Analysis\07-分布式与微服务\04-软件架构理论体系\03-接口理论.md: 1 处
    F:\_src\formal-architecture\Analysis\07-分布式与微服务\04-软件架构理论体系\04-分层与云原生架构理论.md: 1 处
    F:\_src\formal-architecture\Analysis\07-分布式与微服务\04-软件架构理论体系\04-分层架构理论.md: 1 处
    F:\_src\formal-architecture\Analysis\07-分布式与微服务\04-软件架构理论体系\06-微服务与WebAssembly架构理论.md: 3 处
    F:\_src\formal-architecture\Analysis\07-分布式与微服务\04-软件架构理论体系\06-微服务架构理论.md: 5 处
    F:\_src\formal-architecture\Analysis\07-分布式与微服务\04-软件架构理论体系\07-工作流架构理论.md: 3 处
    F:\_src\formal-architecture\Analysis\07-分布式与微服务\04-软件架构理论体系\07-控制理论基础.md: 2 处
    F:\_src\formal-architecture\Analysis\07-分布式与微服务\04-软件架构理论体系\07-架构评估与工作流理论.md: 3 处
    F:\_src\formal-architecture\Analysis\07-分布式与微服务\04-软件架构理论体系\08-事件驱动架构理论.md: 1 处
    F:\_src\formal-architecture\Analysis\07-分布式与微服务\04-软件架构理论体系\09-安全架构理论.md: 1 处
    F:\_src\formal-architecture\Analysis\07-分布式与微服务\04-软件架构理论体系\UMS应用指南.md: 1 处
    F:\_src\formal-architecture\Analysis\07-分布式与微服务\04-软件架构理论体系\统一模块化系统理论.md: 12 处
    F:\_src\formal-architecture\Analysis\07-分布式与微服务\1.1-Microservice\1.2-WorkflowDomain.md: 1 处
    F:\_src\formal-architecture\Analysis\07-分布式与微服务\1.1-Microservice\1.4-Component.md: 1 处
    F:\_src\formal-architecture\Analysis\07-分布式与微服务\1.1-Microservice\1.1.1-Workflow\Gin微服务设计与实现.md: 
3 处
    F:\_src\formal-architecture\Analysis\07-分布式与微服务\1.1-Microservice\1.1.4-Observability\OpenTelemet
ry集成实践.md: 1 处
    F:\_src\formal-architecture\Analysis\07-理论统一与整合\00-理论统一与整合总论.md: 38 处
    F:\_src\formal-architecture\Analysis\07-理论统一与整合\01-统一形式化理论综述.md: 10 处
    F:\_src\formal-architecture\Analysis\07-理论统一与整合\03-运行时与并发理论合并分析.md: 11 处
    F:\_src\formal-architecture\Analysis\07-理论统一与整合\04-UCU案例分析_生产者消费者模型.md: 4 处
    F:\_src\formal-architecture\Analysis\07-理论统一与整合\04-应用框架.md: 1 处
    F:\_src\formal-architecture\Analysis\07-理论统一与整合\08-统一理论表示系统理论.md: 1 处
    F:\_src\formal-architecture\Analysis\07-理论统一与整合\11-统一设计架构模式系统理论.md: 2 处
    F:\_src\formal-architecture\Analysis\07-理论统一与整合\12-统一测试验证系统理论.md: 6 处
    F:\_src\formal-architecture\Analysis\07-理论统一与整合\13-统一编译解释系统理论.md: 2 处
    F:\_src\formal-architecture\Analysis\07-理论统一与整合\15-统一网络通信系统理论.md: 12 处
    F:\_src\formal-architecture\Analysis\07-理论统一与整合\16-统一安全密码系统理论.md: 9 处
    F:\_src\formal-architecture\Analysis\07-理论统一与整合\17-统一智能系统理论.md: 4 处
    F:\_src\formal-architecture\Analysis\07-理论统一与整合\18-统一操作系统软件理论.md: 4 处
    F:\_src\formal-architecture\Analysis\07-理论统一与整合\19-统一计算系统理论.md: 5 处
    F:\_src\formal-architecture\Analysis\07-理论统一与整合\20-统一分布式共识系统理论.md: 8 处
    F:\_src\formal-architecture\Analysis\07-理论统一与整合\21-统一边缘云系统理论.md: 31 处
    F:\_src\formal-architecture\Analysis\07-理论统一与整合\内容整合计划.md: 3 处
    F:\_src\formal-architecture\Analysis\07-理论统一与整合\统一理论知识图谱分析.md: 8 处
    F:\_src\formal-architecture\Analysis\08-实践应用开发\00-实践应用开发总论.md: 12 处
    F:\_src\formal-architecture\Analysis\08-实践应用开发\00-实践应用开发理论体系总论-整合版.md: 20 处
    F:\_src\formal-architecture\Analysis\08-实践应用开发\03-理论验证工具.md: 1 处
    F:\_src\formal-architecture\Analysis\08-实践应用开发\04-形式化方法在AI安全中的应用初探.md: 17 处
    F:\_src\formal-architecture\Analysis\08-实践应用开发\2.1-WorkflowDomain-理论基础.md: 1 处
    F:\_src\formal-architecture\Analysis\08-实践应用开发\2.2-WorkflowDomain-建模与表达.md: 1 处
    F:\_src\formal-architecture\Analysis\08-实践应用开发\2.4-WorkflowDomain-微服务集成.md: 5 处
    F:\_src\formal-architecture\Analysis\08-实践应用开发\异步同步组合形式化论证-完整总结.md: 1 处
    F:\_src\formal-architecture\Analysis\08-实践应用开发\异步同步组合形式化论证-第一部分.md: 6 处
    F:\_src\formal-architecture\Analysis\08-实践应用开发\异步同步组合形式化论证-第三部分.md: 4 处
    F:\_src\formal-architecture\Analysis\08-实践应用开发\异步同步组合形式化论证-第二部分.md: 3 处
    F:\_src\formal-architecture\Analysis\08-实践应用开发\异步同步组合形式化论证.md: 11 处
    F:\_src\formal-architecture\Analysis\08-实践应用开发\异步组合模式形式化论证.md: 12 处
    F:\_src\formal-architecture\Analysis\08-实践应用开发\形式化架构理论-实践指南.md: 5 处
    F:\_src\formal-architecture\Analysis\08-实践应用开发\形式化架构理论-微服务验证案例.md: 2 处
    F:\_src\formal-architecture\Analysis\08-实践应用开发\知识图谱可视化工具README.md: 1 处
    F:\_src\formal-architecture\Analysis\08-实践应用开发\软件工程理论与实践体系\00-软件工程理论与实践体系总论.md: 7 处
    F:\_src\formal-architecture\Analysis\08-实践应用开发\软件工程理论与实践体系\02-领域定义语言与协议架构DSL.md: 6 处
    F:\_src\formal-architecture\Analysis\08-实践应用开发\软件工程理论与实践体系\02-Rust工程与自动化创新\2.1-项目结构与模块化.md: 1 处
    F:\_src\formal-architecture\Analysis\08-实践应用开发\软件工程理论与实践体系\02-Rust工程与自动化创新\01-语言基础与语法\01-Rust基本语
法.md: 17 处
    F:\_src\formal-architecture\Analysis\08-实践应用开发\软件工程理论与实践体系\02-Rust工程与自动化创新\01-语言基础与语法\02-特殊符号详解.
md: 1 处
    F:\_src\formal-architecture\Analysis\08-实践应用开发\软件工程理论与实践体系\02-Rust工程与自动化创新\02-构建与自动化\02-Clippy自定
义Lint开发.md: 6 处
    F:\_src\formal-architecture\Analysis\08-实践应用开发\软件工程理论与实践体系\03-协议_DSL_自动化生成\03-API规范与DSL\01-OpenA
PI规范入门与实践.md: 6 处
    F:\_src\formal-architecture\Analysis\08-实践应用开发\软件工程理论与实践体系\03-协议_DSL_自动化生成\03-API规范与DSL\01a-Open
API与Swagger-自动化实践.md: 1 处
    F:\_src\formal-architecture\Analysis\08-实践应用开发\软件工程理论与实践体系\03-协议_DSL_自动化生成\03-API规范与DSL\02-在Kube
rnetes中使用OpenAPI定义CRD.md: 10 处
    F:\_src\formal-architecture\Analysis\08-实践应用开发\软件工程理论与实践体系\03-协议_DSL_自动化生成\03-API规范与DSL\03a-gRPC
与ProtocolBuffers-自动化实践.md: 2 处
    F:\_src\formal-architecture\Analysis\08-实践应用开发\软件工程理论与实践体系\03-协议_DSL_自动化生成\03-API规范与DSL\04-Graph
QL与自动化工具链.md: 1 处
    F:\_src\formal-architecture\Analysis\08-实践应用开发\软件工程理论与实践体系\03-协议_DSL_自动化生成\03-API规范与DSL\05-Async
API与事件驱动架构自动化.md: 4 处
    F:\_src\formal-architecture\Analysis\08-实践应用开发\软件工程理论与实践体系\03-协议_DSL_自动化生成\03-API规范与DSL\06-自定义DS
L与解析器生成.md: 7 处
    F:\_src\formal-architecture\Analysis\08-实践应用开发\软件工程理论与实践体系\03-协议_DSL_自动化生成\04-自动化代码生成\01-基于OpenA
PI的Rust代码生成器设计.md: 1 处
    F:\_src\formal-architecture\Analysis\08-实践应用开发\软件工程理论与实践体系\04-分布式系统与微服务架构\01-理论基础\01-系统与故障模型.md:
 9 处
    F:\_src\formal-architecture\Analysis\08-实践应用开发\软件工程理论与实践体系\04-分布式系统与微服务架构\01-理论基础\02-CAP定理与设计权衡.
md: 3 处
    F:\_src\formal-architecture\Analysis\08-实践应用开发\软件工程理论与实践体系\04-分布式系统与微服务架构\02-核心算法\00-共识算法概览.md: 
3 处
    F:\_src\formal-architecture\Analysis\08-实践应用开发\软件工程理论与实践体系\04-分布式系统与微服务架构\02-核心算法\01-Raft协议详解.md
: 6 处
    F:\_src\formal-architecture\Analysis\08-实践应用开发\软件工程理论与实践体系\04-分布式系统与微服务架构\03-架构模式\01-微服务架构核心原则与模
式.md: 3 处
    F:\_src\formal-architecture\Analysis\08-实践应用开发\软件工程理论与实践体系\04-分布式系统与微服务架构\03-架构模式\03-服务间通信(RPC_事
件驱动).md: 2 处
    F:\_src\formal-architecture\Analysis\08-实践应用开发\软件工程理论与实践体系\04-分布式系统与微服务架构\03-架构模式\04-分布式事务与Saga模
式.md: 1 处
    F:\_src\formal-architecture\Analysis\08-实践应用开发\软件工程理论与实践体系\04-分布式系统与微服务架构\04-关键组件与实践\01-服务发现与注册(
Consul_Etcd).md: 1 处
    F:\_src\formal-architecture\Analysis\08-实践应用开发\软件工程理论与实践体系\04-分布式系统与微服务架构\04-关键组件与实践\05-分布式系统可观测
性.md: 3 处
    F:\_src\formal-architecture\Analysis\08-实践应用开发\软件工程理论与实践体系\05-工作流与自动化平台\01-核心概念与模式\02-工作流设计模式.md
: 1 处
    F:\_src\formal-architecture\Analysis\08-实践应用开发\软件工程理论与实践体系\05-工作流与自动化平台\02-主流开源平台\01-Apache_Airf
low_数据管道编排.md: 1 处
    F:\_src\formal-architecture\Analysis\08-实践应用开发\软件工程理论与实践体系\05-工作流与自动化平台\02-主流开源平台\03-n8n_io_低代码自
动化.md: 1 处
    F:\_src\formal-architecture\Analysis\08-实践应用开发\软件工程理论与实践体系\05-工作流与自动化平台\03-实践与应用\01-数据ETL管道自动化实践
.md: 1 处
    F:\_src\formal-architecture\Analysis\08-实践应用开发\软件工程理论与实践体系\06-可观测性与OpenTelemetry\README.md: 1 处
    F:\_src\formal-architecture\Analysis\08-实践应用开发\软件工程理论与实践体系\06-可观测性与OpenTelemetry\01-核心概念\01-可观测性
三大支柱.md: 4 处
    F:\_src\formal-architecture\Analysis\08-实践应用开发\软件工程理论与实践体系\06-可观测性与OpenTelemetry\01-核心概念\02-Open
Telemetry架构与组件.md: 2 处
    F:\_src\formal-architecture\Analysis\08-实践应用开发\软件工程理论与实践体系\06-可观测性与OpenTelemetry\02-OpenTelemetr
y实践\01-OpenTelemetry遥测数据处理.md: 2 处
    F:\_src\formal-architecture\Analysis\08-实践应用开发\软件工程理论与实践体系\06-可观测性与OpenTelemetry\02-OpenTelemetr
y实践\02-Rust与Go集成实践.md: 3 处
    F:\_src\formal-architecture\Analysis\08-实践应用开发\软件工程理论与实践体系\06-可观测性与OpenTelemetry\02-OpenTelemetr
y实践\03-Java工作流观测实践.md: 8 处
    F:\_src\formal-architecture\Analysis\08-实践应用开发\软件工程理论与实践体系\06-可观测性与OpenTelemetry\02-OpenTelemetr
y实践\04-工作流与OpenTelemetry的范畴论分析(Rust).md: 7 处
    F:\_src\formal-architecture\Analysis\08-实践应用开发\软件工程理论与实践体系\07-AI自动生成与工程创新\01-AI生成与抽象\01-AI生成的新颖性
与上下文限制.md: 2 处
    F:\_src\formal-architecture\Analysis\08-实践应用开发\软件工程理论与实践体系\07-AI自动生成与工程创新\01-AI生成与抽象\02-作为新抽象层的A
I.md: 1 处
    F:\_src\formal-architecture\Analysis\08-实践应用开发\软件工程理论与实践体系\07-AI自动生成与工程创新\01-AI生成与抽象\03-生成模型概览(G
AN_VAE_Transformer).md: 3 处
    F:\_src\formal-architecture\Analysis\08-实践应用开发\软件工程理论与实践体系\07-AI自动生成与工程创新\01-AI生成与抽象\04-创造性系统的形式
化分析.md: 1 处
    F:\_src\formal-architecture\Analysis\08-实践应用开发\软件工程理论与实践体系\08-行业应用与最佳实践\01-物联网(IoT)\01-IoT行业标准与R
ust嵌入式实践.md: 2 处
    F:\_src\formal-architecture\Analysis\08-实践应用开发\软件工程理论与实践体系\08-行业应用与最佳实践\01-物联网(IoT)\03-IoT设备OTA更
新工作流模式.md: 5 处
    F:\_src\formal-architecture\Analysis\08-实践应用开发\软件工程理论与实践体系\08-行业应用与最佳实践\01-物联网(IoT)\04-分布式IoT网关的
形式化模型.md: 7 处
    F:\_src\formal-architecture\Analysis\08-实践应用开发\软件工程理论与实践体系\08-行业应用与最佳实践\01-物联网(IoT)\05-模块化IoT框架设
计(Java).md: 3 处
    F:\_src\formal-architecture\Analysis\08-实践应用开发\软件工程理论与实践体系\08-行业应用与最佳实践\02-金融科技(FinTech)\02-P2P去
中心化金融借贷模型(Rust).md: 43 处
    F:\_src\formal-architecture\Analysis\08-实践应用开发\软件工程理论与实践体系\08-行业应用与最佳实践\02-金融科技(FinTech)\04-财务审批
工作流模式.md: 43 处
    F:\_src\formal-architecture\Analysis\08-实践应用开发\软件工程理论与实践体系\08-行业应用与最佳实践\02-金融科技(FinTech)\05-金融系统
的范畴论形式化分析.md: 90 处
    F:\_src\formal-architecture\Analysis\08-实践应用开发\软件工程理论与实践体系\09-容器化与云原生部署\01-容器技术发展趋势与前沿分析.md: 5 处
    F:\_src\formal-architecture\Analysis\09-索引与导航\00-索引与导航理论体系总论-整合版.md: 20 处
    F:\_src\formal-architecture\Analysis\09-索引与导航\01-统一导航系统设计.md: 2 处
    F:\_src\formal-architecture\Analysis\09-索引与导航\下一步行动计划-v69.md: 1 处
    F:\_src\formal-architecture\Analysis\09-索引与导航\引用链接规范.md: 1 处
    F:\_src\formal-architecture\Analysis\09-索引与导航\形式化架构理论导航图.md: 14 处
    F:\_src\formal-architecture\Analysis\09-索引与导航\形式化架构理论概念图谱-v67.md: 3 处
    F:\_src\formal-architecture\Analysis\09-索引与导航\形式化架构理论概念图谱-v68.md: 3 处
    F:\_src\formal-architecture\Analysis\09-索引与导航\形式化架构理论知识图谱-v62.md: 1 处
    F:\_src\formal-architecture\Analysis\09-索引与导航\第三轮迭代计划-v71.md: 1 处
    F:\_src\formal-architecture\Analysis\09-索引与导航\第二轮迭代计划-v70.md: 3 处
    F:\_src\formal-architecture\Analysis\09-索引与导航\统一工作计划与知识图谱.md: 1 处
    F:\_src\formal-architecture\Analysis\09-索引与导航\统一形式化架构理论知识图谱-v62.md: 2 处
    F:\_src\formal-architecture\Analysis\09-索引与导航\统一索引知识图谱系统.md: 1 处
    F:\_src\formal-architecture\Analysis\09-索引与导航\项目进展总结-v71.md: 4 处
    F:\_src\formal-architecture\Analysis\09-索引与导航\archive\知识图谱系统使用指南.md: 3 处
    F:\_src\formal-architecture\Analysis\10-AI交互建模理论体系\00-AI交互建模理论体系总论-整合版.md: 20 处
    F:\_src\formal-architecture\Analysis\10-AI交互建模理论体系\01-深度学习理论深化.md: 1 处
    F:\_src\formal-architecture\Analysis\11-理论统一与整合\00-理论统一与整合理论体系总论-整合版.md: 20 处
    F:\_src\formal-architecture\Analysis\11-理论统一与整合\2.1-WorkflowDomain-理论基础.md: 1 处
    F:\_src\formal-architecture\Analysis\11-理论统一与整合\形式化架构理论-实践指南.md: 5 处
    F:\_src\formal-architecture\Analysis\11-理论统一与整合\形式化架构理论-微服务验证案例.md: 2 处
    F:\_src\formal-architecture\Analysis\11-理论统一与整合\状态机与Petri网理论合并分析.md: 4 处
    F:\_src\formal-architecture\Analysis\11-理论统一与整合\状态机与Petri网理论合并执行计划-v68.md: 9 处
    F:\_src\formal-architecture\Analysis\11-理论统一与整合\状态机与Petri网理论合并执行计划.md: 3 处
    F:\_src\formal-architecture\Analysis\11-理论统一与整合\状态机与Petri网理论统一合并计划-v62.md: 11 处
    F:\_src\formal-architecture\Analysis\11-理论统一与整合\理论整合框架.md: 1 处
    F:\_src\formal-architecture\Analysis\11-理论统一与整合\组件理论与接口理论合并执行计划.md: 16 处
    F:\_src\formal-architecture\Analysis\11-理论统一与整合\组件理论与接口理论概念映射-v62.md: 14 处
    F:\_src\formal-architecture\Analysis\11-理论统一与整合\统一模块化系统理论-概念映射.md: 1 处
    F:\_src\formal-architecture\Analysis\11-理论统一与整合\统一状态转换系统理论-概念映射.md: 3 处
    F:\_src\formal-architecture\Analysis\11-理论统一与整合\统一状态转换系统理论.md: 5 处
    F:\_src\formal-architecture\Analysis\11-理论统一与整合\统一状态转换系统理论一致性检查清单.md: 1 处
    F:\_src\formal-architecture\Analysis\11-理论统一与整合\统一状态转换系统理论开发总结.md: 2 处
    F:\_src\formal-architecture\Analysis\11-理论统一与整合\量子模块理论基础研究.md: 6 处
    F:\_src\formal-architecture\Analysis\11-理论统一与整合\01-理论体系\05-线性仿射时序类型理论.md: 1 处
    F:\_src\formal-architecture\Analysis\11-理论统一与整合\01-理论体系\10-概念定义与论证深化.md: 6 处
    F:\_src\formal-architecture\Analysis\11-理论统一与整合\01-理论体系\11-统一状态转换系统USTS.md: 5 处
    F:\_src\formal-architecture\Analysis\11-理论统一与整合\01-理论体系\12-统一模块化系统UMS.md: 4 处
    F:\_src\formal-architecture\Analysis\11-理论统一与整合\01-理论体系\13-理论映射与证明框架.md: 3 处
    F:\_src\formal-architecture\Analysis\11-理论统一与整合\07-理论统一与整合\00-理论统一与整合总论.md: 38 处
    F:\_src\formal-architecture\Analysis\11-理论统一与整合\07-理论统一与整合\01-统一形式化理论综述.md: 10 处
    F:\_src\formal-architecture\Analysis\11-理论统一与整合\07-理论统一与整合\03-运行时与并发理论合并分析.md: 11 处
    F:\_src\formal-architecture\Analysis\11-理论统一与整合\07-理论统一与整合\04-UCU案例分析_生产者消费者模型.md: 4 处
    F:\_src\formal-architecture\Analysis\11-理论统一与整合\07-理论统一与整合\04-应用框架.md: 1 处
    F:\_src\formal-architecture\Analysis\11-理论统一与整合\07-理论统一与整合\08-统一理论表示系统理论.md: 1 处
    F:\_src\formal-architecture\Analysis\11-理论统一与整合\07-理论统一与整合\11-统一设计架构模式系统理论.md: 2 处
    F:\_src\formal-architecture\Analysis\11-理论统一与整合\07-理论统一与整合\12-统一测试验证系统理论.md: 6 处
    F:\_src\formal-architecture\Analysis\11-理论统一与整合\07-理论统一与整合\13-统一编译解释系统理论.md: 2 处
    F:\_src\formal-architecture\Analysis\11-理论统一与整合\07-理论统一与整合\15-统一网络通信系统理论.md: 12 处
    F:\_src\formal-architecture\Analysis\11-理论统一与整合\07-理论统一与整合\16-统一安全密码系统理论.md: 9 处
    F:\_src\formal-architecture\Analysis\11-理论统一与整合\07-理论统一与整合\17-统一智能系统理论.md: 4 处
    F:\_src\formal-architecture\Analysis\11-理论统一与整合\07-理论统一与整合\18-统一操作系统软件理论.md: 4 处
    F:\_src\formal-architecture\Analysis\11-理论统一与整合\07-理论统一与整合\19-统一计算系统理论.md: 5 处
    F:\_src\formal-architecture\Analysis\11-理论统一与整合\07-理论统一与整合\20-统一分布式共识系统理论.md: 8 处
    F:\_src\formal-architecture\Analysis\11-理论统一与整合\07-理论统一与整合\21-统一边缘云系统理论.md: 31 处
    F:\_src\formal-architecture\Analysis\11-理论统一与整合\07-理论统一与整合\内容整合计划.md: 3 处
    F:\_src\formal-architecture\Analysis\11-理论统一与整合\07-理论统一与整合\统一理论知识图谱分析.md: 8 处
    F:\_src\formal-architecture\Analysis\11-理论统一与整合\异步同步组合形式化论证专题\01-理论基础\异步同步组合形式化论证-第一部分.md: 6 处
    F:\_src\formal-architecture\Analysis\11-理论统一与整合\异步同步组合形式化论证专题\02-组合模式\异步组合模式形式化论证.md: 12 处
    F:\_src\formal-architecture\Analysis\11-理论统一与整合\异步同步组合形式化论证专题\03-形式化证明\异步同步组合形式化论证-第三部分.md: 4 处
    F:\_src\formal-architecture\Analysis\11-理论统一与整合\异步同步组合形式化论证专题\03-形式化证明\异步同步组合形式化论证-第二部分.md: 3 处
    F:\_src\formal-architecture\Analysis\11-理论统一与整合\异步同步组合形式化论证专题\04-工程实践\异步同步组合形式化论证-完整总结.md: 1 处
    F:\_src\formal-architecture\Analysis\11-理论统一与整合\异步同步组合形式化论证专题\04-工程实践\异步同步组合形式化论证.md: 11 处
    F:\_src\formal-architecture\Analysis\13-项目报告与总结\00-项目报告与总结总论-整合版.md: 1 处
    F:\_src\formal-architecture\Analysis\13-项目报告与总结\FormalUnified项目重新定位最终完成确认报告.md: 1 处
    F:\_src\formal-architecture\Analysis\13-项目报告与总结\UCS理论合并完成报告.md: 6 处
    F:\_src\formal-architecture\Analysis\13-项目报告与总结\UDCS理论合并完成报告.md: 6 处
    F:\_src\formal-architecture\Analysis\13-项目报告与总结\UECS理论合并完成报告.md: 5 处
    F:\_src\formal-architecture\Analysis\13-项目报告与总结\UMS理论合并完成报告.md: 6 处
    F:\_src\formal-architecture\Analysis\13-项目报告与总结\一致性改进实施完成报告.md: 3 处
    F:\_src\formal-architecture\Analysis\13-项目报告与总结\一致性改进实施计划.md: 4 处
    F:\_src\formal-architecture\Analysis\13-项目报告与总结\合并计划追踪-v64.md: 3 处
    F:\_src\formal-architecture\Analysis\13-项目报告与总结\后续工作计划.md: 6 处
    F:\_src\formal-architecture\Analysis\13-项目报告与总结\国际Wiki对标与理论一致性检查报告.md: 19 处
    F:\_src\formal-architecture\Analysis\13-项目报告与总结\形式化架构理论统一计划-v67.md: 17 处
    F:\_src\formal-architecture\Analysis\13-项目报告与总结\形式化架构理论统一计划-v68.md: 4 处
    F:\_src\formal-architecture\Analysis\13-项目报告与总结\形式化架构理论统一项目完成总结报告.md: 7 处
    F:\_src\formal-architecture\Analysis\13-项目报告与总结\形式化架构理论统一项目计划-v62.md: 34 处
    F:\_src\formal-architecture\Analysis\13-项目报告与总结\形式化架构理论项目统一计划-v62.md: 15 处
    F:\_src\formal-architecture\Analysis\13-项目报告与总结\状态机与Petri网理论合并执行计划-v68.md: 9 处
    F:\_src\formal-architecture\Analysis\13-项目报告与总结\状态机与Petri网理论合并执行计划.md: 3 处
    F:\_src\formal-architecture\Analysis\13-项目报告与总结\状态机与Petri网理论统一合并计划-v62.md: 11 处
    F:\_src\formal-architecture\Analysis\13-项目报告与总结\组件理论与接口理论合并执行计划.md: 16 处
    F:\_src\formal-architecture\Analysis\13-项目报告与总结\统一工作计划与知识图谱.md: 1 处
    F:\_src\formal-architecture\Analysis\13-项目报告与总结\统一形式化架构理论项目计划-v62.md: 2 处
    F:\_src\formal-architecture\Analysis\13-项目报告与总结\语义一致性检查计划.md: 2 处
    F:\_src\formal-architecture\Analysis\13-项目报告与总结\递归合并与语义整合执行计划-v62.md: 1 处
    F:\_src\formal-architecture\Analysis\13-项目报告与总结\递归合并与语义整合报告.md: 3 处
    F:\_src\formal-architecture\Analysis\13-项目报告与总结\递归合并与语义整合最终报告.md: 2 处
    F:\_src\formal-architecture\Analysis\13-项目报告与总结\项目最终完成总结报告.md: 4 处
    F:\_src\formal-architecture\Analysis\13-项目报告与总结\项目进展报告-v61.md: 2 处
    F:\_src\formal-architecture\Analysis\14-量子计算理论体系\00-量子计算理论体系总论.md: 2 处
    F:\_src\formal-architecture\Analysis\category-theory\2-核心概念.md: 1 处
    F:\_src\formal-architecture\Analysis\category-theory\3-典型方法.md: 2 处
    F:\_src\formal-architecture\Analysis\软件工程理论与实践体系\00-软件工程理论与实践体系总论.md: 7 处
    F:\_src\formal-architecture\Analysis\软件工程理论与实践体系\02-领域定义语言与协议架构DSL.md: 4 处
    F:\_src\formal-architecture\Analysis\软件工程理论与实践体系\02-Rust工程与自动化创新\2.1-项目结构与模块化.md: 1 处
    F:\_src\formal-architecture\Analysis\软件工程理论与实践体系\02-Rust工程与自动化创新\01-语言基础与语法\01-Rust基本语法.md: 17 处
    F:\_src\formal-architecture\Analysis\软件工程理论与实践体系\02-Rust工程与自动化创新\01-语言基础与语法\02-特殊符号详解.md: 1 处
    F:\_src\formal-architecture\Analysis\软件工程理论与实践体系\02-Rust工程与自动化创新\02-构建与自动化\02-Clippy自定义Lint开发.md
: 6 处
    F:\_src\formal-architecture\Analysis\软件工程理论与实践体系\03-协议_DSL_自动化生成\03-API规范与DSL\01-OpenAPI规范入门与实践.
md: 6 处
    F:\_src\formal-architecture\Analysis\软件工程理论与实践体系\03-协议_DSL_自动化生成\03-API规范与DSL\01a-OpenAPI与Swagge
r-自动化实践.md: 1 处
    F:\_src\formal-architecture\Analysis\软件工程理论与实践体系\03-协议_DSL_自动化生成\03-API规范与DSL\02-在Kubernetes中使用O
penAPI定义CRD.md: 10 处
    F:\_src\formal-architecture\Analysis\软件工程理论与实践体系\03-协议_DSL_自动化生成\03-API规范与DSL\03a-gRPC与ProtocolB
uffers-自动化实践.md: 2 处
    F:\_src\formal-architecture\Analysis\软件工程理论与实践体系\03-协议_DSL_自动化生成\03-API规范与DSL\04-GraphQL与自动化工具链.
md: 1 处
    F:\_src\formal-architecture\Analysis\软件工程理论与实践体系\03-协议_DSL_自动化生成\03-API规范与DSL\05-AsyncAPI与事件驱动架构
自动化.md: 4 处
    F:\_src\formal-architecture\Analysis\软件工程理论与实践体系\03-协议_DSL_自动化生成\03-API规范与DSL\06-自定义DSL与解析器生成.md
: 7 处
    F:\_src\formal-architecture\Analysis\软件工程理论与实践体系\03-协议_DSL_自动化生成\04-自动化代码生成\01-基于OpenAPI的Rust代码生
成器设计.md: 1 处
    F:\_src\formal-architecture\Analysis\软件工程理论与实践体系\04-分布式系统与微服务架构\01-理论基础\01-系统与故障模型.md: 9 处
    F:\_src\formal-architecture\Analysis\软件工程理论与实践体系\04-分布式系统与微服务架构\01-理论基础\02-CAP定理与设计权衡.md: 3 处
    F:\_src\formal-architecture\Analysis\软件工程理论与实践体系\04-分布式系统与微服务架构\02-核心算法\00-共识算法概览.md: 3 处
    F:\_src\formal-architecture\Analysis\软件工程理论与实践体系\04-分布式系统与微服务架构\02-核心算法\01-Raft协议详解.md: 6 处
    F:\_src\formal-architecture\Analysis\软件工程理论与实践体系\04-分布式系统与微服务架构\03-架构模式\01-微服务架构核心原则与模式.md: 3 处
    F:\_src\formal-architecture\Analysis\软件工程理论与实践体系\04-分布式系统与微服务架构\03-架构模式\03-服务间通信(RPC_事件驱动).md: 2
 处
    F:\_src\formal-architecture\Analysis\软件工程理论与实践体系\04-分布式系统与微服务架构\03-架构模式\04-分布式事务与Saga模式.md: 1 处
    F:\_src\formal-architecture\Analysis\软件工程理论与实践体系\04-分布式系统与微服务架构\04-关键组件与实践\01-服务发现与注册(Consul_Etc
d).md: 1 处
    F:\_src\formal-architecture\Analysis\软件工程理论与实践体系\04-分布式系统与微服务架构\04-关键组件与实践\05-分布式系统可观测性.md: 3 处
    F:\_src\formal-architecture\Analysis\软件工程理论与实践体系\05-工作流与自动化平台\01-核心概念与模式\02-工作流设计模式.md: 1 处
    F:\_src\formal-architecture\Analysis\软件工程理论与实践体系\05-工作流与自动化平台\02-主流开源平台\01-Apache_Airflow_数据管道编排
.md: 1 处
    F:\_src\formal-architecture\Analysis\软件工程理论与实践体系\05-工作流与自动化平台\02-主流开源平台\03-n8n_io_低代码自动化.md: 1 处
    F:\_src\formal-architecture\Analysis\软件工程理论与实践体系\05-工作流与自动化平台\03-实践与应用\01-数据ETL管道自动化实践.md: 1 处
    F:\_src\formal-architecture\Analysis\软件工程理论与实践体系\06-可观测性与OpenTelemetry\README.md: 1 处
    F:\_src\formal-architecture\Analysis\软件工程理论与实践体系\06-可观测性与OpenTelemetry\01-核心概念\01-可观测性三大支柱.md: 4
 处
    F:\_src\formal-architecture\Analysis\软件工程理论与实践体系\06-可观测性与OpenTelemetry\01-核心概念\02-OpenTelemetry架
构与组件.md: 2 处
    F:\_src\formal-architecture\Analysis\软件工程理论与实践体系\06-可观测性与OpenTelemetry\02-OpenTelemetry实践\01-Ope
nTelemetry遥测数据处理.md: 2 处
    F:\_src\formal-architecture\Analysis\软件工程理论与实践体系\06-可观测性与OpenTelemetry\02-OpenTelemetry实践\02-Rus
t与Go集成实践.md: 3 处
    F:\_src\formal-architecture\Analysis\软件工程理论与实践体系\06-可观测性与OpenTelemetry\02-OpenTelemetry实践\03-Jav
a工作流观测实践.md: 8 处
    F:\_src\formal-architecture\Analysis\软件工程理论与实践体系\06-可观测性与OpenTelemetry\02-OpenTelemetry实践\04-工作流
与OpenTelemetry的范畴论分析(Rust).md: 7 处
    F:\_src\formal-architecture\Analysis\软件工程理论与实践体系\07-AI自动生成与工程创新\01-AI生成与抽象\01-AI生成的新颖性与上下文限制.md:
 2 处
    F:\_src\formal-architecture\Analysis\软件工程理论与实践体系\07-AI自动生成与工程创新\01-AI生成与抽象\02-作为新抽象层的AI.md: 1 处
    F:\_src\formal-architecture\Analysis\软件工程理论与实践体系\07-AI自动生成与工程创新\01-AI生成与抽象\03-生成模型概览(GAN_VAE_Tra
nsformer).md: 3 处
    F:\_src\formal-architecture\Analysis\软件工程理论与实践体系\07-AI自动生成与工程创新\01-AI生成与抽象\04-创造性系统的形式化分析.md: 1 
处
    F:\_src\formal-architecture\Analysis\软件工程理论与实践体系\08-行业应用与最佳实践\01-物联网(IoT)\01-IoT行业标准与Rust嵌入式实践.m
d: 2 处
    F:\_src\formal-architecture\Analysis\软件工程理论与实践体系\08-行业应用与最佳实践\01-物联网(IoT)\03-IoT设备OTA更新工作流模式.md:
 5 处
    F:\_src\formal-architecture\Analysis\软件工程理论与实践体系\08-行业应用与最佳实践\01-物联网(IoT)\04-分布式IoT网关的形式化模型.md: 
7 处
    F:\_src\formal-architecture\Analysis\软件工程理论与实践体系\08-行业应用与最佳实践\01-物联网(IoT)\05-模块化IoT框架设计(Java).md
: 3 处
    F:\_src\formal-architecture\Analysis\软件工程理论与实践体系\08-行业应用与最佳实践\02-金融科技(FinTech)\02-P2P去中心化金融借贷模型(
Rust).md: 43 处
    F:\_src\formal-architecture\Analysis\软件工程理论与实践体系\08-行业应用与最佳实践\02-金融科技(FinTech)\04-财务审批工作流模式.md: 
43 处
    F:\_src\formal-architecture\Analysis\软件工程理论与实践体系\08-行业应用与最佳实践\02-金融科技(FinTech)\05-金融系统的范畴论形式化分析.
md: 90 处
    F:\_src\formal-architecture\Analysis\软件工程理论与实践体系\09-容器化与云原生部署\01-容器技术发展趋势与前沿分析.md: 5 处
检查形式化表示: 算法
  形式化表示 '算法' 在 130 个文件中找到:
    F:\_src\formal-architecture\Analysis\2025年质量保证框架-ISO-IEC-25010标准版.md: 3 处
    F:\_src\formal-architecture\Analysis\2025年高级理论发展与实际工具实现-最终版.md: 7 处
    F:\_src\formal-architecture\Analysis\00-总览与导航\国际标准对齐与完善计划.md: 1 处
    F:\_src\formal-architecture\Analysis\00-总览与导航\持续性上下文提醒体系.md: 1 处
    F:\_src\formal-architecture\Analysis\01-哲学基础理论\00-哲学基础理论总论.md: 1 处
    F:\_src\formal-architecture\Analysis\01-哲学基础理论\03-方法论基础.md: 1 处
    F:\_src\formal-architecture\Analysis\01-哲学基础理论\09-科学哲学基础.md: 4 处
    F:\_src\formal-architecture\Analysis\01-哲学基础理论\10-技术哲学基础.md: 3 处
    F:\_src\formal-architecture\Analysis\01-哲学基础理论\12-科学哲学基础.md: 4 处
    F:\_src\formal-architecture\Analysis\01-哲学基础理论\13-技术哲学基础.md: 3 处
    F:\_src\formal-architecture\Analysis\02-数学理论体系\00-数学理论体系总论-整合版.md: 1 处
    F:\_src\formal-architecture\Analysis\02-数学理论体系\02-代数基础.md: 1 处
    F:\_src\formal-architecture\Analysis\02-数学理论体系\03-概率统计基础.md: 1 处
    F:\_src\formal-architecture\Analysis\02-数学理论体系\05-拓扑基础.md: 1 处
    F:\_src\formal-architecture\Analysis\02-数学理论体系\05-概率统计基础.md: 1 处
    F:\_src\formal-architecture\Analysis\02-数学理论体系\05-范畴论基础.md: 1 处
    F:\_src\formal-architecture\Analysis\02-数学理论体系\06-数论基础.md: 6 处
    F:\_src\formal-architecture\Analysis\02-数学理论体系\07-数论基础.md: 5 处
    F:\_src\formal-architecture\Analysis\02-数学理论体系\09-数论基础.md: 1 处
    F:\_src\formal-architecture\Analysis\02-数学理论体系\10-数论基础.md: 1 处
    F:\_src\formal-architecture\Analysis\02-数学理论体系\10-组合数学基础.md: 1 处
    F:\_src\formal-architecture\Analysis\02-数学理论体系\11-离散数学基础.md: 6 处
    F:\_src\formal-architecture\Analysis\02-数学理论体系\11-组合数学基础.md: 1 处
    F:\_src\formal-architecture\Analysis\02-数学理论体系\12-概率论基础.md: 2 处
    F:\_src\formal-architecture\Analysis\02-数学理论体系\12-离散数学基础.md: 6 处
    F:\_src\formal-architecture\Analysis\02-数学理论体系\13-概率论基础.md: 2 处
    F:\_src\formal-architecture\Analysis\02-数学理论体系\15-博弈论基础.md: 6 处
    F:\_src\formal-architecture\Analysis\02-数学理论体系\16-优化理论基础.md: 7 处
    F:\_src\formal-architecture\Analysis\02-数学理论体系\16-博弈论基础.md: 6 处
    F:\_src\formal-architecture\Analysis\02-数学理论体系\17-优化理论基础.md: 7 处
    F:\_src\formal-architecture\Analysis\03-形式语言理论体系\04-类型理论.md: 2 处
    F:\_src\formal-architecture\Analysis\03-形式语言理论体系\04-计算理论.md: 3 处
    F:\_src\formal-architecture\Analysis\03-形式语言理论体系\05-计算理论.md: 3 处
    F:\_src\formal-architecture\Analysis\03-形式语言理论体系\08-类型理论.md: 2 处
    F:\_src\formal-architecture\Analysis\04-形式模型理论体系\03-时序逻辑理论.md: 3 处
    F:\_src\formal-architecture\Analysis\04-形式模型理论体系\07-模型优化理论.md: 14 处
    F:\_src\formal-architecture\Analysis\04-形式模型理论体系\统一状态转换系统理论.md: 2 处
    F:\_src\formal-architecture\Analysis\04-形式模型理论体系\量子模块理论基础研究.md: 4 处
    F:\_src\formal-architecture\Analysis\04-形式模型理论体系\06-迁移内容临时区\08-混合系统理论.md: 1 处
    F:\_src\formal-architecture\Analysis\04-形式模型理论体系\archive\01-状态机理论.md: 2 处
    F:\_src\formal-architecture\Analysis\04-形式模型理论体系\archive\02-Petri网理论.md: 1 处
    F:\_src\formal-architecture\Analysis\04-形式模型理论体系\archive\04-模型检查理论.md: 4 处
    F:\_src\formal-architecture\Analysis\04-形式模型理论体系\archive\06-进程代数理论.md: 2 处
    F:\_src\formal-architecture\Analysis\04-形式模型理论体系\archive\07-形式化方法理论.md: 4 处
    F:\_src\formal-architecture\Analysis\04-形式模型理论体系\archive\08-混合系统理论.md: 1 处
    F:\_src\formal-architecture\Analysis\04-形式模型理论体系\archive\09-系统建模理论.md: 1 处
    F:\_src\formal-architecture\Analysis\04-软件架构理论体系\统一模块化系统理论.md: 2 处
    F:\_src\formal-architecture\Analysis\05-编程语言理论体系\00-编程语言理论体系总论-整合版.md: 5 处
    F:\_src\formal-architecture\Analysis\05-编程语言理论体系\00-编程语言理论统一总论.md: 2 处
    F:\_src\formal-architecture\Analysis\05-编程语言理论体系\02-语言设计理论.md: 3 处
    F:\_src\formal-architecture\Analysis\05-编程语言理论体系\03-并发编程理论.md: 3 处
    F:\_src\formal-architecture\Analysis\05-编程语言理论体系\03-类型理论.md: 1 处
    F:\_src\formal-architecture\Analysis\05-编程语言理论体系\03-类型统一理论.md: 1 处
    F:\_src\formal-architecture\Analysis\05-编程语言理论体系\06-并发编程理论.md: 1 处
    F:\_src\formal-architecture\Analysis\05-编程语言理论体系\07-统一并发运行时系统理论.md: 2 处
    F:\_src\formal-architecture\Analysis\05-编程语言理论体系\08-函数式编程理论.md: 2 处
    F:\_src\formal-architecture\Analysis\05-编程语言理论体系\10-类型系统前沿理论.md: 1 处
    F:\_src\formal-architecture\Analysis\05-编程语言理论体系\11-多范式编程理论.md: 1 处
    F:\_src\formal-architecture\Analysis\05-编程语言理论体系\Rust语言精髓\01-所有权系统多维度分析.md: 1 处
    F:\_src\formal-architecture\Analysis\05-编程语言理论体系\Rust语言精髓\04-异步编程与Future.md: 1 处
    F:\_src\formal-architecture\Analysis\06-软件架构理论体系\05-微服务架构理论.md: 1 处
    F:\_src\formal-architecture\Analysis\06-软件架构理论体系\08-服务网格架构理论.md: 5 处
    F:\_src\formal-architecture\Analysis\07-分布式与微服务\00-分布式与微服务理论体系总论-整合版.md: 1 处
    F:\_src\formal-architecture\Analysis\07-分布式与微服务\01-分布式系统理论.md: 7 处
    F:\_src\formal-architecture\Analysis\07-分布式与微服务\05-微服务架构理论.md: 1 处
    F:\_src\formal-architecture\Analysis\07-分布式与微服务\08-服务网格架构理论.md: 5 处
    F:\_src\formal-architecture\Analysis\07-分布式与微服务\04-软件架构理论体系\统一模块化系统理论.md: 2 处
    F:\_src\formal-architecture\Analysis\07-理论统一与整合\01-统一形式化理论综述.md: 1 处
    F:\_src\formal-architecture\Analysis\07-理论统一与整合\02-前沿专题与工程案例索引.md: 1 处
    F:\_src\formal-architecture\Analysis\07-理论统一与整合\08-统一理论表示系统理论.md: 1 处
    F:\_src\formal-architecture\Analysis\07-理论统一与整合\10-统一算法数据结构理论.md: 25 处
    F:\_src\formal-architecture\Analysis\07-理论统一与整合\12-统一测试验证系统理论.md: 1 处
    F:\_src\formal-architecture\Analysis\07-理论统一与整合\15-统一网络通信系统理论.md: 3 处
    F:\_src\formal-architecture\Analysis\07-理论统一与整合\16-统一安全密码系统理论.md: 26 处
    F:\_src\formal-architecture\Analysis\07-理论统一与整合\17-统一智能系统理论.md: 8 处
    F:\_src\formal-architecture\Analysis\07-理论统一与整合\19-统一计算系统理论.md: 13 处
    F:\_src\formal-architecture\Analysis\07-理论统一与整合\20-统一分布式共识系统理论.md: 5 处
    F:\_src\formal-architecture\Analysis\08-实践应用开发\00-实践应用开发总论.md: 2 处
    F:\_src\formal-architecture\Analysis\08-实践应用开发\04-形式化方法在AI安全中的应用初探.md: 1 处
    F:\_src\formal-architecture\Analysis\08-实践应用开发\04-架构设计工具.md: 6 处
    F:\_src\formal-architecture\Analysis\08-实践应用开发\异步同步组合形式化论证-第二部分.md: 0 处
    F:\_src\formal-architecture\Analysis\08-实践应用开发\软件工程理论与实践体系\04-分布式系统与微服务架构\01-理论基础\03-分布式系统核心理论(C
AP_FLP_Etc).md: 3 处
    F:\_src\formal-architecture\Analysis\08-实践应用开发\软件工程理论与实践体系\04-分布式系统与微服务架构\02-核心算法\00-共识算法概览.md: 
6 处
    F:\_src\formal-architecture\Analysis\08-实践应用开发\软件工程理论与实践体系\07-AI自动生成与工程创新\01-AI生成与抽象\01-AI生成的新颖性
与上下文限制.md: 1 处
    F:\_src\formal-architecture\Analysis\08-实践应用开发\软件工程理论与实践体系\07-AI自动生成与工程创新\01-AI生成与抽象\03-生成模型概览(G
AN_VAE_Transformer).md: 4 处
    F:\_src\formal-architecture\Analysis\08-实践应用开发\软件工程理论与实践体系\07-AI自动生成与工程创新\01-AI生成与抽象\04-创造性系统的形式
化分析.md: 3 处
    F:\_src\formal-architecture\Analysis\08-实践应用开发\软件工程理论与实践体系\08-行业应用与最佳实践\01-物联网(IoT)\03-IoT设备OTA更
新工作流模式.md: 2 处
    F:\_src\formal-architecture\Analysis\08-实践应用开发\软件工程理论与实践体系\08-行业应用与最佳实践\01-物联网(IoT)\04-分布式IoT网关的
形式化模型.md: 0 处
    F:\_src\formal-architecture\Analysis\08-实践应用开发\软件工程理论与实践体系\08-行业应用与最佳实践\01-物联网(IoT)\05-模块化IoT框架设
计(Java).md: 1 处
    F:\_src\formal-architecture\Analysis\08-实践应用开发\软件工程理论与实践体系\08-行业应用与最佳实践\02-金融科技(FinTech)\02-P2P去
中心化金融借贷模型(Rust).md: 18 处
    F:\_src\formal-architecture\Analysis\08-实践应用开发\软件工程理论与实践体系\08-行业应用与最佳实践\02-金融科技(FinTech)\03-安全的货
币与账户类型设计(Rust).md: 6 处
    F:\_src\formal-architecture\Analysis\09-索引与导航\00-索引与导航理论体系总论-整合版.md: 1 处
    F:\_src\formal-architecture\Analysis\09-索引与导航\形式化架构理论知识图谱-v62.md: 1 处
    F:\_src\formal-architecture\Analysis\09-索引与导航\统一形式化架构理论知识图谱-v62.md: 1 处
    F:\_src\formal-architecture\Analysis\09-索引与导航\archive\项目进展跟踪-v60.md: 1 处
    F:\_src\formal-architecture\Analysis\10-AI交互建模理论体系\00-AI交互建模理论体系总论-整合版.md: 2 处
    F:\_src\formal-architecture\Analysis\11-理论统一与整合\00-理论统一与整合理论体系总论-整合版.md: 1 处
    F:\_src\formal-architecture\Analysis\11-理论统一与整合\统一状态转换系统理论.md: 2 处
    F:\_src\formal-architecture\Analysis\11-理论统一与整合\量子模块理论基础研究.md: 4 处
    F:\_src\formal-architecture\Analysis\11-理论统一与整合\07-理论统一与整合\01-统一形式化理论综述.md: 1 处
    F:\_src\formal-architecture\Analysis\11-理论统一与整合\07-理论统一与整合\02-前沿专题与工程案例索引.md: 1 处
    F:\_src\formal-architecture\Analysis\11-理论统一与整合\07-理论统一与整合\08-统一理论表示系统理论.md: 1 处
    F:\_src\formal-architecture\Analysis\11-理论统一与整合\07-理论统一与整合\10-统一算法数据结构理论.md: 25 处
    F:\_src\formal-architecture\Analysis\11-理论统一与整合\07-理论统一与整合\12-统一测试验证系统理论.md: 1 处
    F:\_src\formal-architecture\Analysis\11-理论统一与整合\07-理论统一与整合\15-统一网络通信系统理论.md: 3 处
    F:\_src\formal-architecture\Analysis\11-理论统一与整合\07-理论统一与整合\16-统一安全密码系统理论.md: 26 处
    F:\_src\formal-architecture\Analysis\11-理论统一与整合\07-理论统一与整合\17-统一智能系统理论.md: 8 处
    F:\_src\formal-architecture\Analysis\11-理论统一与整合\07-理论统一与整合\19-统一计算系统理论.md: 13 处
    F:\_src\formal-architecture\Analysis\11-理论统一与整合\07-理论统一与整合\20-统一分布式共识系统理论.md: 5 处
    F:\_src\formal-architecture\Analysis\11-理论统一与整合\对齐矩阵\CS-课程-知识域对齐矩阵.md: 1 处
    F:\_src\formal-architecture\Analysis\11-理论统一与整合\异步同步组合形式化论证专题\03-形式化证明\异步同步组合形式化论证-第二部分.md: 0 处
    F:\_src\formal-architecture\Analysis\13-项目报告与总结\UCS理论合并完成报告.md: 7 处
    F:\_src\formal-architecture\Analysis\13-项目报告与总结\UECS理论合并完成报告.md: 1 处
    F:\_src\formal-architecture\Analysis\13-项目报告与总结\形式化架构理论统一项目计划-v62.md: 1 处
    F:\_src\formal-architecture\Analysis\13-项目报告与总结\形式化架构理论项目统一计划-v62.md: 2 处
    F:\_src\formal-architecture\Analysis\13-项目报告与总结\递归合并与语义整合报告.md: 1 处
    F:\_src\formal-architecture\Analysis\13-项目报告与总结\项目进展跟踪-v60.md: 4 处
    F:\_src\formal-architecture\Analysis\14-量子计算理论体系\00-量子计算理论体系总论.md: 6 处
    F:\_src\formal-architecture\Analysis\15-机器人学理论体系\00-机器人学理论体系总论.md: 9 处
    F:\_src\formal-architecture\Analysis\16-计算机图形学理论体系\00-计算机图形学理论体系总论.md: 4 处
    F:\_src\formal-architecture\Analysis\软件工程理论与实践体系\04-分布式系统与微服务架构\01-理论基础\03-分布式系统核心理论(CAP_FLP_Etc
).md: 3 处
    F:\_src\formal-architecture\Analysis\软件工程理论与实践体系\04-分布式系统与微服务架构\02-核心算法\00-共识算法概览.md: 6 处
    F:\_src\formal-architecture\Analysis\软件工程理论与实践体系\07-AI自动生成与工程创新\01-AI生成与抽象\01-AI生成的新颖性与上下文限制.md:
 1 处
    F:\_src\formal-architecture\Analysis\软件工程理论与实践体系\07-AI自动生成与工程创新\01-AI生成与抽象\03-生成模型概览(GAN_VAE_Tra
nsformer).md: 4 处
    F:\_src\formal-architecture\Analysis\软件工程理论与实践体系\07-AI自动生成与工程创新\01-AI生成与抽象\04-创造性系统的形式化分析.md: 3 
处
    F:\_src\formal-architecture\Analysis\软件工程理论与实践体系\08-行业应用与最佳实践\01-物联网(IoT)\03-IoT设备OTA更新工作流模式.md:
 2 处
    F:\_src\formal-architecture\Analysis\软件工程理论与实践体系\08-行业应用与最佳实践\01-物联网(IoT)\04-分布式IoT网关的形式化模型.md: 
0 处
    F:\_src\formal-architecture\Analysis\软件工程理论与实践体系\08-行业应用与最佳实践\01-物联网(IoT)\05-模块化IoT框架设计(Java).md
: 1 处
    F:\_src\formal-architecture\Analysis\软件工程理论与实践体系\08-行业应用与最佳实践\02-金融科技(FinTech)\02-P2P去中心化金融借贷模型(
Rust).md: 18 处
    F:\_src\formal-architecture\Analysis\软件工程理论与实践体系\08-行业应用与最佳实践\02-金融科技(FinTech)\03-安全的货币与账户类型设计(R
ust).md: 6 处
检查形式化表示: 图表
  形式化表示 '图表' 在 1 个文件中找到:
    F:\_src\formal-architecture\Analysis\2025年质量保证框架-ISO-IEC-25010标准版.md: 1 处

语义一致性检查结果:
===================

发现 44 个潜在的语义一致性问题:

类型: 概念定义不一致
概念: 自动机
文件1: Analysis/03-形式语言理论体系/01-自动机统一理论.md
定义1: 自动机是一个五元组(Q, Σ, δ, q₀, F)，其中：

- Q：有限状态集
- Σ：输入字母表
- δ：转换函数
- q₀：初始状态
- F：接受状态集

#### 3.
文件2: Analysis/03-形式语言理论体系/01-自动机统一理论.md
定义2: Automata theory](https://en.
相似度: 0
-------------------
类型: 概念定义不一致
概念: 自动机
文件1: Analysis/03-形式语言理论体系/01-自动机统一理论.md
定义1: 自动机是一个五元组(Q, Σ, δ, q₀, F)，其中：

- Q：有限状态集
- Σ：输入字母表
- δ：转换函数
- q₀：初始状态
- F：接受状态集

#### 3.
文件2: Analysis/03-形式语言理论体系/01-自动机统一理论.md
定义2: PDA）：

- 输入结束时，栈为空

## 5.
相似度: 0.294117647058824
-------------------
类型: 概念定义不一致
概念: 自动机
文件1: Analysis/03-形式语言理论体系/01-自动机统一理论.md
定义1: 自动机是一个五元组(Q, Σ, δ, q₀, F)，其中：

- Q：有限状态集
- Σ：输入字母表
- δ：转换函数
- q₀：初始状态
- F：接受状态集

#### 3.
文件2: Analysis/03-形式语言理论体系/01-自动机统一理论.md
定义2: Turing machine](https://en.
相似度: 0
-------------------
类型: 概念定义不一致
概念: 自动机
文件1: Analysis/03-形式语言理论体系/01-自动机统一理论.md
定义1: Automata theory](https://en.
文件2: Analysis/03-形式语言理论体系/01-自动机统一理论.md
定义2: PDA）：

- 输入结束时，栈为空

## 5.
相似度: 0
-------------------
类型: 概念定义不一致
概念: 自动机
文件1: Analysis/03-形式语言理论体系/01-自动机统一理论.md
定义1: Automata theory](https://en.
文件2: Analysis/03-形式语言理论体系/01-自动机统一理论.md
定义2: Turing machine](https://en.
相似度: 0
-------------------
类型: 概念定义不一致
概念: 自动机
文件1: Analysis/03-形式语言理论体系/01-自动机统一理论.md
定义1: PDA）：

- 输入结束时，栈为空

## 5.
文件2: Analysis/03-形式语言理论体系/01-自动机统一理论.md
定义2: Turing machine](https://en.
相似度: 0
-------------------
类型: 概念定义不一致
概念: 语法
文件1: Analysis/05-编程语言理论体系/01-语法与语言设计统一理论.md
定义1: 语法（Grammar）：
$$G = (V, \Sigma, P, S)$$

其中：

- $V$ 为非终结符集合
- $\Sigma$ 为终结符集合
- $P$ 为产生式规则集合
- $S$ 为开始符号

**Chomsky层次结构：**

- 类型（Type）：无限制文法
- 类型（Type）：上下文相关文法
- 类型（Type）：上下文无关文法（CFG）
- 类型（Type）：正则文法

### 1.
文件2: Analysis/05-编程语言理论体系/01-语法与语言设计统一理论.md
定义2: CFG）：**
$$A \rightarrow \alpha$$

其中 $A \in V$，$\alpha \in (V \cup \Sigma)^*$

### 2.
相似度: 0.032258064516129
-------------------
类型: 概念定义不一致
概念: 语法
文件1: Analysis/05-编程语言理论体系/01-语法与语言设计统一理论.md
定义1: 语法（Grammar）：
$$G = (V, \Sigma, P, S)$$

其中：

- $V$ 为非终结符集合
- $\Sigma$ 为终结符集合
- $P$ 为产生式规则集合
- $S$ 为开始符号

**Chomsky层次结构：**

- 类型（Type）：无限制文法
- 类型（Type）：上下文相关文法
- 类型（Type）：上下文无关文法（CFG）
- 类型（Type）：正则文法

### 1.
文件2: Analysis/05-编程语言理论体系/01-语法与语言设计统一理论.md
定义2: 上下文无关文法（CFG）：**
$$A \rightarrow \alpha$$

其中 $A \in V$，$\alpha \in (V \cup \Sigma)^*$

### 2.
相似度: 0.032258064516129
-------------------
类型: 概念定义不一致
概念: 语法
文件1: Analysis/05-编程语言理论体系/01-语法与语言设计统一理论.md
定义1: Grammar）：
$$G = (V, \Sigma, P, S)$$

其中：

- $V$ 为非终结符集合
- $\Sigma$ 为终结符集合
- $P$ 为产生式规则集合
- $S$ 为开始符号

**Chomsky层次结构：**

- 类型（Type）：无限制文法
- 类型（Type）：上下文相关文法
- 类型（Type）：上下文无关文法（CFG）
- 类型（Type）：正则文法

### 1.
文件2: Analysis/05-编程语言理论体系/01-语法与语言设计统一理论.md
定义2: CFG）：**
$$A \rightarrow \alpha$$

其中 $A \in V$，$\alpha \in (V \cup \Sigma)^*$

### 2.
相似度: 0.032258064516129
-------------------
类型: 概念定义不一致
概念: 语法
文件1: Analysis/05-编程语言理论体系/01-语法与语言设计统一理论.md
定义1: Grammar）：
$$G = (V, \Sigma, P, S)$$

其中：

- $V$ 为非终结符集合
- $\Sigma$ 为终结符集合
- $P$ 为产生式规则集合
- $S$ 为开始符号

**Chomsky层次结构：**

- 类型（Type）：无限制文法
- 类型（Type）：上下文相关文法
- 类型（Type）：上下文无关文法（CFG）
- 类型（Type）：正则文法

### 1.
文件2: Analysis/05-编程语言理论体系/01-语法与语言设计统一理论.md
定义2: 上下文无关文法（CFG）：**
$$A \rightarrow \alpha$$

其中 $A \in V$，$\alpha \in (V \cup \Sigma)^*$

### 2.
相似度: 0.032258064516129
-------------------
类型: 概念定义不一致
概念: 语义
文件1: Analysis/05-编程语言理论体系/02-语义与语法统一理论.md
定义1: 语义（Semantics）：
设 $\mathcal{P}$ 为程序集合，$\mathcal{S}$ 为状态集合，$\mathcal{V}$ 为值集合，则语义（Semantics）：

$$\mathcal{M}: \mathcal{P} \times \mathcal{S} \rightarrow \mathcal{S} \times \mathcal{V}$$

### 1.
文件2: Analysis/05-编程语言理论体系/02-语义与语法统一理论.md
定义2: 操作语义（Semantics）：
通过状态转换规则描述程序执行过程。
相似度: 0
-------------------
类型: 概念定义不一致
概念: 语义
文件1: Analysis/05-编程语言理论体系/02-语义与语法统一理论.md
定义1: 语义（Semantics）：
设 $\mathcal{P}$ 为程序集合，$\mathcal{S}$ 为状态集合，$\mathcal{V}$ 为值集合，则语义（Semantics）：

$$\mathcal{M}: \mathcal{P} \times \mathcal{S} \rightarrow \mathcal{S} \times \mathcal{V}$$

### 1.
文件2: Analysis/05-编程语言理论体系/02-语义与语法统一理论.md
定义2: 指称语义（Semantics）：
将程序映射到数学对象（通常是函数）。
相似度: 0
-------------------
类型: 概念定义不一致
概念: 语义
文件1: Analysis/05-编程语言理论体系/02-语义与语法统一理论.md
定义1: 语义（Semantics）：
设 $\mathcal{P}$ 为程序集合，$\mathcal{S}$ 为状态集合，$\mathcal{V}$ 为值集合，则语义（Semantics）：

$$\mathcal{M}: \mathcal{P} \times \mathcal{S} \rightarrow \mathcal{S} \times \mathcal{V}$$

### 1.
文件2: Analysis/05-编程语言理论体系/02-语义与语法统一理论.md
定义2: 公理语义（Semantics）：
通过逻辑公式描述程序的性质。
相似度: 0
-------------------
类型: 概念定义不一致
概念: 语义
文件1: Analysis/05-编程语言理论体系/02-语义与语法统一理论.md
定义1: Semantics）：
设 $\mathcal{P}$ 为程序集合，$\mathcal{S}$ 为状态集合，$\mathcal{V}$ 为值集合，则语义（Semantics）：

$$\mathcal{M}: \mathcal{P} \times \mathcal{S} \rightarrow \mathcal{S} \times \mathcal{V}$$

### 1.
文件2: Analysis/05-编程语言理论体系/02-语义与语法统一理论.md
定义2: 操作语义（Semantics）：
通过状态转换规则描述程序执行过程。
相似度: 0
-------------------
类型: 概念定义不一致
概念: 语义
文件1: Analysis/05-编程语言理论体系/02-语义与语法统一理论.md
定义1: Semantics）：
设 $\mathcal{P}$ 为程序集合，$\mathcal{S}$ 为状态集合，$\mathcal{V}$ 为值集合，则语义（Semantics）：

$$\mathcal{M}: \mathcal{P} \times \mathcal{S} \rightarrow \mathcal{S} \times \mathcal{V}$$

### 1.
文件2: Analysis/05-编程语言理论体系/02-语义与语法统一理论.md
定义2: 指称语义（Semantics）：
将程序映射到数学对象（通常是函数）。
相似度: 0
-------------------
类型: 概念定义不一致
概念: 语义
文件1: Analysis/05-编程语言理论体系/02-语义与语法统一理论.md
定义1: Semantics）：
设 $\mathcal{P}$ 为程序集合，$\mathcal{S}$ 为状态集合，$\mathcal{V}$ 为值集合，则语义（Semantics）：

$$\mathcal{M}: \mathcal{P} \times \mathcal{S} \rightarrow \mathcal{S} \times \mathcal{V}$$

### 1.
文件2: Analysis/05-编程语言理论体系/02-语义与语法统一理论.md
定义2: 公理语义（Semantics）：
通过逻辑公式描述程序的性质。
相似度: 0
-------------------
类型: 概念定义不一致
概念: 语义
文件1: Analysis/05-编程语言理论体系/02-语义与语法统一理论.md
定义1: 操作语义（Semantics）：
通过状态转换规则描述程序执行过程。
文件2: Analysis/05-编程语言理论体系/02-语义与语法统一理论.md
定义2: 指称语义（Semantics）：
将程序映射到数学对象（通常是函数）。
相似度: 0
-------------------
类型: 概念定义不一致
概念: 语义
文件1: Analysis/05-编程语言理论体系/02-语义与语法统一理论.md
定义1: 操作语义（Semantics）：
通过状态转换规则描述程序执行过程。
文件2: Analysis/05-编程语言理论体系/02-语义与语法统一理论.md
定义2: 公理语义（Semantics）：
通过逻辑公式描述程序的性质。
相似度: 0
-------------------
类型: 概念定义不一致
概念: 语义
文件1: Analysis/05-编程语言理论体系/02-语义与语法统一理论.md
定义1: 指称语义（Semantics）：
将程序映射到数学对象（通常是函数）。
文件2: Analysis/05-编程语言理论体系/02-语义与语法统一理论.md
定义2: 公理语义（Semantics）：
通过逻辑公式描述程序的性质。
相似度: 0
-------------------
类型: 概念定义不一致
概念: 类型
文件1: Analysis/05-编程语言理论体系/03-类型统一理论.md
定义1: 类型（Type）： τ；替换 [x↦v]；统一 σ
- 进展（progress）、保持（preservation）、类型安全（type safety）
- HM 系统、代数数据类型（ADT）、高阶类型、多态（parametric/ad-hoc）

## 目录

- [类型统一理论](#类型统一理论)
  - [目录](#目录)
  - [1.
文件2: Analysis/05-编程语言理论体系/03-类型统一理论.md
定义2: 多态)：一种类型系统特性，允许函数或数据类型根据提供的类型参数具有不同的实例化。
相似度: 0
-------------------
类型: 概念定义不一致
概念: 类型
文件1: Analysis/05-编程语言理论体系/03-类型统一理论.md
定义1: Type）： τ；替换 [x↦v]；统一 σ
- 进展（progress）、保持（preservation）、类型安全（type safety）
- HM 系统、代数数据类型（ADT）、高阶类型、多态（parametric/ad-hoc）

## 目录

- [类型统一理论](#类型统一理论)
  - [目录](#目录)
  - [1.
文件2: Analysis/05-编程语言理论体系/03-类型统一理论.md
定义2: 多态)：一种类型系统特性，允许函数或数据类型根据提供的类型参数具有不同的实例化。
相似度: 0
-------------------
类型: 概念定义不一致
概念: 编译
文件1: Analysis/05-编程语言理论体系/04-编译统一理论.md
定义1: 编译（Compilation）：
$$C = (Frontend, Middleend, Backend)$$

其中：

- $Frontend$ 为前端（词法分析、语法分析、语义分析）
- $Middleend$ 为中端（中间代码生成、优化）
- $Backend$ 为后端（目标代码生成、优化）

### 1.
文件2: Analysis/05-编程语言理论体系/04-编译统一理论.md
定义2: 词法分析：Token流
- 语法（Grammar）：抽象语法树（AST）
- 语义（Semantics）：类型检查、符号表
- 中间代码：IR表示
- 优化：优化后的IR
- 目标代码：机器代码

## 2.
相似度: 0.166666666666667
-------------------
类型: 概念定义不一致
概念: 编译
文件1: Analysis/05-编程语言理论体系/04-编译统一理论.md
定义1: 编译（Compilation）：
$$C = (Frontend, Middleend, Backend)$$

其中：

- $Frontend$ 为前端（词法分析、语法分析、语义分析）
- $Middleend$ 为中端（中间代码生成、优化）
- $Backend$ 为后端（目标代码生成、优化）

### 1.
文件2: Analysis/05-编程语言理论体系/04-编译统一理论.md
定义2: 优化：优化后的IR
- 目标代码：机器代码

## 2.
相似度: 0.166666666666667
-------------------
类型: 概念定义不一致
概念: 编译
文件1: Analysis/05-编程语言理论体系/04-编译统一理论.md
定义1: Compilation）：
$$C = (Frontend, Middleend, Backend)$$

其中：

- $Frontend$ 为前端（词法分析、语法分析、语义分析）
- $Middleend$ 为中端（中间代码生成、优化）
- $Backend$ 为后端（目标代码生成、优化）

### 1.
文件2: Analysis/05-编程语言理论体系/04-编译统一理论.md
定义2: 词法分析：Token流
- 语法（Grammar）：抽象语法树（AST）
- 语义（Semantics）：类型检查、符号表
- 中间代码：IR表示
- 优化：优化后的IR
- 目标代码：机器代码

## 2.
相似度: 0.166666666666667
-------------------
类型: 概念定义不一致
概念: 编译
文件1: Analysis/05-编程语言理论体系/04-编译统一理论.md
定义1: Compilation）：
$$C = (Frontend, Middleend, Backend)$$

其中：

- $Frontend$ 为前端（词法分析、语法分析、语义分析）
- $Middleend$ 为中端（中间代码生成、优化）
- $Backend$ 为后端（目标代码生成、优化）

### 1.
文件2: Analysis/05-编程语言理论体系/04-编译统一理论.md
定义2: 优化：优化后的IR
- 目标代码：机器代码

## 2.
相似度: 0.166666666666667
-------------------
类型: 概念定义不一致
概念: 架构
文件1: Analysis/04-软件架构理论体系/00-软件架构理论统一总论.md
定义1: 架构（Architecture）：

- **设计原则**：软件系统的设计原则和方法论
- **架构（Architecture）：可重用的架构模式和设计模式
- **质量属性**：软件系统的质量属性和评估方法
- **技术栈**：现代软件技术栈和最佳实践
- **工程实践**：软件工程的实践方法和工具

### 1.
文件2: Analysis/04-软件架构理论体系/00-软件架构理论统一总论.md
定义2: 组件（Component）：**
$$C_i = (I_i, O_i, S_i, B_i)$$

其中：

- $I_i$ 为输入接口
- $O_i$ 为输出接口
- $S_i$ 为状态空间
- $B_i$ 为行为规范

**连接器（Connector）：**
$$Conn_{ij} = (P_i, P_j, T, Q)$$

其中：

- $P_i, P_j$ 为连接点
- $T$ 为传输协议
- $Q$ 为质量属性

### 3.
相似度: 0.15
-------------------
类型: 概念定义不一致
概念: 架构
文件1: Analysis/04-软件架构理论体系/00-软件架构理论统一总论.md
定义1: 架构（Architecture）：

- **设计原则**：软件系统的设计原则和方法论
- **架构（Architecture）：可重用的架构模式和设计模式
- **质量属性**：软件系统的质量属性和评估方法
- **技术栈**：现代软件技术栈和最佳实践
- **工程实践**：软件工程的实践方法和工具

### 1.
文件2: Analysis/04-软件架构理论体系/00-软件架构理论统一总论.md
定义2: 连接器（Connector）：**
$$Conn_{ij} = (P_i, P_j, T, Q)$$

其中：

- $P_i, P_j$ 为连接点
- $T$ 为传输协议
- $Q$ 为质量属性

### 3.
相似度: 0.3
-------------------
类型: 概念定义不一致
概念: 架构
文件1: Analysis/04-软件架构理论体系/00-软件架构理论统一总论.md
定义1: 架构（Architecture）：

- **设计原则**：软件系统的设计原则和方法论
- **架构（Architecture）：可重用的架构模式和设计模式
- **质量属性**：软件系统的质量属性和评估方法
- **技术栈**：现代软件技术栈和最佳实践
- **工程实践**：软件工程的实践方法和工具

### 1.
文件2: Analysis/04-软件架构理论体系/00-软件架构理论统一总论.md
定义2: 接口隔离原则（ISP）：**
$$\forall i \in I: |Methods(i)| \leq \text{Minimal}(i)$$

**迪米特法则（LoD）：**
$$\forall o \in O: \text{Knows}(o) \subseteq \text{Immediate}(o)$$

## 4.
相似度: 0
-------------------
类型: 概念定义不一致
概念: 架构
文件1: Analysis/04-软件架构理论体系/00-软件架构理论统一总论.md
定义1: 架构（Architecture）：

- **设计原则**：软件系统的设计原则和方法论
- **架构（Architecture）：可重用的架构模式和设计模式
- **质量属性**：软件系统的质量属性和评估方法
- **技术栈**：现代软件技术栈和最佳实践
- **工程实践**：软件工程的实践方法和工具

### 1.
文件2: Analysis/04-软件架构理论体系/00-软件架构理论统一总论.md
定义2: 层次结构**：系统的层次化组织原理

#### 5.
相似度: 0
-------------------
类型: 概念定义不一致
概念: 架构
文件1: Analysis/04-软件架构理论体系/00-软件架构理论统一总论.md
定义1: 架构（Architecture）：

- **设计原则**：软件系统的设计原则和方法论
- **架构（Architecture）：可重用的架构模式和设计模式
- **质量属性**：软件系统的质量属性和评估方法
- **技术栈**：现代软件技术栈和最佳实践
- **工程实践**：软件工程的实践方法和工具

### 1.
文件2: Analysis/04-软件架构理论体系/00-软件架构理论统一总论.md
定义2: 服务网格**：Istio、Linkerd等服务网格技术
- **无服务器**：Serverless架构的兴起
- **边缘计算**：边缘节点的分布式架构

#### 7.
相似度: 0.384615384615385
-------------------
类型: 概念定义不一致
概念: 架构
文件1: Analysis/04-软件架构理论体系/00-软件架构理论统一总论.md
定义1: Architecture）：

- **设计原则**：软件系统的设计原则和方法论
- **架构（Architecture）：可重用的架构模式和设计模式
- **质量属性**：软件系统的质量属性和评估方法
- **技术栈**：现代软件技术栈和最佳实践
- **工程实践**：软件工程的实践方法和工具

### 1.
文件2: Analysis/04-软件架构理论体系/00-软件架构理论统一总论.md
定义2: 组件（Component）：**
$$C_i = (I_i, O_i, S_i, B_i)$$

其中：

- $I_i$ 为输入接口
- $O_i$ 为输出接口
- $S_i$ 为状态空间
- $B_i$ 为行为规范

**连接器（Connector）：**
$$Conn_{ij} = (P_i, P_j, T, Q)$$

其中：

- $P_i, P_j$ 为连接点
- $T$ 为传输协议
- $Q$ 为质量属性

### 3.
相似度: 0.15
-------------------
类型: 概念定义不一致
概念: 架构
文件1: Analysis/04-软件架构理论体系/00-软件架构理论统一总论.md
定义1: Architecture）：

- **设计原则**：软件系统的设计原则和方法论
- **架构（Architecture）：可重用的架构模式和设计模式
- **质量属性**：软件系统的质量属性和评估方法
- **技术栈**：现代软件技术栈和最佳实践
- **工程实践**：软件工程的实践方法和工具

### 1.
文件2: Analysis/04-软件架构理论体系/00-软件架构理论统一总论.md
定义2: 连接器（Connector）：**
$$Conn_{ij} = (P_i, P_j, T, Q)$$

其中：

- $P_i, P_j$ 为连接点
- $T$ 为传输协议
- $Q$ 为质量属性

### 3.
相似度: 0.3
-------------------
类型: 概念定义不一致
概念: 架构
文件1: Analysis/04-软件架构理论体系/00-软件架构理论统一总论.md
定义1: Architecture）：

- **设计原则**：软件系统的设计原则和方法论
- **架构（Architecture）：可重用的架构模式和设计模式
- **质量属性**：软件系统的质量属性和评估方法
- **技术栈**：现代软件技术栈和最佳实践
- **工程实践**：软件工程的实践方法和工具

### 1.
文件2: Analysis/04-软件架构理论体系/00-软件架构理论统一总论.md
定义2: 接口隔离原则（ISP）：**
$$\forall i \in I: |Methods(i)| \leq \text{Minimal}(i)$$

**迪米特法则（LoD）：**
$$\forall o \in O: \text{Knows}(o) \subseteq \text{Immediate}(o)$$

## 4.
相似度: 0
-------------------
类型: 概念定义不一致
概念: 架构
文件1: Analysis/04-软件架构理论体系/00-软件架构理论统一总论.md
定义1: Architecture）：

- **设计原则**：软件系统的设计原则和方法论
- **架构（Architecture）：可重用的架构模式和设计模式
- **质量属性**：软件系统的质量属性和评估方法
- **技术栈**：现代软件技术栈和最佳实践
- **工程实践**：软件工程的实践方法和工具

### 1.
文件2: Analysis/04-软件架构理论体系/00-软件架构理论统一总论.md
定义2: 层次结构**：系统的层次化组织原理

#### 5.
相似度: 0
-------------------
类型: 概念定义不一致
概念: 架构
文件1: Analysis/04-软件架构理论体系/00-软件架构理论统一总论.md
定义1: Architecture）：

- **设计原则**：软件系统的设计原则和方法论
- **架构（Architecture）：可重用的架构模式和设计模式
- **质量属性**：软件系统的质量属性和评估方法
- **技术栈**：现代软件技术栈和最佳实践
- **工程实践**：软件工程的实践方法和工具

### 1.
文件2: Analysis/04-软件架构理论体系/00-软件架构理论统一总论.md
定义2: 服务网格**：Istio、Linkerd等服务网格技术
- **无服务器**：Serverless架构的兴起
- **边缘计算**：边缘节点的分布式架构

#### 7.
相似度: 0.384615384615385
-------------------
类型: 概念定义不一致
概念: 架构
文件1: Analysis/04-软件架构理论体系/00-软件架构理论统一总论.md
定义1: 组件（Component）：**
$$C_i = (I_i, O_i, S_i, B_i)$$

其中：

- $I_i$ 为输入接口
- $O_i$ 为输出接口
- $S_i$ 为状态空间
- $B_i$ 为行为规范

**连接器（Connector）：**
$$Conn_{ij} = (P_i, P_j, T, Q)$$

其中：

- $P_i, P_j$ 为连接点
- $T$ 为传输协议
- $Q$ 为质量属性

### 3.
文件2: Analysis/04-软件架构理论体系/00-软件架构理论统一总论.md
定义2: 接口隔离原则（ISP）：**
$$\forall i \in I: |Methods(i)| \leq \text{Minimal}(i)$$

**迪米特法则（LoD）：**
$$\forall o \in O: \text{Knows}(o) \subseteq \text{Immediate}(o)$$

## 4.
相似度: 0
-------------------
类型: 概念定义不一致
概念: 架构
文件1: Analysis/04-软件架构理论体系/00-软件架构理论统一总论.md
定义1: 组件（Component）：**
$$C_i = (I_i, O_i, S_i, B_i)$$

其中：

- $I_i$ 为输入接口
- $O_i$ 为输出接口
- $S_i$ 为状态空间
- $B_i$ 为行为规范

**连接器（Connector）：**
$$Conn_{ij} = (P_i, P_j, T, Q)$$

其中：

- $P_i, P_j$ 为连接点
- $T$ 为传输协议
- $Q$ 为质量属性

### 3.
文件2: Analysis/04-软件架构理论体系/00-软件架构理论统一总论.md
定义2: 层次结构**：系统的层次化组织原理

#### 5.
相似度: 0
-------------------
类型: 概念定义不一致
概念: 架构
文件1: Analysis/04-软件架构理论体系/00-软件架构理论统一总论.md
定义1: 组件（Component）：**
$$C_i = (I_i, O_i, S_i, B_i)$$

其中：

- $I_i$ 为输入接口
- $O_i$ 为输出接口
- $S_i$ 为状态空间
- $B_i$ 为行为规范

**连接器（Connector）：**
$$Conn_{ij} = (P_i, P_j, T, Q)$$

其中：

- $P_i, P_j$ 为连接点
- $T$ 为传输协议
- $Q$ 为质量属性

### 3.
文件2: Analysis/04-软件架构理论体系/00-软件架构理论统一总论.md
定义2: 服务网格**：Istio、Linkerd等服务网格技术
- **无服务器**：Serverless架构的兴起
- **边缘计算**：边缘节点的分布式架构

#### 7.
相似度: 0.175
-------------------
类型: 概念定义不一致
概念: 架构
文件1: Analysis/04-软件架构理论体系/00-软件架构理论统一总论.md
定义1: 连接器（Connector）：**
$$Conn_{ij} = (P_i, P_j, T, Q)$$

其中：

- $P_i, P_j$ 为连接点
- $T$ 为传输协议
- $Q$ 为质量属性

### 3.
文件2: Analysis/04-软件架构理论体系/00-软件架构理论统一总论.md
定义2: 接口隔离原则（ISP）：**
$$\forall i \in I: |Methods(i)| \leq \text{Minimal}(i)$$

**迪米特法则（LoD）：**
$$\forall o \in O: \text{Knows}(o) \subseteq \text{Immediate}(o)$$

## 4.
相似度: 0
-------------------
类型: 概念定义不一致
概念: 架构
文件1: Analysis/04-软件架构理论体系/00-软件架构理论统一总论.md
定义1: 连接器（Connector）：**
$$Conn_{ij} = (P_i, P_j, T, Q)$$

其中：

- $P_i, P_j$ 为连接点
- $T$ 为传输协议
- $Q$ 为质量属性

### 3.
文件2: Analysis/04-软件架构理论体系/00-软件架构理论统一总论.md
定义2: 层次结构**：系统的层次化组织原理

#### 5.
相似度: 0
-------------------
类型: 概念定义不一致
概念: 架构
文件1: Analysis/04-软件架构理论体系/00-软件架构理论统一总论.md
定义1: 连接器（Connector）：**
$$Conn_{ij} = (P_i, P_j, T, Q)$$

其中：

- $P_i, P_j$ 为连接点
- $T$ 为传输协议
- $Q$ 为质量属性

### 3.
文件2: Analysis/04-软件架构理论体系/00-软件架构理论统一总论.md
定义2: 服务网格**：Istio、Linkerd等服务网格技术
- **无服务器**：Serverless架构的兴起
- **边缘计算**：边缘节点的分布式架构

#### 7.
相似度: 0.15
-------------------
类型: 概念定义不一致
概念: 架构
文件1: Analysis/04-软件架构理论体系/00-软件架构理论统一总论.md
定义1: 接口隔离原则（ISP）：**
$$\forall i \in I: |Methods(i)| \leq \text{Minimal}(i)$$

**迪米特法则（LoD）：**
$$\forall o \in O: \text{Knows}(o) \subseteq \text{Immediate}(o)$$

## 4.
文件2: Analysis/04-软件架构理论体系/00-软件架构理论统一总论.md
定义2: 层次结构**：系统的层次化组织原理

#### 5.
相似度: 0
-------------------
类型: 概念定义不一致
概念: 架构
文件1: Analysis/04-软件架构理论体系/00-软件架构理论统一总论.md
定义1: 接口隔离原则（ISP）：**
$$\forall i \in I: |Methods(i)| \leq \text{Minimal}(i)$$

**迪米特法则（LoD）：**
$$\forall o \in O: \text{Knows}(o) \subseteq \text{Immediate}(o)$$

## 4.
文件2: Analysis/04-软件架构理论体系/00-软件架构理论统一总论.md
定义2: 服务网格**：Istio、Linkerd等服务网格技术
- **无服务器**：Serverless架构的兴起
- **边缘计算**：边缘节点的分布式架构

#### 7.
相似度: 0
-------------------
类型: 概念定义不一致
概念: 架构
文件1: Analysis/04-软件架构理论体系/00-软件架构理论统一总论.md
定义1: 层次结构**：系统的层次化组织原理

#### 5.
文件2: Analysis/04-软件架构理论体系/00-软件架构理论统一总论.md
定义2: 服务网格**：Istio、Linkerd等服务网格技术
- **无服务器**：Serverless架构的兴起
- **边缘计算**：边缘节点的分布式架构

#### 7.
相似度: 0.142857142857143
-------------------
建议:
1. 检查这些概念定义，确保它们在语义上一致
2. 如果定义确实不同，考虑添加注释说明不同视角下的概念理解
3. 如果定义应该相同，统一这些定义

语义一致性检查完成。
