[2025-09-10 01:24:50] 开始批量2025对齐完成流程
[2025-09-10 01:24:50] 找到 779 个Markdown文件
[2025-09-10 01:24:50] 文件已对齐，跳过: 00-2025对齐框架推进计划.md
[2025-09-10 01:24:50] 文件已对齐，跳过: 00-主题树与内容索引.md
[2025-09-10 01:24:50] 已添加对齐段落: 00-形式化架构理论统一计划.md
[2025-09-10 01:24:50] 已添加对齐段落: 00-统一术语与定义规范.md
[2025-09-10 01:24:50] 已添加对齐段落: 01-理论体系总论.md
[2025-09-10 01:24:50] 已添加对齐段落: 2025-对齐参考索引.md
[2025-09-10 01:24:50] 已添加对齐段落: ai.md
[2025-09-10 01:24:50] 已添加对齐段落: TODO.md
[2025-09-10 01:24:50] 已添加对齐段落: 多任务推进完成总结报告-全面完成版-最终.md
[2025-09-10 01:24:50] 已添加对齐段落: 多任务推进完成总结报告-全面完成版.md
[2025-09-10 01:24:50] 已添加对齐段落: 多任务推进完成总结报告-最终版.md
[2025-09-10 01:24:50] 已添加对齐段落: 多任务推进完成总结报告.md
[2025-09-10 01:24:50] 已处理 10 个文件...
[2025-09-10 01:24:50] 已添加对齐段落: 00-总览与导航/00-主题树与内容索引.md
[2025-09-10 01:24:50] 已添加对齐段落: 00-总览与导航/00-形式化架构理论统一计划-持续推进版.md
[2025-09-10 01:24:50] 已添加对齐段落: 00-总览与导航/00-形式化架构理论统一计划.md
[2025-09-10 01:24:50] 已添加对齐段落: 00-总览与导航/ai.md
[2025-09-10 01:24:50] 已添加对齐段落: 00-总览与导航/FormalUnified内容整合计划.md
[2025-09-10 01:24:50] 已添加对齐段落: 00-总览与导航/FormalUnified到Analysis内容迁移完整性验证报告.md
[2025-09-10 01:24:50] 已添加对齐段落: 00-总览与导航/中断可持续执行清单.md
[2025-09-10 01:24:50] 已添加对齐段落: 00-总览与导航/中断可持续执行计划.md
[2025-09-10 01:24:50] 已添加对齐段落: 00-总览与导航/内容整合进度报告.md
[2025-09-10 01:24:50] 已添加对齐段落: 00-总览与导航/可持续执行计划方案.md
[2025-09-10 01:24:50] 已处理 20 个文件...
[2025-09-10 01:24:50] 已添加对齐段落: 00-总览与导航/国际标准对齐与完善计划.md
[2025-09-10 01:24:50] 已添加对齐段落: 00-总览与导航/多任务持续推进完成总结报告.md
[2025-09-10 01:24:50] 已添加对齐段落: 00-总览与导航/多任务推进完成总结报告-持续推进版.md
[2025-09-10 01:24:50] 已添加对齐段落: 00-总览与导航/多任务推进完成总结报告-更新版.md
[2025-09-10 01:24:50] 已添加对齐段落: 00-总览与导航/多任务推进完成总结报告-最终版.md
[2025-09-10 01:24:50] 已添加对齐段落: 00-总览与导航/多任务推进完成总结报告.md
[2025-09-10 01:24:50] 已添加对齐段落: 00-总览与导航/学术规范与质量保证体系.md
[2025-09-10 01:24:50] 已添加对齐段落: 00-总览与导航/持续性上下文提醒体系-多任务推进版.md
[2025-09-10 01:24:50] 已添加对齐段落: 00-总览与导航/持续性上下文提醒体系.md
[2025-09-10 01:24:50] 已添加对齐段落: 00-总览与导航/持续改进和版本管理机制.md
[2025-09-10 01:24:50] 已处理 30 个文件...
[2025-09-10 01:24:50] 已添加对齐段落: 00-总览与导航/目录结构导航系统.md
[2025-09-10 01:24:50] 已添加对齐段落: 00-总览与导航/链接完整性检查清单.md
[2025-09-10 01:24:50] 已添加对齐段落: 00-总览与导航/项目对标国际标准完成总结.md
[2025-09-10 01:24:50] 已添加对齐段落: 00-总览与导航/项目推进完成总结报告.md
[2025-09-10 01:24:50] 已添加对齐段落: 00-总览与导航/项目质量评估和验证报告-最终版.md
[2025-09-10 01:24:50] 已添加对齐段落: 00-总览与导航/验收标准与度量.md
[2025-09-10 01:24:50] 已添加对齐段落: 00-总览与导航/01-知识梳理框架/01-梳理计划与执行.md
[2025-09-10 01:24:50] 已添加对齐段落: 00-总览与导航/01-知识梳理框架/02-FormalUnified目录内容分析.md
[2025-09-10 01:24:50] 已添加对齐段落: 01-哲学基础理论/00-哲学基础理论总论-整合版.md
[2025-09-10 01:24:50] 已添加对齐段落: 01-哲学基础理论/00-哲学基础理论总论.md
[2025-09-10 01:24:50] 已处理 40 个文件...
[2025-09-10 01:24:50] 已添加对齐段落: 01-哲学基础理论/01-本体论基础-整合版.md
[2025-09-10 01:24:50] 文件已对齐，跳过: 01-哲学基础理论/01-本体论基础.md
[2025-09-10 01:24:50] 文件已对齐，跳过: 01-哲学基础理论/02-认识论基础.md
[2025-09-10 01:24:50] 文件已对齐，跳过: 01-哲学基础理论/03-方法论基础.md
[2025-09-10 01:24:50] 已添加对齐段落: 01-哲学基础理论/03-逻辑学基础.md
[2025-09-10 01:24:50] 已添加对齐段落: 01-哲学基础理论/04-伦理学基础.md
[2025-09-10 01:24:50] 已添加对齐段落: 01-哲学基础理论/04-逻辑学基础.md
[2025-09-10 01:24:50] 已添加对齐段落: 01-哲学基础理论/05-伦理学基础.md
[2025-09-10 01:24:50] 已添加对齐段落: 01-哲学基础理论/05-形而上学基础.md
[2025-09-10 01:24:50] 已添加对齐段落: 01-哲学基础理论/06-形而上学基础.md
[2025-09-10 01:24:50] 已添加对齐段落: 01-哲学基础理论/06-现象学基础.md
[2025-09-10 01:24:50] 已添加对齐段落: 01-哲学基础理论/06-美学基础.md
[2025-09-10 01:24:50] 已添加对齐段落: 01-哲学基础理论/07-缺陷与纠偏理论.md
[2025-09-10 01:24:50] 已处理 50 个文件...
[2025-09-10 01:24:50] 已添加对齐段落: 01-哲学基础理论/07-美学基础.md
[2025-09-10 01:24:50] 已添加对齐段落: 01-哲学基础理论/07-语言哲学基础.md
[2025-09-10 01:24:50] 已添加对齐段落: 01-哲学基础理论/08-心灵哲学基础.md
[2025-09-10 01:24:50] 已添加对齐段落: 01-哲学基础理论/08-现象学基础.md
[2025-09-10 01:24:50] 已添加对齐段落: 01-哲学基础理论/09-科学哲学基础.md
[2025-09-10 01:24:50] 已添加对齐段落: 01-哲学基础理论/09-缺陷与纠偏理论.md
[2025-09-10 01:24:50] 已添加对齐段落: 01-哲学基础理论/10-技术哲学基础.md
[2025-09-10 01:24:50] 已添加对齐段落: 01-哲学基础理论/10-语言哲学基础.md
[2025-09-10 01:24:50] 已添加对齐段落: 01-哲学基础理论/11-信息哲学基础.md
[2025-09-10 01:24:50] 已添加对齐段落: 01-哲学基础理论/11-心灵哲学基础.md
[2025-09-10 01:24:50] 已处理 60 个文件...
[2025-09-10 01:24:50] 已添加对齐段落: 01-哲学基础理论/12-科学哲学基础.md
[2025-09-10 01:24:50] 已添加对齐段落: 01-哲学基础理论/12-认知科学基础.md
[2025-09-10 01:24:51] 已添加对齐段落: 01-哲学基础理论/13-技术哲学基础.md
[2025-09-10 01:24:51] 已添加对齐段落: 01-哲学基础理论/14-信息哲学基础.md
[2025-09-10 01:24:51] 已添加对齐段落: 01-哲学基础理论/15-认知科学基础.md
[2025-09-10 01:24:51] 已添加对齐段落: 01-理论体系/01-统一形式理论综合.md
[2025-09-10 01:24:51] 已添加对齐段落: 01-理论体系/02-类型理论深化.md
[2025-09-10 01:24:51] 已添加对齐段落: 01-理论体系/03-时序逻辑控制深化.md
[2025-09-10 01:24:51] 已添加对齐段落: 01-理论体系/04-Petri网与控制论.md
[2025-09-10 01:24:51] 已添加对齐段落: 01-理论体系/05-线性仿射时序类型理论.md
[2025-09-10 01:24:51] 已处理 70 个文件...
[2025-09-10 01:24:51] 已添加对齐段落: 01-理论体系/06-形式语言理论深化.md
[2025-09-10 01:24:51] 已添加对齐段落: 01-理论体系/07-形式模型理论深化.md
[2025-09-10 01:24:51] 已添加对齐段落: 01-理论体系/08-理论统一与整合.md
[2025-09-10 01:24:51] 已添加对齐段落: 01-理论体系/09-实践应用开发.md
[2025-09-10 01:24:51] 已添加对齐段落: 01-理论体系/10-概念定义与论证深化.md
[2025-09-10 01:24:51] 已添加对齐段落: 01-理论体系/11-统一状态转换系统USTS.md
[2025-09-10 01:24:51] 已添加对齐段落: 01-理论体系/12-统一模块化系统UMS.md
[2025-09-10 01:24:51] 已添加对齐段落: 01-理论体系/13-理论映射与证明框架.md
[2025-09-10 01:24:51] 已添加对齐段落: 01-知识梳理框架/01-梳理计划与执行.md
[2025-09-10 01:24:51] 已添加对齐段落: 01-知识梳理框架/02-FormalUnified目录内容分析.md
[2025-09-10 01:24:51] 已处理 80 个文件...
[2025-09-10 01:24:51] 已添加对齐段落: 02-数学理论体系/00-数学理论体系总论-形式化规范版.md
[2025-09-10 01:24:51] 已添加对齐段落: 02-数学理论体系/00-数学理论体系总论-整合版.md
[2025-09-10 01:24:51] 已添加对齐段落: 02-数学理论体系/00-数学理论体系总论.md
[2025-09-10 01:24:51] 文件已对齐，跳过: 02-数学理论体系/01-集合论基础.md
[2025-09-10 01:24:51] 文件已对齐，跳过: 02-数学理论体系/02-代数基础.md
[2025-09-10 01:24:51] 已添加对齐段落: 02-数学理论体系/03-代数基础.md
[2025-09-10 01:24:51] 文件已对齐，跳过: 02-数学理论体系/03-几何基础.md
[2025-09-10 01:24:51] 已添加对齐段落: 02-数学理论体系/03-分析基础.md
[2025-09-10 01:24:51] 已添加对齐段落: 02-数学理论体系/03-概率统计基础.md
[2025-09-10 01:24:51] 已添加对齐段落: 02-数学理论体系/04-几何基础.md
[2025-09-10 01:24:51] 文件已对齐，跳过: 02-数学理论体系/04-分析基础.md
[2025-09-10 01:24:51] 已添加对齐段落: 02-数学理论体系/04-拓扑基础.md
[2025-09-10 01:24:51] 已添加对齐段落: 02-数学理论体系/05-分析基础.md
[2025-09-10 01:24:51] 文件已对齐，跳过: 02-数学理论体系/05-拓扑基础.md
[2025-09-10 01:24:51] 已添加对齐段落: 02-数学理论体系/05-概率统计基础.md
[2025-09-10 01:24:51] 已处理 90 个文件...
[2025-09-10 01:24:51] 文件已对齐，跳过: 02-数学理论体系/05-范畴论基础.md
[2025-09-10 01:24:51] 已添加对齐段落: 02-数学理论体系/06-拓扑基础.md
[2025-09-10 01:24:51] 文件已对齐，跳过: 02-数学理论体系/06-数论基础.md
[2025-09-10 01:24:51] 已添加对齐段落: 02-数学理论体系/06-范畴论基础.md
[2025-09-10 01:24:51] 已添加对齐段落: 02-数学理论体系/07-数论基础.md
[2025-09-10 01:24:51] 已添加对齐段落: 02-数学理论体系/07-概率论基础.md
[2025-09-10 01:24:51] 已添加对齐段落: 02-数学理论体系/07-范畴论基础.md
[2025-09-10 01:24:51] 已添加对齐段落: 02-数学理论体系/08-概率论基础.md
[2025-09-10 01:24:51] 已添加对齐段落: 02-数学理论体系/08-统计学基础.md
[2025-09-10 01:24:51] 已添加对齐段落: 02-数学理论体系/09-数论基础.md
[2025-09-10 01:24:51] 已添加对齐段落: 02-数学理论体系/09-统计学基础.md
[2025-09-10 01:24:51] 已添加对齐段落: 02-数学理论体系/10-数论基础.md
[2025-09-10 01:24:51] 已处理 100 个文件...
[2025-09-10 01:24:51] 已添加对齐段落: 02-数学理论体系/10-组合数学基础.md
[2025-09-10 01:24:51] 已添加对齐段落: 02-数学理论体系/11-离散数学基础.md
[2025-09-10 01:24:51] 已添加对齐段落: 02-数学理论体系/11-组合数学基础.md
[2025-09-10 01:24:51] 已添加对齐段落: 02-数学理论体系/12-概率论基础.md
[2025-09-10 01:24:51] 已添加对齐段落: 02-数学理论体系/12-离散数学基础.md
[2025-09-10 01:24:51] 已添加对齐段落: 02-数学理论体系/13-概率论基础.md
[2025-09-10 01:24:51] 已添加对齐段落: 02-数学理论体系/13-统计学基础.md
[2025-09-10 01:24:51] 已添加对齐段落: 02-数学理论体系/14-信息论基础.md
[2025-09-10 01:24:51] 已添加对齐段落: 02-数学理论体系/14-统计学基础.md
[2025-09-10 01:24:51] 已添加对齐段落: 02-数学理论体系/15-信息论基础.md
[2025-09-10 01:24:51] 已处理 110 个文件...
[2025-09-10 01:24:51] 已添加对齐段落: 02-数学理论体系/15-博弈论基础.md
[2025-09-10 01:24:51] 已添加对齐段落: 02-数学理论体系/16-优化理论基础.md
[2025-09-10 01:24:51] 已添加对齐段落: 02-数学理论体系/16-博弈论基础.md
[2025-09-10 01:24:51] 已添加对齐段落: 02-数学理论体系/17-优化理论基础.md
[2025-09-10 01:24:51] 已添加对齐段落: 02-数学理论体系/17-控制理论基础.md
[2025-09-10 01:24:51] 已添加对齐段落: 02-数学理论体系/18-控制理论基础.md
[2025-09-10 01:24:51] 已添加对齐段落: 02-数学理论体系/category-theory/1-概览.md
[2025-09-10 01:24:51] 已添加对齐段落: 02-数学理论体系/category-theory/2-核心概念.md
[2025-09-10 01:24:51] 已添加对齐段落: 02-数学理论体系/category-theory/3-典型方法.md
[2025-09-10 01:24:51] 已添加对齐段落: 02-数学理论体系/category-theory/4-案例与应用.md
[2025-09-10 01:24:51] 已处理 120 个文件...
[2025-09-10 01:24:51] 已添加对齐段落: 03-形式语言理论体系/00-形式语言理论体系总论-整合版.md
[2025-09-10 01:24:51] 已添加对齐段落: 03-形式语言理论体系/00-形式语言理论统一总论.md
[2025-09-10 01:24:51] 已添加对齐段落: 03-形式语言理论体系/00a-形式语言的多维批判性分析.md
[2025-09-10 01:24:51] 已添加对齐段落: 03-形式语言理论体系/01-自动机理论_原始.md
[2025-09-10 01:24:51] 文件已对齐，跳过: 03-形式语言理论体系/01-自动机统一理论.md
[2025-09-10 01:24:51] 已添加对齐段落: 03-形式语言理论体系/02-形式语法.md
[2025-09-10 01:24:51] 文件已对齐，跳过: 03-形式语言理论体系/02-语法理论.md
[2025-09-10 01:24:51] 文件已对齐，跳过: 03-形式语言理论体系/03-语义理论.md
[2025-09-10 01:24:51] 已添加对齐段落: 03-形式语言理论体系/03-语言理论.md
[2025-09-10 01:24:51] 文件已对齐，跳过: 03-形式语言理论体系/04-类型理论.md
[2025-09-10 01:24:51] 已添加对齐段落: 03-形式语言理论体系/04-计算理论.md
[2025-09-10 01:24:51] 已添加对齐段落: 03-形式语言理论体系/04a-类型理论基础与演进.md
[2025-09-10 01:24:51] 文件已对齐，跳过: 03-形式语言理论体系/05-计算理论.md
[2025-09-10 01:24:51] 已添加对齐段落: 03-形式语言理论体系/05-语言理论工具.md
[2025-09-10 01:24:51] 已添加对齐段落: 03-形式语言理论体系/05-语言理论应用.md
[2025-09-10 01:24:51] 已处理 130 个文件...
[2025-09-10 01:24:51] 文件已对齐，跳过: 03-形式语言理论体系/06-语言理论工具.md
[2025-09-10 01:24:51] 已添加对齐段落: 03-形式语言理论体系/06-语言理论验证.md
[2025-09-10 01:24:51] 已添加对齐段落: 03-形式语言理论体系/06-语言设计.md
[2025-09-10 01:24:51] 已添加对齐段落: 03-形式语言理论体系/07-时序逻辑与模型检测.md
[2025-09-10 01:24:51] 文件已对齐，跳过: 03-形式语言理论体系/07-语言理论应用.md
[2025-09-10 01:24:51] 已添加对齐段落: 03-形式语言理论体系/08-类型理论.md
[2025-09-10 01:24:51] 已添加对齐段落: 03-形式语言理论体系/08-语言理论验证.md
[2025-09-10 01:24:51] 已添加对齐段落: 03-形式语言理论体系/09-语言理论工具.md
[2025-09-10 01:24:51] 已添加对齐段落: 03-形式语言理论体系/formal-language/1-概览.md
[2025-09-10 01:24:51] 已添加对齐段落: 03-形式语言理论体系/formal-language/2-核心概念.md
[2025-09-10 01:24:51] 已添加对齐段落: 03-形式语言理论体系/formal-language/3-典型方法.md
[2025-09-10 01:24:51] 已添加对齐段落: 03-形式语言理论体系/formal-language/4-案例与应用.md
[2025-09-10 01:24:51] 已处理 140 个文件...
[2025-09-10 01:24:51] 已添加对齐段落: 04-形式模型理论体系/00-形式模型理论体系总论-整合版.md
[2025-09-10 01:24:51] 文件已对齐，跳过: 04-形式模型理论体系/00-形式模型理论统一总论.md
[2025-09-10 01:24:51] 文件已对齐，跳过: 04-形式模型理论体系/01-状态机理论.md
[2025-09-10 01:24:51] 文件已对齐，跳过: 04-形式模型理论体系/02-Petri网理论.md
[2025-09-10 01:24:51] 文件已对齐，跳过: 04-形式模型理论体系/03-时序逻辑理论.md
[2025-09-10 01:24:51] 已添加对齐段落: 04-形式模型理论体系/04-控制理论.md
[2025-09-10 01:24:51] 已添加对齐段落: 04-形式模型理论体系/04-模型验证理论.md
[2025-09-10 01:24:51] 已添加对齐段落: 04-形式模型理论体系/05-形式化验证理论.md
[2025-09-10 01:24:51] 已添加对齐段落: 04-形式模型理论体系/05-模型转换理论.md
[2025-09-10 01:24:51] 已添加对齐段落: 04-形式模型理论体系/06-模型验证理论.md
[2025-09-10 01:24:51] 已添加对齐段落: 04-形式模型理论体系/07-模型优化理论.md
[2025-09-10 01:24:51] 已添加对齐段落: 04-形式模型理论体系/08-模型集成理论.md
[2025-09-10 01:24:51] 已添加对齐段落: 04-形式模型理论体系/09-统一形式化验证系统理论.md
[2025-09-10 01:24:51] 已添加对齐段落: 04-形式模型理论体系/FormalModel-Model-HoTT.md
[2025-09-10 01:24:51] 已处理 150 个文件...
[2025-09-10 01:24:51] 已添加对齐段落: 04-形式模型理论体系/FormalModel-Software-WorkFlow.md
[2025-09-10 01:24:51] 已添加对齐段落: 04-形式模型理论体系/统一状态转换系统理论.md
[2025-09-10 01:24:51] 已添加对齐段落: 04-形式模型理论体系/量子模块理论基础研究.md
[2025-09-10 01:24:51] 已添加对齐段落: 04-形式模型理论体系/06-迁移内容临时区/08-混合系统理论.md
[2025-09-10 01:24:51] 已添加对齐段落: 04-形式模型理论体系/06-迁移内容临时区/10-协议验证理论.md
[2025-09-10 01:24:51] 已添加对齐段落: 04-软件架构理论体系/00-软件架构理论体系总论-整合版.md
[2025-09-10 01:24:51] 文件已对齐，跳过: 04-软件架构理论体系/00-软件架构理论统一总论.md
[2025-09-10 01:24:51] 文件已对齐，跳过: 04-软件架构理论体系/01-架构模式理论.md
[2025-09-10 01:24:51] 已添加对齐段落: 04-软件架构理论体系/01a-设计模式详解.md
[2025-09-10 01:24:51] 文件已对齐，跳过: 04-软件架构理论体系/02-组件理论.md
[2025-09-10 01:24:51] 已添加对齐段落: 04-软件架构理论体系/02a-认证授权组件化架构深度解析.md
[2025-09-10 01:24:51] 已添加对齐段落: 04-软件架构理论体系/03-接口理论.md
[2025-09-10 01:24:51] 已添加对齐段落: 04-软件架构理论体系/04-云原生架构理论.md
[2025-09-10 01:24:51] 已处理 160 个文件...
[2025-09-10 01:24:51] 已添加对齐段落: 04-软件架构理论体系/04-分层与云原生架构理论.md
[2025-09-10 01:24:51] 已添加对齐段落: 04-软件架构理论体系/04-分层架构理论.md
[2025-09-10 01:24:51] 已添加对齐段落: 04-软件架构理论体系/04-统一模块化系统理论.md
[2025-09-10 01:24:51] 已添加对齐段落: 04-软件架构理论体系/05-分布式架构理论.md
[2025-09-10 01:24:51] 已添加对齐段落: 04-软件架构理论体系/05-统一状态转换系统理论.md
[2025-09-10 01:24:51] 已添加对齐段落: 04-软件架构理论体系/06-WebAssembly架构理论.md
[2025-09-10 01:24:51] 已添加对齐段落: 04-软件架构理论体系/06-微服务与WebAssembly架构理论.md
[2025-09-10 01:24:51] 已添加对齐段落: 04-软件架构理论体系/06-微服务架构理论.md
[2025-09-10 01:24:51] 已添加对齐段落: 04-软件架构理论体系/06-架构风格与质量属性.md
[2025-09-10 01:24:51] 已添加对齐段落: 04-软件架构理论体系/07-工作流架构理论.md
[2025-09-10 01:24:51] 已处理 170 个文件...
[2025-09-10 01:24:51] 已添加对齐段落: 04-软件架构理论体系/07-控制理论基础.md
[2025-09-10 01:24:51] 已添加对齐段落: 04-软件架构理论体系/07-架构演化与动态适应.md
[2025-09-10 01:24:51] 已添加对齐段落: 04-软件架构理论体系/07-架构评估与工作流理论.md
[2025-09-10 01:24:51] 已添加对齐段落: 04-软件架构理论体系/07-架构评估理论.md
[2025-09-10 01:24:51] 已添加对齐段落: 04-软件架构理论体系/08-事件驱动架构理论.md
[2025-09-10 01:24:51] 已添加对齐段落: 04-软件架构理论体系/08-架构安全与鲁棒性.md
[2025-09-10 01:24:51] 已添加对齐段落: 04-软件架构理论体系/09-安全架构理论.md
[2025-09-10 01:24:51] 已添加对齐段落: 04-软件架构理论体系/09-架构可观测性与运维.md
[2025-09-10 01:24:51] 已添加对齐段落: 04-软件架构理论体系/10-AI驱动软件工程前沿专题.md
[2025-09-10 01:24:51] 已添加对齐段落: 04-软件架构理论体系/10-架构自动化与智能化.md
[2025-09-10 01:24:51] 已处理 180 个文件...
[2025-09-10 01:24:51] 已添加对齐段落: 04-软件架构理论体系/10-统一架构质量系统理论.md
[2025-09-10 01:24:51] 已添加对齐段落: 04-软件架构理论体系/11-架构案例与应用拓展.md
[2025-09-10 01:24:51] 已添加对齐段落: 04-软件架构理论体系/11-量子计算架构前沿专题.md
[2025-09-10 01:24:51] 已添加对齐段落: 04-软件架构理论体系/12-区块链安全前沿专题.md
[2025-09-10 01:24:51] 已添加对齐段落: 04-软件架构理论体系/12-架构理论前沿专题.md
[2025-09-10 01:24:51] 已添加对齐段落: 04-软件架构理论体系/13-架构理论批判与未来展望.md
[2025-09-10 01:24:51] 已添加对齐段落: 04-软件架构理论体系/UMS应用指南.md
[2025-09-10 01:24:51] 已添加对齐段落: 04-软件架构理论体系/统一模块化系统理论.md
[2025-09-10 01:24:51] 已添加对齐段落: 05-编程语言理论体系/00-编程语言理论体系总论-整合版.md
[2025-09-10 01:24:51] 已添加对齐段落: 05-编程语言理论体系/00-编程语言理论统一总论.md
[2025-09-10 01:24:51] 已处理 190 个文件...
[2025-09-10 01:24:51] 已添加对齐段落: 05-编程语言理论体系/01-类型理论.md
[2025-09-10 01:24:51] 文件已对齐，跳过: 05-编程语言理论体系/01-语法与语言设计统一理论.md
[2025-09-10 01:24:51] 已添加对齐段落: 05-编程语言理论体系/01-语法理论.md
[2025-09-10 01:24:51] 已添加对齐段落: 05-编程语言理论体系/01-语言设计理论与原则.md
[2025-09-10 01:24:51] 已添加对齐段落: 05-编程语言理论体系/02-类型理论.md
[2025-09-10 01:24:51] 文件已对齐，跳过: 05-编程语言理论体系/02-语义与语法统一理论.md
[2025-09-10 01:24:51] 已添加对齐段落: 05-编程语言理论体系/02-语义理论.md
[2025-09-10 01:24:51] 已添加对齐段落: 05-编程语言理论体系/02-语法和语义.md
[2025-09-10 01:24:51] 已添加对齐段落: 05-编程语言理论体系/02-语言设计理论.md
[2025-09-10 01:24:51] 已添加对齐段落: 05-编程语言理论体系/03-并发模型.md
[2025-09-10 01:24:51] 已添加对齐段落: 05-编程语言理论体系/03-并发编程理论.md
[2025-09-10 01:24:51] 已添加对齐段落: 05-编程语言理论体系/03-类型理论.md
[2025-09-10 01:24:51] 已处理 200 个文件...
[2025-09-10 01:24:51] 文件已对齐，跳过: 05-编程语言理论体系/03-类型统一理论.md
[2025-09-10 01:24:51] 已添加对齐段落: 05-编程语言理论体系/03-编译器理论.md
[2025-09-10 01:24:51] 已添加对齐段落: 05-编程语言理论体系/04-函数式编程理论.md
[2025-09-10 01:24:51] 已添加对齐段落: 05-编程语言理论体系/04-类型系统.md
[2025-09-10 01:24:51] 已添加对齐段落: 05-编程语言理论体系/04-编译理论.md
[2025-09-10 01:24:51] 文件已对齐，跳过: 05-编程语言理论体系/04-编译统一理论.md
[2025-09-10 01:24:51] 已添加对齐段落: 05-编程语言理论体系/05-运行时理论.md
[2025-09-10 01:24:51] 已添加对齐段落: 05-编程语言理论体系/05-面向对象编程理论.md
[2025-09-10 01:24:51] 已添加对齐段落: 05-编程语言理论体系/06-并发理论.md
[2025-09-10 01:24:51] 已添加对齐段落: 05-编程语言理论体系/06-并发编程理论.md
[2025-09-10 01:24:51] 已添加对齐段落: 05-编程语言理论体系/07-元编程理论.md
[2025-09-10 01:24:51] 已添加对齐段落: 05-编程语言理论体系/07-统一并发运行时系统理论.md
[2025-09-10 01:24:51] 已处理 210 个文件...
[2025-09-10 01:24:51] 已添加对齐段落: 05-编程语言理论体系/07-语言设计理论.md
[2025-09-10 01:24:51] 已添加对齐段落: 05-编程语言理论体系/08-函数式编程理论.md
[2025-09-10 01:24:51] 已添加对齐段落: 05-编程语言理论体系/08-领域特定语言理论.md
[2025-09-10 01:24:51] 已添加对齐段落: 05-编程语言理论体系/09-面向对象编程理论.md
[2025-09-10 01:24:51] 已添加对齐段落: 05-编程语言理论体系/10-类型系统前沿理论.md
[2025-09-10 01:24:51] 已添加对齐段落: 05-编程语言理论体系/11-多范式编程理论.md
[2025-09-10 01:24:51] 已添加对齐段落: 05-编程语言理论体系/Rust语言精髓/01-所有权系统多维度分析.md
[2025-09-10 01:24:51] 已添加对齐段落: 05-编程语言理论体系/Rust语言精髓/02-泛型与特征系统.md
[2025-09-10 01:24:51] 已添加对齐段落: 05-编程语言理论体系/Rust语言精髓/03-并发模型与SendSync.md
[2025-09-10 01:24:51] 已添加对齐段落: 05-编程语言理论体系/Rust语言精髓/04-异步编程与Future.md
[2025-09-10 01:24:51] 已处理 220 个文件...
[2025-09-10 01:24:51] 已添加对齐段落: 06-软件架构理论体系/00-软件架构理论体系总论-整合版.md
[2025-09-10 01:24:51] 已添加对齐段落: 06-软件架构理论体系/00-软件架构理论体系总论.md
[2025-09-10 01:24:51] 已添加对齐段落: 06-软件架构理论体系/01-架构模式理论.md
[2025-09-10 01:24:51] 已添加对齐段落: 06-软件架构理论体系/03-设计模式理论.md
[2025-09-10 01:24:51] 已添加对齐段落: 06-软件架构理论体系/05-微服务架构理论.md
[2025-09-10 01:24:51] 已添加对齐段落: 06-软件架构理论体系/06-云原生架构理论.md
[2025-09-10 01:24:51] 已添加对齐段落: 06-软件架构理论体系/07-事件驱动架构理论.md
[2025-09-10 01:24:51] 已添加对齐段落: 06-软件架构理论体系/08-服务网格架构理论.md
[2025-09-10 01:24:51] 已添加对齐段落: 06-软件架构理论体系/软件架构基础设施分析.md
[2025-09-10 01:24:51] 文件已对齐，跳过: 07-分布式与微服务/00-分布式与微服务理论体系总论-整合版.md
[2025-09-10 01:24:51] 已添加对齐段落: 07-分布式与微服务/01-分布式系统理论.md
[2025-09-10 01:24:51] 已处理 230 个文件...
[2025-09-10 01:24:51] 已添加对齐段落: 07-分布式与微服务/01-架构模式理论.md
[2025-09-10 01:24:51] 已添加对齐段落: 07-分布式与微服务/03-设计模式理论.md
[2025-09-10 01:24:51] 已添加对齐段落: 07-分布式与微服务/05-微服务架构理论.md
[2025-09-10 01:24:51] 已添加对齐段落: 07-分布式与微服务/06-云原生架构理论.md
[2025-09-10 01:24:51] 已添加对齐段落: 07-分布式与微服务/07-事件驱动架构理论.md
[2025-09-10 01:24:51] 已添加对齐段落: 07-分布式与微服务/08-服务网格架构理论.md
[2025-09-10 01:24:51] 已添加对齐段落: 07-分布式与微服务/2-WorkflowDomain.md
[2025-09-10 01:24:51] 已添加对齐段落: 07-分布式与微服务/2.2-WorkflowDomain-建模与表达.md
[2025-09-10 01:24:51] 已添加对齐段落: 07-分布式与微服务/2.3-WorkflowDomain-主流平台.md
[2025-09-10 01:24:51] 已添加对齐段落: 07-分布式与微服务/2.4-WorkflowDomain-微服务集成.md
[2025-09-10 01:24:51] 已处理 240 个文件...
[2025-09-10 01:24:51] 已添加对齐段落: 07-分布式与微服务/2.5-WorkflowDomain-RustGo实践.md
[2025-09-10 01:24:51] 已添加对齐段落: 07-分布式与微服务/2.7-WorkflowDomain-参考文献.md
[2025-09-10 01:24:51] 已添加对齐段落: 07-分布式与微服务/04-软件架构理论体系/00-软件架构理论统一总论.md
[2025-09-10 01:24:51] 已添加对齐段落: 07-分布式与微服务/04-软件架构理论体系/01-架构模式理论.md
[2025-09-10 01:24:51] 已添加对齐段落: 07-分布式与微服务/04-软件架构理论体系/01a-设计模式详解.md
[2025-09-10 01:24:51] 已添加对齐段落: 07-分布式与微服务/04-软件架构理论体系/02-组件理论.md
[2025-09-10 01:24:51] 已添加对齐段落: 07-分布式与微服务/04-软件架构理论体系/02a-认证授权组件化架构深度解析.md
[2025-09-10 01:24:52] 已添加对齐段落: 07-分布式与微服务/04-软件架构理论体系/03-接口理论.md
[2025-09-10 01:24:52] 已添加对齐段落: 07-分布式与微服务/04-软件架构理论体系/04-云原生架构理论.md
[2025-09-10 01:24:52] 已添加对齐段落: 07-分布式与微服务/04-软件架构理论体系/04-分层与云原生架构理论.md
[2025-09-10 01:24:52] 已处理 250 个文件...
[2025-09-10 01:24:52] 已添加对齐段落: 07-分布式与微服务/04-软件架构理论体系/04-分层架构理论.md
[2025-09-10 01:24:52] 已添加对齐段落: 07-分布式与微服务/04-软件架构理论体系/04-统一模块化系统理论.md
[2025-09-10 01:24:52] 已添加对齐段落: 07-分布式与微服务/04-软件架构理论体系/05-分布式架构理论.md
[2025-09-10 01:24:52] 已添加对齐段落: 07-分布式与微服务/04-软件架构理论体系/05-统一状态转换系统理论.md
[2025-09-10 01:24:52] 已添加对齐段落: 07-分布式与微服务/04-软件架构理论体系/06-WebAssembly架构理论.md
[2025-09-10 01:24:52] 已添加对齐段落: 07-分布式与微服务/04-软件架构理论体系/06-微服务与WebAssembly架构理论.md
[2025-09-10 01:24:52] 已添加对齐段落: 07-分布式与微服务/04-软件架构理论体系/06-微服务架构理论.md
[2025-09-10 01:24:52] 已添加对齐段落: 07-分布式与微服务/04-软件架构理论体系/06-架构风格与质量属性.md
[2025-09-10 01:24:52] 已添加对齐段落: 07-分布式与微服务/04-软件架构理论体系/07-工作流架构理论.md
[2025-09-10 01:24:52] 已添加对齐段落: 07-分布式与微服务/04-软件架构理论体系/07-控制理论基础.md
[2025-09-10 01:24:52] 已处理 260 个文件...
[2025-09-10 01:24:52] 已添加对齐段落: 07-分布式与微服务/04-软件架构理论体系/07-架构演化与动态适应.md
[2025-09-10 01:24:52] 已添加对齐段落: 07-分布式与微服务/04-软件架构理论体系/07-架构评估与工作流理论.md
[2025-09-10 01:24:52] 已添加对齐段落: 07-分布式与微服务/04-软件架构理论体系/07-架构评估理论.md
[2025-09-10 01:24:52] 已添加对齐段落: 07-分布式与微服务/04-软件架构理论体系/08-事件驱动架构理论.md
[2025-09-10 01:24:52] 已添加对齐段落: 07-分布式与微服务/04-软件架构理论体系/08-架构安全与鲁棒性.md
[2025-09-10 01:24:52] 已添加对齐段落: 07-分布式与微服务/04-软件架构理论体系/09-安全架构理论.md
[2025-09-10 01:24:52] 已添加对齐段落: 07-分布式与微服务/04-软件架构理论体系/09-架构可观测性与运维.md
[2025-09-10 01:24:52] 已添加对齐段落: 07-分布式与微服务/04-软件架构理论体系/10-AI驱动软件工程前沿专题.md
[2025-09-10 01:24:52] 已添加对齐段落: 07-分布式与微服务/04-软件架构理论体系/10-架构自动化与智能化.md
[2025-09-10 01:24:52] 已添加对齐段落: 07-分布式与微服务/04-软件架构理论体系/10-统一架构质量系统理论.md
[2025-09-10 01:24:52] 已处理 270 个文件...
[2025-09-10 01:24:52] 已添加对齐段落: 07-分布式与微服务/04-软件架构理论体系/11-架构案例与应用拓展.md
[2025-09-10 01:24:52] 已添加对齐段落: 07-分布式与微服务/04-软件架构理论体系/11-量子计算架构前沿专题.md
[2025-09-10 01:24:52] 已添加对齐段落: 07-分布式与微服务/04-软件架构理论体系/12-区块链安全前沿专题.md
[2025-09-10 01:24:52] 已添加对齐段落: 07-分布式与微服务/04-软件架构理论体系/12-架构理论前沿专题.md
[2025-09-10 01:24:52] 已添加对齐段落: 07-分布式与微服务/04-软件架构理论体系/13-架构理论批判与未来展望.md
[2025-09-10 01:24:52] 已添加对齐段落: 07-分布式与微服务/04-软件架构理论体系/UMS应用指南.md
[2025-09-10 01:24:52] 已添加对齐段落: 07-分布式与微服务/04-软件架构理论体系/统一模块化系统理论.md
[2025-09-10 01:24:52] 已添加对齐段落: 07-分布式与微服务/1.1-Microservice/1.2-WorkflowDomain-案例与实现.md
[2025-09-10 01:24:52] 已添加对齐段落: 07-分布式与微服务/1.1-Microservice/1.2-WorkflowDomain.md
[2025-09-10 01:24:52] 已添加对齐段落: 07-分布式与微服务/1.1-Microservice/1.3-DesignPattern.md
[2025-09-10 01:24:52] 已处理 280 个文件...
[2025-09-10 01:24:52] 已添加对齐段落: 07-分布式与微服务/1.1-Microservice/1.4-Component.md
[2025-09-10 01:24:52] 已添加对齐段落: 07-分布式与微服务/1.1-Microservice/1.5-Other.md
[2025-09-10 01:24:52] 已添加对齐段落: 07-分布式与微服务/1.1-Microservice/1.1.1-Workflow/Gin微服务设计与实现.md
[2025-09-10 01:24:52] 已添加对齐段落: 07-分布式与微服务/1.1-Microservice/1.1.1-Workflow/代码质量与静态分析.md
[2025-09-10 01:24:52] 已添加对齐段落: 07-分布式与微服务/1.1-Microservice/1.1.1-Workflow/构建与编译优化.md
[2025-09-10 01:24:52] 已添加对齐段落: 07-分布式与微服务/1.1-Microservice/1.1.1-Workflow/核心库与框架.md
[2025-09-10 01:24:52] 已添加对齐段落: 07-分布式与微服务/1.1-Microservice/1.1.1-Workflow/测试与基准分析.md
[2025-09-10 01:24:52] 已添加对齐段落: 07-分布式与微服务/1.1-Microservice/1.1.1-Workflow/项目结构与布局规范.md
[2025-09-10 01:24:52] 已添加对齐段落: 07-分布式与微服务/1.1-Microservice/1.1.2-Integration/RPC与Web框架集成.md
[2025-09-10 01:24:52] 已添加对齐段落: 07-分布式与微服务/1.1-Microservice/1.1.2-Integration/异步协议与事件驱动集成.md
[2025-09-10 01:24:52] 已处理 290 个文件...
[2025-09-10 01:24:52] 已添加对齐段落: 07-分布式与微服务/1.1-Microservice/1.1.3-CI_CD/CI_CD与DevOps实践.md
[2025-09-10 01:24:52] 已添加对齐段落: 07-分布式与微服务/1.1-Microservice/1.1.4-Observability/OpenTelemetry集成实践.md
[2025-09-10 01:24:52] 已添加对齐段落: 07-分布式与微服务/1.1-Microservice/1.1.5-DesignPattern/design_pattern_01.md
[2025-09-10 01:24:52] 已添加对齐段落: 07-分布式与微服务/1.1-Microservice/1.1.5-DesignPattern/design_pattern_02.md
[2025-09-10 01:24:52] 已添加对齐段落: 07-理论统一与整合/00-理论统一与整合总论.md
[2025-09-10 01:24:52] 已添加对齐段落: 07-理论统一与整合/01-理论映射关系.md
[2025-09-10 01:24:52] 已添加对齐段落: 07-理论统一与整合/01-统一形式化理论综述.md
[2025-09-10 01:24:52] 已添加对齐段落: 07-理论统一与整合/02-前沿专题与工程案例索引.md
[2025-09-10 01:24:52] 已添加对齐段落: 07-理论统一与整合/02-统一形式化理论综述.md
[2025-09-10 01:24:52] 已添加对齐段落: 07-理论统一与整合/02-统一符号体系.md
[2025-09-10 01:24:52] 已处理 300 个文件...
[2025-09-10 01:24:52] 已添加对齐段落: 07-理论统一与整合/02-证明与验证技术映射研究.md
[2025-09-10 01:24:52] 已添加对齐段落: 07-理论统一与整合/03-理论转换机制.md
[2025-09-10 01:24:52] 已添加对齐段落: 07-理论统一与整合/03-跨领域证明.md
[2025-09-10 01:24:52] 已添加对齐段落: 07-理论统一与整合/03-运行时与并发理论合并分析.md
[2025-09-10 01:24:52] 已添加对齐段落: 07-理论统一与整合/04-UCU案例分析_生产者消费者模型.md
[2025-09-10 01:24:52] 已添加对齐段落: 07-理论统一与整合/04-应用框架.md
[2025-09-10 01:24:52] 已添加对齐段落: 07-理论统一与整合/04-理论应用框架.md
[2025-09-10 01:24:52] 已添加对齐段落: 07-理论统一与整合/05-理论评估框架.md
[2025-09-10 01:24:52] 已添加对齐段落: 07-理论统一与整合/06-理论演化框架.md
[2025-09-10 01:24:52] 已添加对齐段落: 07-理论统一与整合/07-理论创新框架.md
[2025-09-10 01:24:52] 已处理 310 个文件...
[2025-09-10 01:24:52] 已添加对齐段落: 07-理论统一与整合/08-统一理论表示系统理论.md
[2025-09-10 01:24:52] 已添加对齐段落: 07-理论统一与整合/09-统一知识表示系统理论.md
[2025-09-10 01:24:52] 已添加对齐段落: 07-理论统一与整合/10-统一算法数据结构理论.md
[2025-09-10 01:24:52] 已添加对齐段落: 07-理论统一与整合/11-统一设计架构模式系统理论.md
[2025-09-10 01:24:52] 已添加对齐段落: 07-理论统一与整合/12-统一测试验证系统理论.md
[2025-09-10 01:24:52] 已添加对齐段落: 07-理论统一与整合/13-统一编译解释系统理论.md
[2025-09-10 01:24:52] 已添加对齐段落: 07-理论统一与整合/14-统一数据管理系统理论.md
[2025-09-10 01:24:52] 已添加对齐段落: 07-理论统一与整合/15-统一网络通信系统理论.md
[2025-09-10 01:24:52] 已添加对齐段落: 07-理论统一与整合/16-统一安全密码系统理论.md
[2025-09-10 01:24:52] 已添加对齐段落: 07-理论统一与整合/17-统一智能系统理论.md
[2025-09-10 01:24:52] 已处理 320 个文件...
[2025-09-10 01:24:52] 已添加对齐段落: 07-理论统一与整合/18-统一操作系统软件理论.md
[2025-09-10 01:24:52] 已添加对齐段落: 07-理论统一与整合/19-统一计算系统理论.md
[2025-09-10 01:24:52] 已添加对齐段落: 07-理论统一与整合/20-统一分布式共识系统理论.md
[2025-09-10 01:24:52] 已添加对齐段落: 07-理论统一与整合/21-统一边缘云系统理论.md
[2025-09-10 01:24:52] 已添加对齐段落: 07-理论统一与整合/内容整合计划.md
[2025-09-10 01:24:52] 已添加对齐段落: 07-理论统一与整合/统一理论知识图谱分析.md
[2025-09-10 01:24:52] 文件已对齐，跳过: 08-实践应用开发/00-实践应用开发总论.md
[2025-09-10 01:24:52] 已添加对齐段落: 08-实践应用开发/00-实践应用开发理论体系总论-整合版.md
[2025-09-10 01:24:52] 已添加对齐段落: 08-实践应用开发/01-Rust形式化工具.md
[2025-09-10 01:24:52] 已添加对齐段落: 08-实践应用开发/02-Go形式化工具.md
[2025-09-10 01:24:52] 已添加对齐段落: 08-实践应用开发/03-Python形式化工具.md
[2025-09-10 01:24:52] 已处理 330 个文件...
[2025-09-10 01:24:52] 已添加对齐段落: 08-实践应用开发/03-形式化验证工具.md
[2025-09-10 01:24:52] 已添加对齐段落: 08-实践应用开发/03-微服务架构验证案例.md
[2025-09-10 01:24:52] 已添加对齐段落: 08-实践应用开发/03-理论验证工具.md
[2025-09-10 01:24:52] 已添加对齐段落: 08-实践应用开发/03-自动化验证工具设计与实现.md
[2025-09-10 01:24:52] 已添加对齐段落: 08-实践应用开发/04-JavaScript形式化工具.md
[2025-09-10 01:24:52] 已添加对齐段落: 08-实践应用开发/04-形式化方法在AI安全中的应用初探.md
[2025-09-10 01:24:52] 已添加对齐段落: 08-实践应用开发/04-架构设计工具.md
[2025-09-10 01:24:52] 已添加对齐段落: 08-实践应用开发/05-C++形式化工具.md
[2025-09-10 01:24:52] 已添加对齐段落: 08-实践应用开发/05-模型检测工具.md
[2025-09-10 01:24:52] 已添加对齐段落: 08-实践应用开发/06-Python形式化工具.md
[2025-09-10 01:24:52] 已处理 340 个文件...
[2025-09-10 01:24:52] 已添加对齐段落: 08-实践应用开发/06-代码生成工具.md
[2025-09-10 01:24:52] 已添加对齐段落: 08-实践应用开发/07-Java形式化工具.md
[2025-09-10 01:24:52] 已添加对齐段落: 08-实践应用开发/08-C#形式化工具.md
[2025-09-10 01:24:52] 已添加对齐段落: 08-实践应用开发/2-WorkflowDomain.md
[2025-09-10 01:24:52] 已添加对齐段落: 08-实践应用开发/2.1-WorkflowDomain-理论基础.md
[2025-09-10 01:24:52] 已添加对齐段落: 08-实践应用开发/2.2-WorkflowDomain-建模与表达.md
[2025-09-10 01:24:52] 已添加对齐段落: 08-实践应用开发/2.3-WorkflowDomain-主流平台.md
[2025-09-10 01:24:52] 已添加对齐段落: 08-实践应用开发/2.4-WorkflowDomain-微服务集成.md
[2025-09-10 01:24:52] 已添加对齐段落: 08-实践应用开发/2.5-WorkflowDomain-RustGo实践.md
[2025-09-10 01:24:52] 已添加对齐段落: 08-实践应用开发/2.6-WorkflowDomain-图表与分析.md
[2025-09-10 01:24:52] 已处理 350 个文件...
[2025-09-10 01:24:52] 已添加对齐段落: 08-实践应用开发/2.7-WorkflowDomain-参考文献.md
[2025-09-10 01:24:52] 已添加对齐段落: 08-实践应用开发/异步同步组合形式化论证-完整总结.md
[2025-09-10 01:24:52] 已添加对齐段落: 08-实践应用开发/异步同步组合形式化论证-第一部分.md
[2025-09-10 01:24:52] 已添加对齐段落: 08-实践应用开发/异步同步组合形式化论证-第三部分.md
[2025-09-10 01:24:52] 已添加对齐段落: 08-实践应用开发/异步同步组合形式化论证-第二部分.md
[2025-09-10 01:24:52] 已添加对齐段落: 08-实践应用开发/异步同步组合形式化论证.md
[2025-09-10 01:24:52] 已添加对齐段落: 08-实践应用开发/异步组合模式形式化论证.md
[2025-09-10 01:24:52] 已添加对齐段落: 08-实践应用开发/形式化架构理论-实践指南.md
[2025-09-10 01:24:52] 已添加对齐段落: 08-实践应用开发/形式化架构理论-微服务验证案例.md
[2025-09-10 01:24:52] 已添加对齐段落: 08-实践应用开发/形式化架构理论-评估框架.md
[2025-09-10 01:24:52] 已处理 360 个文件...
[2025-09-10 01:24:52] 已添加对齐段落: 08-实践应用开发/软件工程理论与实践体系/00-体系总论.md
[2025-09-10 01:24:52] 已添加对齐段落: 08-实践应用开发/软件工程理论与实践体系/00-软件工程理论与实践体系总论.md
[2025-09-10 01:24:52] 文件已对齐，跳过: 08-实践应用开发/软件工程理论与实践体系/01-Golang_Rust后端工程理论与实践.md
[2025-09-10 01:24:52] 已添加对齐段落: 08-实践应用开发/软件工程理论与实践体系/02-领域定义语言与协议架构DSL.md
[2025-09-10 01:24:52] 已添加对齐段落: 08-实践应用开发/软件工程理论与实践体系/03-自动化生成与工程工具链.md
[2025-09-10 01:24:52] 已添加对齐段落: 08-实践应用开发/软件工程理论与实践体系/04-分布式系统与微服务架构理论与实践.md
[2025-09-10 01:24:52] 已添加对齐段落: 08-实践应用开发/软件工程理论与实践体系/05-行业应用与最佳实践.md
[2025-09-10 01:24:52] 已添加对齐段落: 08-实践应用开发/软件工程理论与实践体系/进度追踪与上下文.md
[2025-09-10 01:24:52] 已添加对齐段落: 08-实践应用开发/软件工程理论与实践体系/02-Rust工程与自动化创新/1.1-核心库与crates.md
[2025-09-10 01:24:52] 已添加对齐段落: 08-实践应用开发/软件工程理论与实践体系/02-Rust工程与自动化创新/1.2-构建系统与编译优化.md
[2025-09-10 01:24:52] 已添加对齐段落: 08-实践应用开发/软件工程理论与实践体系/02-Rust工程与自动化创新/1.3-代码质量与静态分析.md
[2025-09-10 01:24:52] 已处理 370 个文件...
[2025-09-10 01:24:52] 已添加对齐段落: 08-实践应用开发/软件工程理论与实践体系/02-Rust工程与自动化创新/1.4-测试与基准分析.md
[2025-09-10 01:24:52] 已添加对齐段落: 08-实践应用开发/软件工程理论与实践体系/02-Rust工程与自动化创新/1.5-CI_CD与DevOps实践.md
[2025-09-10 01:24:52] 已添加对齐段落: 08-实践应用开发/软件工程理论与实践体系/02-Rust工程与自动化创新/2.1-项目结构与模块化.md
[2025-09-10 01:24:52] 已添加对齐段落: 08-实践应用开发/软件工程理论与实践体系/02-Rust工程与自动化创新/2.2-Tonic与Axum集成.md
[2025-09-10 01:24:52] 已添加对齐段落: 08-实践应用开发/软件工程理论与实践体系/02-Rust工程与自动化创新/2.5-异步模式与事件驱动.md
[2025-09-10 01:24:52] 已添加对齐段落: 08-实践应用开发/软件工程理论与实践体系/02-Rust工程与自动化创新/01-语言基础与语法/01-Rust基本语法.md
[2025-09-10 01:24:52] 已添加对齐段落: 08-实践应用开发/软件工程理论与实践体系/02-Rust工程与自动化创新/01-语言基础与语法/02-特殊符号详解.md
[2025-09-10 01:24:52] 已添加对齐段落: 08-实践应用开发/软件工程理论与实践体系/02-Rust工程与自动化创新/02-构建与自动化/01-Cargo构建与任务自动化.md
[2025-09-10 01:24:52] 已添加对齐段落: 08-实践应用开发/软件工程理论与实践体系/02-Rust工程与自动化创新/02-构建与自动化/02-Clippy自定义Lint开发.md
[2025-09-10 01:24:52] 已添加对齐段落: 08-实践应用开发/软件工程理论与实践体系/02-Rust工程与自动化创新/03-网络与异步编程/01-Rustls安全网络通信.md
[2025-09-10 01:24:52] 已处理 380 个文件...
[2025-09-10 01:24:52] 已添加对齐段落: 08-实践应用开发/软件工程理论与实践体系/02-Rust工程与自动化创新/03-网络与异步编程/02-Tokio异步HTTP服务器.md
[2025-09-10 01:24:52] 已添加对齐段落: 08-实践应用开发/软件工程理论与实践体系/02-Rust工程与自动化创新/04-图形与底层开发/01-Wgpu与Vulkan图形编程.md
[2025-09-10 01:24:52] 已添加对齐段落: 08-实践应用开发/软件工程理论与实践体系/02-Rust工程与自动化创新/05-外部函数接口FFI/01-SQLite的FFI实践.md
[2025-09-10 01:24:52] 已添加对齐段落: 08-实践应用开发/软件工程理论与实践体系/03-协议_DSL_自动化生成/01-协议设计模式/01-协议状态机模式.md
[2025-09-10 01:24:52] 已添加对齐段落: 08-实践应用开发/软件工程理论与实践体系/03-协议_DSL_自动化生成/01-协议设计模式/02-协议分层与抽象.md
[2025-09-10 01:24:52] 已添加对齐段落: 08-实践应用开发/软件工程理论与实践体系/03-协议_DSL_自动化生成/02-协议实现与抽象/01-Rust中的协议处理器与适配器模式.md
[2025-09-10 01:24:52] 已添加对齐段落: 08-实践应用开发/软件工程理论与实践体系/03-协议_DSL_自动化生成/02-协议实现与抽象/02-IoT协议网关设计.md
[2025-09-10 01:24:52] 已添加对齐段落: 08-实践应用开发/软件工程理论与实践体系/03-协议_DSL_自动化生成/03-API规范与DSL/01-OpenAPI规范入门与实践.md
[2025-09-10 01:24:52] 已添加对齐段落: 08-实践应用开发/软件工程理论与实践体系/03-协议_DSL_自动化生成/03-API规范与DSL/01a-OpenAPI与Swagger-自动化实践.md
[2025-09-10 01:24:52] 已添加对齐段落: 08-实践应用开发/软件工程理论与实践体系/03-协议_DSL_自动化生成/03-API规范与DSL/02-在Kubernetes中使用OpenAPI定义CRD.md
[2025-09-10 01:24:52] 已处理 390 个文件...
[2025-09-10 01:24:52] 已添加对齐段落: 08-实践应用开发/软件工程理论与实践体系/03-协议_DSL_自动化生成/03-API规范与DSL/03-Protobuf与gRPC入门.md
[2025-09-10 01:24:52] 已添加对齐段落: 08-实践应用开发/软件工程理论与实践体系/03-协议_DSL_自动化生成/03-API规范与DSL/03a-gRPC与ProtocolBuffers-自动化实践.md
[2025-09-10 01:24:52] 已添加对齐段落: 08-实践应用开发/软件工程理论与实践体系/03-协议_DSL_自动化生成/03-API规范与DSL/04-GraphQL与自动化工具链.md
[2025-09-10 01:24:52] 已添加对齐段落: 08-实践应用开发/软件工程理论与实践体系/03-协议_DSL_自动化生成/03-API规范与DSL/05-AsyncAPI与事件驱动架构自动化.md
[2025-09-10 01:24:52] 已添加对齐段落: 08-实践应用开发/软件工程理论与实践体系/03-协议_DSL_自动化生成/03-API规范与DSL/06-自定义DSL与解析器生成.md
[2025-09-10 01:24:52] 已添加对齐段落: 08-实践应用开发/软件工程理论与实践体系/03-协议_DSL_自动化生成/04-自动化代码生成/01-基于OpenAPI的Rust代码生成器设计.md
[2025-09-10 01:24:52] 已添加对齐段落: 08-实践应用开发/软件工程理论与实践体系/03-协议_DSL_自动化生成/04-自动化代码生成/02-使用Prost从Protobuf生成Rust代码.md
[2025-09-10 01:24:52] 已添加对齐段落: 08-实践应用开发/软件工程理论与实践体系/03-协议_DSL_自动化生成/04-自动化代码生成/03-AST转换与代码生成器.md
[2025-09-10 01:24:52] 已添加对齐段落: 08-实践应用开发/软件工程理论与实践体系/03-协议_DSL_自动化生成/04-自动化代码生成/04-集成CI_CD-实现DSL驱动的自动化.md
[2025-09-10 01:24:52] 已添加对齐段落: 08-实践应用开发/软件工程理论与实践体系/04-分布式系统与微服务架构/05-前沿模型与批判性分析.md
[2025-09-10 01:24:52] 已处理 400 个文件...
[2025-09-10 01:24:52] 已添加对齐段落: 08-实践应用开发/软件工程理论与实践体系/04-分布式系统与微服务架构/01-理论基础/01-系统与故障模型.md
[2025-09-10 01:24:52] 已添加对齐段落: 08-实践应用开发/软件工程理论与实践体系/04-分布式系统与微服务架构/01-理论基础/02-CAP定理与设计权衡.md
[2025-09-10 01:24:52] 已添加对齐段落: 08-实践应用开发/软件工程理论与实践体系/04-分布式系统与微服务架构/01-理论基础/03-分布式系统核心理论(CAP_FLP_Etc).md
[2025-09-10 01:24:52] 已添加对齐段落: 08-实践应用开发/软件工程理论与实践体系/04-分布式系统与微服务架构/02-核心算法/00-共识算法概览.md
[2025-09-10 01:24:52] 已添加对齐段落: 08-实践应用开发/软件工程理论与实践体系/04-分布式系统与微服务架构/02-核心算法/01-Raft协议详解.md
[2025-09-10 01:24:52] 已添加对齐段落: 08-实践应用开发/软件工程理论与实践体系/04-分布式系统与微服务架构/02-核心算法/02-实用拜占庭容错PBFT.md
[2025-09-10 01:24:52] 已添加对齐段落: 08-实践应用开发/软件工程理论与实践体系/04-分布式系统与微服务架构/03-架构模式/01-微服务架构核心原则与模式.md
[2025-09-10 01:24:52] 已添加对齐段落: 08-实践应用开发/软件工程理论与实践体系/04-分布式系统与微服务架构/03-架构模式/02-API网关模式.md
[2025-09-10 01:24:52] 已添加对齐段落: 08-实践应用开发/软件工程理论与实践体系/04-分布式系统与微服务架构/03-架构模式/03-服务间通信(RPC_事件驱动).md
[2025-09-10 01:24:52] 已添加对齐段落: 08-实践应用开发/软件工程理论与实践体系/04-分布式系统与微服务架构/03-架构模式/04-分布式事务与Saga模式.md
[2025-09-10 01:24:52] 已处理 410 个文件...
[2025-09-10 01:24:52] 已添加对齐段落: 08-实践应用开发/软件工程理论与实践体系/04-分布式系统与微服务架构/03-架构模式/05-CQRS与事件溯源模式.md
[2025-09-10 01:24:52] 已添加对齐段落: 08-实践应用开发/软件工程理论与实践体系/04-分布式系统与微服务架构/04-关键组件与实践/01-服务发现与注册(Consul_Etcd).md
[2025-09-10 01:24:52] 已添加对齐段落: 08-实践应用开发/软件工程理论与实践体系/04-分布式系统与微服务架构/04-关键组件与实践/02-分布式配置管理.md
[2025-09-10 01:24:52] 已添加对齐段落: 08-实践应用开发/软件工程理论与实践体系/04-分布式系统与微服务架构/04-关键组件与实践/03-服务网格(Service_Mesh_Istio_Linkerd).md
[2025-09-10 01:24:52] 已添加对齐段落: 08-实践应用开发/软件工程理论与实践体系/04-分布式系统与微服务架构/04-关键组件与实践/04-容器化与编排(Docker_Kubernetes).md
[2025-09-10 01:24:52] 已添加对齐段落: 08-实践应用开发/软件工程理论与实践体系/04-分布式系统与微服务架构/04-关键组件与实践/05-分布式系统可观测性.md
[2025-09-10 01:24:52] 已添加对齐段落: 08-实践应用开发/软件工程理论与实践体系/05-工作流与自动化平台/01-核心概念与模式/01-工作流引擎核心概念.md
[2025-09-10 01:24:52] 已添加对齐段落: 08-实践应用开发/软件工程理论与实践体系/05-工作流与自动化平台/01-核心概念与模式/02-工作流设计模式.md
[2025-09-10 01:24:52] 已添加对齐段落: 08-实践应用开发/软件工程理论与实践体系/05-工作流与自动化平台/02-主流开源平台/01-Apache_Airflow_数据管道编排.md
[2025-09-10 01:24:52] 已添加对齐段落: 08-实践应用开发/软件工程理论与实践体系/05-工作流与自动化平台/02-主流开源平台/02-Temporal_io_可靠执行引擎.md
[2025-09-10 01:24:52] 已处理 420 个文件...
[2025-09-10 01:24:52] 已添加对齐段落: 08-实践应用开发/软件工程理论与实践体系/05-工作流与自动化平台/02-主流开源平台/03-n8n_io_低代码自动化.md
[2025-09-10 01:24:52] 已添加对齐段落: 08-实践应用开发/软件工程理论与实践体系/05-工作流与自动化平台/03-实践与应用/01-数据ETL管道自动化实践.md
[2025-09-10 01:24:52] 已添加对齐段落: 08-实践应用开发/软件工程理论与实践体系/06-可观测性与OpenTelemetry/01-核心概念/01-可观测性三大支柱.md
[2025-09-10 01:24:52] 已添加对齐段落: 08-实践应用开发/软件工程理论与实践体系/06-可观测性与OpenTelemetry/01-核心概念/02-OpenTelemetry架构与组件.md
[2025-09-10 01:24:52] 已添加对齐段落: 08-实践应用开发/软件工程理论与实践体系/06-可观测性与OpenTelemetry/02-OpenTelemetry实践/01-OpenTelemetry遥测数据处理.md
[2025-09-10 01:24:52] 已添加对齐段落: 08-实践应用开发/软件工程理论与实践体系/06-可观测性与OpenTelemetry/02-OpenTelemetry实践/02-Rust与Go集成实践.md
[2025-09-10 01:24:53] 已添加对齐段落: 08-实践应用开发/软件工程理论与实践体系/06-可观测性与OpenTelemetry/02-OpenTelemetry实践/03-Java工作流观测实践.md
[2025-09-10 01:24:53] 已添加对齐段落: 08-实践应用开发/软件工程理论与实践体系/06-可观测性与OpenTelemetry/02-OpenTelemetry实践/04-工作流与OpenTelemetry的范畴论分析(Rust).md
[2025-09-10 01:24:53] 已添加对齐段落: 08-实践应用开发/软件工程理论与实践体系/07-AI自动生成与工程创新/01-AI生成与抽象/01-AI生成的新颖性与上下文限制.md
[2025-09-10 01:24:53] 已添加对齐段落: 08-实践应用开发/软件工程理论与实践体系/07-AI自动生成与工程创新/01-AI生成与抽象/02-作为新抽象层的AI.md
[2025-09-10 01:24:53] 已处理 430 个文件...
[2025-09-10 01:24:53] 已添加对齐段落: 08-实践应用开发/软件工程理论与实践体系/07-AI自动生成与工程创新/01-AI生成与抽象/03-生成模型概览(GAN_VAE_Transformer).md
[2025-09-10 01:24:53] 已添加对齐段落: 08-实践应用开发/软件工程理论与实践体系/07-AI自动生成与工程创新/01-AI生成与抽象/04-创造性系统的形式化分析.md
[2025-09-10 01:24:53] 已添加对齐段落: 08-实践应用开发/软件工程理论与实践体系/07-AI自动生成与工程创新/02-AI辅助工程/01-AI驱动的工具链与基础设施.md
[2025-09-10 01:24:53] 已添加对齐段落: 08-实践应用开发/软件工程理论与实践体系/08-行业应用与最佳实践/01-物联网(IoT)/01-IoT行业标准与Rust嵌入式实践.md
[2025-09-10 01:24:53] 已添加对齐段落: 08-实践应用开发/软件工程理论与实践体系/08-行业应用与最佳实践/01-物联网(IoT)/02-IoT中Rust与WASM的应用分析.md
[2025-09-10 01:24:53] 已添加对齐段落: 08-实践应用开发/软件工程理论与实践体系/08-行业应用与最佳实践/01-物联网(IoT)/03-IoT设备OTA更新工作流模式.md
[2025-09-10 01:24:53] 已添加对齐段落: 08-实践应用开发/软件工程理论与实践体系/08-行业应用与最佳实践/01-物联网(IoT)/04-分布式IoT网关的形式化模型.md
[2025-09-10 01:24:53] 已添加对齐段落: 08-实践应用开发/软件工程理论与实践体系/08-行业应用与最佳实践/01-物联网(IoT)/05-模块化IoT框架设计(Java).md
[2025-09-10 01:24:53] 已添加对齐段落: 08-实践应用开发/软件工程理论与实践体系/08-行业应用与最佳实践/02-金融科技(FinTech)/01-支付网关的财务服务设计(Rust).md
[2025-09-10 01:24:53] 已添加对齐段落: 08-实践应用开发/软件工程理论与实践体系/08-行业应用与最佳实践/02-金融科技(FinTech)/02-P2P去中心化金融借贷模型(Rust).md
[2025-09-10 01:24:53] 已处理 440 个文件...
[2025-09-10 01:24:53] 已添加对齐段落: 08-实践应用开发/软件工程理论与实践体系/08-行业应用与最佳实践/02-金融科技(FinTech)/03-安全的货币与账户类型设计(Rust).md
[2025-09-10 01:24:53] 已添加对齐段落: 08-实践应用开发/软件工程理论与实践体系/08-行业应用与最佳实践/02-金融科技(FinTech)/04-财务审批工作流模式.md
[2025-09-10 01:24:53] 已添加对齐段落: 08-实践应用开发/软件工程理论与实践体系/08-行业应用与最佳实践/02-金融科技(FinTech)/05-金融系统的范畴论形式化分析.md
[2025-09-10 01:24:53] 已添加对齐段落: 08-实践应用开发/软件工程理论与实践体系/09-容器化与云原生部署/01-容器技术发展趋势与前沿分析.md
[2025-09-10 01:24:53] 已添加对齐段落: 08-实践应用开发/软件工程理论与实践体系/09-容器化与云原生部署/03-Kubernetes容器编排核心原理.md
[2025-09-10 01:24:53] 已添加对齐段落: 08-实践应用开发/软件工程理论与实践体系/09-容器化与云原生部署/04-容器编排的形式化模型与工作流理论.md
[2025-09-10 01:24:53] 文件已对齐，跳过: 09-索引与导航/00-索引与导航理论体系总论-整合版.md
[2025-09-10 01:24:53] 已添加对齐段落: 09-索引与导航/01-主题索引.md
[2025-09-10 01:24:53] 已添加对齐段落: 09-索引与导航/01-统一导航系统设计.md
[2025-09-10 01:24:53] 已添加对齐段落: 09-索引与导航/02-导航系统.md
[2025-09-10 01:24:53] 已添加对齐段落: 09-索引与导航/03-使用指南.md
[2025-09-10 01:24:53] 已处理 450 个文件...
[2025-09-10 01:24:53] 已添加对齐段落: 09-索引与导航/04-交叉引用系统.md
[2025-09-10 01:24:53] 已添加对齐段落: 09-索引与导航/05-版本控制系统.md
[2025-09-10 01:24:53] 已添加对齐段落: 09-索引与导航/06-搜索系统.md
[2025-09-10 01:24:53] 已添加对齐段落: 09-索引与导航/07-知识图谱系统.md
[2025-09-10 01:24:53] 已添加对齐段落: 09-索引与导航/08-自动化工具链.md
[2025-09-10 01:24:53] 已添加对齐段落: 09-索引与导航/09-文档生成系统.md
[2025-09-10 01:24:53] 已添加对齐段落: 09-索引与导航/10-协作系统.md
[2025-09-10 01:24:53] 已添加对齐段落: 09-索引与导航/11-质量保证系统.md
[2025-09-10 01:24:53] 已添加对齐段落: 09-索引与导航/12-性能监控系统.md
[2025-09-10 01:24:53] 已添加对齐段落: 09-索引与导航/13-安全管理系统.md
[2025-09-10 01:24:53] 已处理 460 个文件...
[2025-09-10 01:24:53] 已添加对齐段落: 09-索引与导航/14-配置管理系统.md
[2025-09-10 01:24:53] 已添加对齐段落: 09-索引与导航/15-数据管理系统.md
[2025-09-10 01:24:53] 已添加对齐段落: 09-索引与导航/16-工作流管理系统.md
[2025-09-10 01:24:53] 已添加对齐段落: 09-索引与导航/17-集成开发环境.md
[2025-09-10 01:24:53] 已添加对齐段落: 09-索引与导航/18-自动化测试系统.md
[2025-09-10 01:24:53] 已添加对齐段落: 09-索引与导航/19-持续集成系统.md
[2025-09-10 01:24:53] 已添加对齐段落: 09-索引与导航/20-持续部署系统.md
[2025-09-10 01:24:53] 已添加对齐段落: 09-索引与导航/process.md
[2025-09-10 01:24:53] 已添加对齐段落: 09-索引与导航/下一步行动计划-v69.md
[2025-09-10 01:24:53] 已添加对齐段落: 09-索引与导航/使用指南.md
[2025-09-10 01:24:53] 已处理 470 个文件...
[2025-09-10 01:24:53] 已添加对齐段落: 09-索引与导航/引用链接规范.md
[2025-09-10 01:24:53] 已添加对齐段落: 09-索引与导航/形式化工具与自动化脚本索引.md
[2025-09-10 01:24:53] 已添加对齐段落: 09-索引与导航/形式化架构理论-内容索引.md
[2025-09-10 01:24:53] 已添加对齐段落: 09-索引与导航/形式化架构理论导航图.md
[2025-09-10 01:24:53] 已添加对齐段落: 09-索引与导航/形式化架构理论概念图谱-v67.md
[2025-09-10 01:24:53] 已添加对齐段落: 09-索引与导航/形式化架构理论概念图谱-v68.md
[2025-09-10 01:24:53] 已添加对齐段落: 09-索引与导航/形式化架构理论知识图谱-v62.md
[2025-09-10 01:24:53] 已添加对齐段落: 09-索引与导航/技术实现方案-v69.md
[2025-09-10 01:24:53] 已添加对齐段落: 09-索引与导航/文件命名规范.md
[2025-09-10 01:24:53] 已添加对齐段落: 09-索引与导航/术语表.md
[2025-09-10 01:24:53] 已处理 480 个文件...
[2025-09-10 01:24:53] 已添加对齐段落: 09-索引与导航/核心概念关系图.md
[2025-09-10 01:24:53] 已添加对齐段落: 09-索引与导航/版本控制规范.md
[2025-09-10 01:24:53] 已添加对齐段落: 09-索引与导航/理论体系关系图.md
[2025-09-10 01:24:53] 已添加对齐段落: 09-索引与导航/理论导航系统设计-v62.md
[2025-09-10 01:24:53] 已添加对齐段落: 09-索引与导航/知识图谱与交叉引用索引.md
[2025-09-10 01:24:53] 已添加对齐段落: 09-索引与导航/知识图谱系统使用指南.md
[2025-09-10 01:24:53] 已添加对齐段落: 09-索引与导航/知识图谱系统功能概览.md
[2025-09-10 01:24:53] 已添加对齐段落: 09-索引与导航/第三轮迭代计划-v71.md
[2025-09-10 01:24:53] 已添加对齐段落: 09-索引与导航/第二轮迭代计划-v70.md
[2025-09-10 01:24:53] 已添加对齐段落: 09-索引与导航/统一工作计划与知识图谱.md
[2025-09-10 01:24:53] 已处理 490 个文件...
[2025-09-10 01:24:53] 已添加对齐段落: 09-索引与导航/统一形式化架构理论知识图谱-v62.md
[2025-09-10 01:24:53] 已添加对齐段落: 09-索引与导航/统一理论体系图谱.md
[2025-09-10 01:24:53] 已添加对齐段落: 09-索引与导航/统一索引知识图谱系统.md
[2025-09-10 01:24:53] 已添加对齐段落: 09-索引与导航/缩略语表.md
[2025-09-10 01:24:53] 已添加对齐段落: 09-索引与导航/项目知识图谱.md
[2025-09-10 01:24:53] 已添加对齐段落: 09-索引与导航/项目进展总结-v71.md
[2025-09-10 01:24:53] 文件已对齐，跳过: 10-AI交互建模理论体系/00-AI交互建模理论体系总论-整合版.md
[2025-09-10 01:24:53] 已添加对齐段落: 10-AI交互建模理论体系/01-深度学习理论深化.md
[2025-09-10 01:24:53] 已添加对齐段落: 10-AI交互建模理论体系/01-交互式建模引擎/index.md
[2025-09-10 01:24:53] 已添加对齐段落: 10-AI交互建模理论体系/01-交互式建模引擎/源代码与配置索引.md
[2025-09-10 01:24:53] 文件已对齐，跳过: 11-理论统一与整合/00-理论统一与整合理论体系总论-整合版.md
[2025-09-10 01:24:53] 已添加对齐段落: 11-理论统一与整合/01-理论体系总论.md
[2025-09-10 01:24:53] 已处理 500 个文件...
[2025-09-10 01:24:53] 已添加对齐段落: 11-理论统一与整合/2.1-WorkflowDomain-理论基础.md
[2025-09-10 01:24:53] 已添加对齐段落: 11-理论统一与整合/合并执行状态跟踪.md
[2025-09-10 01:24:53] 已添加对齐段落: 11-理论统一与整合/合并文件依赖图.md
[2025-09-10 01:24:53] 已添加对齐段落: 11-理论统一与整合/异步同步组合形式化论证-完整总结.md
[2025-09-10 01:24:53] 已添加对齐段落: 11-理论统一与整合/异步同步组合形式化论证-第一部分.md
[2025-09-10 01:24:53] 已添加对齐段落: 11-理论统一与整合/异步同步组合形式化论证-第三部分.md
[2025-09-10 01:24:53] 已添加对齐段落: 11-理论统一与整合/异步同步组合形式化论证-第二部分.md
[2025-09-10 01:24:53] 已添加对齐段落: 11-理论统一与整合/异步同步组合形式化论证.md
[2025-09-10 01:24:53] 已添加对齐段落: 11-理论统一与整合/异步组合模式形式化论证.md
[2025-09-10 01:24:53] 已添加对齐段落: 11-理论统一与整合/形式化架构理论-内容索引.md
[2025-09-10 01:24:53] 已处理 510 个文件...
[2025-09-10 01:24:53] 已添加对齐段落: 11-理论统一与整合/形式化架构理论-实践指南.md
[2025-09-10 01:24:53] 已添加对齐段落: 11-理论统一与整合/形式化架构理论-微服务验证案例.md
[2025-09-10 01:24:53] 已添加对齐段落: 11-理论统一与整合/形式化架构理论-评估框架.md
[2025-09-10 01:24:53] 已添加对齐段落: 11-理论统一与整合/形式化架构理论统一项目概览.md
[2025-09-10 01:24:53] 已添加对齐段落: 11-理论统一与整合/形式化架构理论项目路线图.md
[2025-09-10 01:24:53] 已添加对齐段落: 11-理论统一与整合/推进计划-分阶段填充计划与优先级.md
[2025-09-10 01:24:53] 已添加对齐段落: 11-理论统一与整合/核心概念关系图.md
[2025-09-10 01:24:53] 已添加对齐段落: 11-理论统一与整合/状态机与Petri网理论合并分析.md
[2025-09-10 01:24:53] 已添加对齐段落: 11-理论统一与整合/状态机与Petri网理论合并执行计划-v68.md
[2025-09-10 01:24:53] 已添加对齐段落: 11-理论统一与整合/状态机与Petri网理论合并执行计划.md
[2025-09-10 01:24:53] 已处理 520 个文件...
[2025-09-10 01:24:53] 已添加对齐段落: 11-理论统一与整合/状态机与Petri网理论统一合并计划-v62.md
[2025-09-10 01:24:53] 已添加对齐段落: 11-理论统一与整合/理论体系关系图.md
[2025-09-10 01:24:53] 已添加对齐段落: 11-理论统一与整合/理论整合框架.md
[2025-09-10 01:24:53] 已添加对齐段落: 11-理论统一与整合/知识图谱-Schema-v1.md
[2025-09-10 01:24:53] 已添加对齐段落: 11-理论统一与整合/组件理论与接口理论合并执行计划.md
[2025-09-10 01:24:53] 已添加对齐段落: 11-理论统一与整合/组件理论与接口理论概念映射-v62.md
[2025-09-10 01:24:53] 已添加对齐段落: 11-理论统一与整合/统一形式化架构理论项目进展-v62.md
[2025-09-10 01:24:53] 已添加对齐段落: 11-理论统一与整合/统一模块化系统理论-概念映射.md
[2025-09-10 01:24:53] 已添加对齐段落: 11-理论统一与整合/统一状态转换系统理论-概念映射.md
[2025-09-10 01:24:53] 已添加对齐段落: 11-理论统一与整合/统一状态转换系统理论.md
[2025-09-10 01:24:53] 已处理 530 个文件...
[2025-09-10 01:24:53] 已添加对齐段落: 11-理论统一与整合/统一状态转换系统理论一致性检查清单.md
[2025-09-10 01:24:53] 已添加对齐段落: 11-理论统一与整合/统一状态转换系统理论开发总结.md
[2025-09-10 01:24:53] 已添加对齐段落: 11-理论统一与整合/自动证明生成器-核心结构.md
[2025-09-10 01:24:53] 已添加对齐段落: 11-理论统一与整合/递归合并执行方案.md
[2025-09-10 01:24:53] 已添加对齐段落: 11-理论统一与整合/量子模块理论基础研究.md
[2025-09-10 01:24:53] 已添加对齐段落: 11-理论统一与整合/01-理论体系/01-统一形式理论综合.md
[2025-09-10 01:24:53] 已添加对齐段落: 11-理论统一与整合/01-理论体系/02-类型理论深化.md
[2025-09-10 01:24:53] 已添加对齐段落: 11-理论统一与整合/01-理论体系/03-时序逻辑控制深化.md
[2025-09-10 01:24:53] 已添加对齐段落: 11-理论统一与整合/01-理论体系/04-Petri网与控制论.md
[2025-09-10 01:24:53] 已添加对齐段落: 11-理论统一与整合/01-理论体系/05-线性仿射时序类型理论.md
[2025-09-10 01:24:53] 已处理 540 个文件...
[2025-09-10 01:24:53] 已添加对齐段落: 11-理论统一与整合/01-理论体系/06-形式语言理论深化.md
[2025-09-10 01:24:53] 已添加对齐段落: 11-理论统一与整合/01-理论体系/07-形式模型理论深化.md
[2025-09-10 01:24:53] 已添加对齐段落: 11-理论统一与整合/01-理论体系/08-理论统一与整合.md
[2025-09-10 01:24:53] 已添加对齐段落: 11-理论统一与整合/01-理论体系/09-实践应用开发.md
[2025-09-10 01:24:53] 已添加对齐段落: 11-理论统一与整合/01-理论体系/10-概念定义与论证深化.md
[2025-09-10 01:24:53] 已添加对齐段落: 11-理论统一与整合/01-理论体系/11-统一状态转换系统USTS.md
[2025-09-10 01:24:53] 已添加对齐段落: 11-理论统一与整合/01-理论体系/12-统一模块化系统UMS.md
[2025-09-10 01:24:53] 已添加对齐段落: 11-理论统一与整合/01-理论体系/13-理论映射与证明框架.md
[2025-09-10 01:24:53] 已添加对齐段落: 11-理论统一与整合/07-理论统一与整合/00-理论统一与整合总论.md
[2025-09-10 01:24:53] 已添加对齐段落: 11-理论统一与整合/07-理论统一与整合/01-理论映射关系.md
[2025-09-10 01:24:53] 已处理 550 个文件...
[2025-09-10 01:24:53] 已添加对齐段落: 11-理论统一与整合/07-理论统一与整合/01-统一形式化理论综述.md
[2025-09-10 01:24:53] 已添加对齐段落: 11-理论统一与整合/07-理论统一与整合/02-前沿专题与工程案例索引.md
[2025-09-10 01:24:53] 已添加对齐段落: 11-理论统一与整合/07-理论统一与整合/02-统一形式化理论综述.md
[2025-09-10 01:24:53] 已添加对齐段落: 11-理论统一与整合/07-理论统一与整合/02-统一符号体系.md
[2025-09-10 01:24:53] 已添加对齐段落: 11-理论统一与整合/07-理论统一与整合/02-证明与验证技术映射研究.md
[2025-09-10 01:24:53] 已添加对齐段落: 11-理论统一与整合/07-理论统一与整合/03-理论转换机制.md
[2025-09-10 01:24:53] 已添加对齐段落: 11-理论统一与整合/07-理论统一与整合/03-跨领域证明.md
[2025-09-10 01:24:53] 已添加对齐段落: 11-理论统一与整合/07-理论统一与整合/03-运行时与并发理论合并分析.md
[2025-09-10 01:24:53] 已添加对齐段落: 11-理论统一与整合/07-理论统一与整合/04-UCU案例分析_生产者消费者模型.md
[2025-09-10 01:24:53] 已添加对齐段落: 11-理论统一与整合/07-理论统一与整合/04-应用框架.md
[2025-09-10 01:24:53] 已处理 560 个文件...
[2025-09-10 01:24:53] 已添加对齐段落: 11-理论统一与整合/07-理论统一与整合/04-理论应用框架.md
[2025-09-10 01:24:53] 已添加对齐段落: 11-理论统一与整合/07-理论统一与整合/05-理论评估框架.md
[2025-09-10 01:24:53] 已添加对齐段落: 11-理论统一与整合/07-理论统一与整合/06-理论演化框架.md
[2025-09-10 01:24:53] 已添加对齐段落: 11-理论统一与整合/07-理论统一与整合/07-理论创新框架.md
[2025-09-10 01:24:53] 已添加对齐段落: 11-理论统一与整合/07-理论统一与整合/08-统一理论表示系统理论.md
[2025-09-10 01:24:53] 已添加对齐段落: 11-理论统一与整合/07-理论统一与整合/09-统一知识表示系统理论.md
[2025-09-10 01:24:53] 已添加对齐段落: 11-理论统一与整合/07-理论统一与整合/10-统一算法数据结构理论.md
[2025-09-10 01:24:53] 已添加对齐段落: 11-理论统一与整合/07-理论统一与整合/11-统一设计架构模式系统理论.md
[2025-09-10 01:24:53] 已添加对齐段落: 11-理论统一与整合/07-理论统一与整合/12-统一测试验证系统理论.md
[2025-09-10 01:24:53] 已添加对齐段落: 11-理论统一与整合/07-理论统一与整合/13-统一编译解释系统理论.md
[2025-09-10 01:24:53] 已处理 570 个文件...
[2025-09-10 01:24:53] 已添加对齐段落: 11-理论统一与整合/07-理论统一与整合/14-统一数据管理系统理论.md
[2025-09-10 01:24:53] 已添加对齐段落: 11-理论统一与整合/07-理论统一与整合/15-统一网络通信系统理论.md
[2025-09-10 01:24:53] 已添加对齐段落: 11-理论统一与整合/07-理论统一与整合/16-统一安全密码系统理论.md
[2025-09-10 01:24:53] 已添加对齐段落: 11-理论统一与整合/07-理论统一与整合/17-统一智能系统理论.md
[2025-09-10 01:24:53] 已添加对齐段落: 11-理论统一与整合/07-理论统一与整合/18-统一操作系统软件理论.md
[2025-09-10 01:24:53] 已添加对齐段落: 11-理论统一与整合/07-理论统一与整合/19-统一计算系统理论.md
[2025-09-10 01:24:53] 已添加对齐段落: 11-理论统一与整合/07-理论统一与整合/20-统一分布式共识系统理论.md
[2025-09-10 01:24:53] 已添加对齐段落: 11-理论统一与整合/07-理论统一与整合/21-统一边缘云系统理论.md
[2025-09-10 01:24:53] 已添加对齐段落: 11-理论统一与整合/07-理论统一与整合/内容整合计划.md
[2025-09-10 01:24:53] 已添加对齐段落: 11-理论统一与整合/07-理论统一与整合/统一理论知识图谱分析.md
[2025-09-10 01:24:53] 已处理 580 个文件...
[2025-09-10 01:24:53] 已添加对齐段落: 11-理论统一与整合/对齐矩阵/CS-课程-知识域对齐矩阵.md
[2025-09-10 01:24:53] 已添加对齐段落: 11-理论统一与整合/对齐矩阵/仓库文件-知识域映射矩阵.md
[2025-09-10 01:24:53] 已添加对齐段落: 11-理论统一与整合/对齐矩阵/架构标准-知识域对齐矩阵.md
[2025-09-10 01:24:53] 已添加对齐段落: 11-理论统一与整合/对齐矩阵/缺口清单.md
[2025-09-10 01:24:53] 已添加对齐段落: 11-理论统一与整合/证据/async-sync/part1-model.md
[2025-09-10 01:24:53] 已添加对齐段落: 11-理论统一与整合/证据/async-sync/part2-liveness.md
[2025-09-10 01:24:53] 已添加对齐段落: 11-理论统一与整合/证据/async-sync/part3-equivalence.md
[2025-09-10 01:24:53] 文件已对齐，跳过: 12-工具与方法/自动校验与周报配置.md
[2025-09-10 01:24:53] 已添加对齐段落: 13-项目报告与总结/00-项目报告与总结总论-整合版.md
[2025-09-10 01:24:53] 已添加对齐段落: 13-项目报告与总结/01-项目进展报告.md
[2025-09-10 01:24:53] 已添加对齐段落: 13-项目报告与总结/02-项目完成报告.md
[2025-09-10 01:24:53] 已处理 590 个文件...
[2025-09-10 01:24:53] 已添加对齐段落: 13-项目报告与总结/03-项目总结报告.md
[2025-09-10 01:24:53] 已添加对齐段落: 13-项目报告与总结/FormalUnified-项目文档索引.md
[2025-09-10 01:24:53] 已添加对齐段落: 13-项目报告与总结/FormalUnified项目重新定位最终完成确认报告.md
[2025-09-10 01:24:53] 已添加对齐段落: 13-项目报告与总结/release-资料索引.md
[2025-09-10 01:24:53] 已添加对齐段落: 13-项目报告与总结/release→Analysis-映射索引.md
[2025-09-10 01:24:53] 已添加对齐段落: 13-项目报告与总结/TODO.md
[2025-09-10 01:24:53] 已添加对齐段落: 13-项目报告与总结/UCS理论合并完成报告.md
[2025-09-10 01:24:53] 已添加对齐段落: 13-项目报告与总结/UDCS理论合并完成报告.md
[2025-09-10 01:24:53] 已添加对齐段落: 13-项目报告与总结/UECS理论合并完成报告.md
[2025-09-10 01:24:53] 已添加对齐段落: 13-项目报告与总结/UMS理论合并完成报告.md
[2025-09-10 01:24:53] 已处理 600 个文件...
[2025-09-10 01:24:53] 已添加对齐段落: 13-项目报告与总结/一致性改进实施完成报告.md
[2025-09-10 01:24:53] 已添加对齐段落: 13-项目报告与总结/一致性改进实施计划.md
[2025-09-10 01:24:53] 已添加对齐段落: 13-项目报告与总结/合并执行状态跟踪.md
[2025-09-10 01:24:53] 已添加对齐段落: 13-项目报告与总结/合并文件依赖图.md
[2025-09-10 01:24:53] 已添加对齐段落: 13-项目报告与总结/合并计划追踪-v64.md
[2025-09-10 01:24:53] 已添加对齐段落: 13-项目报告与总结/后续工作计划.md
[2025-09-10 01:24:53] 已添加对齐段落: 13-项目报告与总结/国际Wiki对标与理论一致性检查报告.md
[2025-09-10 01:24:53] 已添加对齐段落: 13-项目报告与总结/形式化架构理论统一计划-v67.md
[2025-09-10 01:24:53] 已添加对齐段落: 13-项目报告与总结/形式化架构理论统一计划-v68.md
[2025-09-10 01:24:53] 已添加对齐段落: 13-项目报告与总结/形式化架构理论统一项目完成总结报告.md
[2025-09-10 01:24:53] 已处理 610 个文件...
[2025-09-10 01:24:53] 已添加对齐段落: 13-项目报告与总结/形式化架构理论统一项目概览.md
[2025-09-10 01:24:53] 已添加对齐段落: 13-项目报告与总结/形式化架构理论统一项目计划-v62.md
[2025-09-10 01:24:53] 已添加对齐段落: 13-项目报告与总结/形式化架构理论项目统一计划-v62.md
[2025-09-10 01:24:54] 已添加对齐段落: 13-项目报告与总结/形式化架构理论项目路线图.md
[2025-09-10 01:24:54] 已添加对齐段落: 13-项目报告与总结/执行计划.md
[2025-09-10 01:24:54] 已添加对齐段落: 13-项目报告与总结/本次工作总结.md
[2025-09-10 01:24:54] 已添加对齐段落: 13-项目报告与总结/状态机与Petri网理论合并执行计划-v68.md
[2025-09-10 01:24:54] 已添加对齐段落: 13-项目报告与总结/状态机与Petri网理论合并执行计划.md
[2025-09-10 01:24:54] 已添加对齐段落: 13-项目报告与总结/状态机与Petri网理论统一合并计划-v62.md
[2025-09-10 01:24:54] 已添加对齐段落: 13-项目报告与总结/目录重构计划.md
[2025-09-10 01:24:54] 已处理 620 个文件...
[2025-09-10 01:24:54] 已添加对齐段落: 13-项目报告与总结/组件理论与接口理论合并执行计划.md
[2025-09-10 01:24:54] 已添加对齐段落: 13-项目报告与总结/统一工作计划与知识图谱.md
[2025-09-10 01:24:54] 已添加对齐段落: 13-项目报告与总结/统一形式化架构理论项目计划-v62.md
[2025-09-10 01:24:54] 已添加对齐段落: 13-项目报告与总结/统一形式化架构理论项目进展-v62.md
[2025-09-10 01:24:54] 已添加对齐段落: 13-项目报告与总结/语义一致性检查计划.md
[2025-09-10 01:24:54] 已添加对齐段落: 13-项目报告与总结/进度与上下文.md
[2025-09-10 01:24:54] 已添加对齐段落: 13-项目报告与总结/进度追踪与上下文.md
[2025-09-10 01:24:54] 已添加对齐段落: 13-项目报告与总结/递归合并与语义整合执行计划-v62.md
[2025-09-10 01:24:54] 已添加对齐段落: 13-项目报告与总结/递归合并与语义整合报告.md
[2025-09-10 01:24:54] 已添加对齐段落: 13-项目报告与总结/递归合并与语义整合最终报告.md
[2025-09-10 01:24:54] 已处理 630 个文件...
[2025-09-10 01:24:54] 已添加对齐段落: 13-项目报告与总结/递归合并执行方案.md
[2025-09-10 01:24:54] 已添加对齐段落: 13-项目报告与总结/递归合并执行计划.md
[2025-09-10 01:24:54] 已添加对齐段落: 13-项目报告与总结/递归合并最终报告.md
[2025-09-10 01:24:54] 已添加对齐段落: 13-项目报告与总结/递归合并计划.md
[2025-09-10 01:24:54] 已添加对齐段落: 13-项目报告与总结/项目最终完成总结报告.md
[2025-09-10 01:24:54] 已添加对齐段落: 13-项目报告与总结/项目知识图谱.md
[2025-09-10 01:24:54] 已添加对齐段落: 13-项目报告与总结/项目进展报告-v61.md
[2025-09-10 01:24:54] 已添加对齐段落: 13-项目报告与总结/项目进展报告-v62.md
[2025-09-10 01:24:54] 已添加对齐段落: 13-项目报告与总结/项目进展跟踪-v60.md
[2025-09-10 01:24:54] 已添加对齐段落: 14-量子计算理论体系/00-量子计算理论体系总论.md
[2025-09-10 01:24:54] 已处理 640 个文件...
[2025-09-10 01:24:54] 已添加对齐段落: 15-机器人学理论体系/00-机器人学理论体系总论.md
[2025-09-10 01:24:54] 已添加对齐段落: 16-计算机图形学理论体系/00-计算机图形学理论体系总论.md
[2025-09-10 01:24:54] 已添加对齐段落: category-theory/1-概览.md
[2025-09-10 01:24:54] 已添加对齐段落: category-theory/2-核心概念.md
[2025-09-10 01:24:54] 已添加对齐段落: category-theory/3-典型方法.md
[2025-09-10 01:24:54] 已添加对齐段落: category-theory/4-案例与应用.md
[2025-09-10 01:24:54] 已添加对齐段落: formal-language/1-概览.md
[2025-09-10 01:24:54] 已添加对齐段落: formal-language/2-核心概念.md
[2025-09-10 01:24:54] 已添加对齐段落: formal-language/3-典型方法.md
[2025-09-10 01:24:54] 已添加对齐段落: formal-language/4-案例与应用.md
[2025-09-10 01:24:54] 已处理 650 个文件...
[2025-09-10 01:24:54] 文件已对齐，跳过: software-architecture/1-概览.md
[2025-09-10 01:24:54] 已添加对齐段落: software-architecture/2-核心概念.md
[2025-09-10 01:24:54] 已添加对齐段落: software-architecture/3-典型方法.md
[2025-09-10 01:24:54] 已添加对齐段落: software-architecture/4-案例与应用.md
[2025-09-10 01:24:54] 已添加对齐段落: _templates/标准文档模板.md
[2025-09-10 01:24:54] 已添加对齐段落: 软件工程理论与实践体系/00-体系总论.md
[2025-09-10 01:24:54] 已添加对齐段落: 软件工程理论与实践体系/00-软件工程理论与实践体系总论.md
[2025-09-10 01:24:54] 已添加对齐段落: 软件工程理论与实践体系/01-Golang_Rust后端工程理论与实践.md
[2025-09-10 01:24:54] 已添加对齐段落: 软件工程理论与实践体系/02-领域定义语言与协议架构DSL.md
[2025-09-10 01:24:54] 已添加对齐段落: 软件工程理论与实践体系/03-自动化生成与工程工具链.md
[2025-09-10 01:24:54] 已添加对齐段落: 软件工程理论与实践体系/04-分布式系统与微服务架构理论与实践.md
[2025-09-10 01:24:54] 已处理 660 个文件...
[2025-09-10 01:24:54] 已添加对齐段落: 软件工程理论与实践体系/05-行业应用与最佳实践.md
[2025-09-10 01:24:54] 已添加对齐段落: 软件工程理论与实践体系/进度追踪与上下文.md
[2025-09-10 01:24:54] 已添加对齐段落: 软件工程理论与实践体系/02-Rust工程与自动化创新/1.1-核心库与crates.md
[2025-09-10 01:24:54] 已添加对齐段落: 软件工程理论与实践体系/02-Rust工程与自动化创新/1.2-构建系统与编译优化.md
[2025-09-10 01:24:54] 已添加对齐段落: 软件工程理论与实践体系/02-Rust工程与自动化创新/1.3-代码质量与静态分析.md
[2025-09-10 01:24:54] 已添加对齐段落: 软件工程理论与实践体系/02-Rust工程与自动化创新/1.4-测试与基准分析.md
[2025-09-10 01:24:54] 已添加对齐段落: 软件工程理论与实践体系/02-Rust工程与自动化创新/1.5-CI_CD与DevOps实践.md
[2025-09-10 01:24:54] 已添加对齐段落: 软件工程理论与实践体系/02-Rust工程与自动化创新/2.1-项目结构与模块化.md
[2025-09-10 01:24:54] 已添加对齐段落: 软件工程理论与实践体系/02-Rust工程与自动化创新/2.2-Tonic与Axum集成.md
[2025-09-10 01:24:54] 已添加对齐段落: 软件工程理论与实践体系/02-Rust工程与自动化创新/2.5-异步模式与事件驱动.md
[2025-09-10 01:24:54] 已处理 670 个文件...
[2025-09-10 01:24:54] 已添加对齐段落: 软件工程理论与实践体系/02-Rust工程与自动化创新/01-语言基础与语法/01-Rust基本语法.md
[2025-09-10 01:24:54] 已添加对齐段落: 软件工程理论与实践体系/02-Rust工程与自动化创新/01-语言基础与语法/02-特殊符号详解.md
[2025-09-10 01:24:54] 已添加对齐段落: 软件工程理论与实践体系/02-Rust工程与自动化创新/02-构建与自动化/01-Cargo构建与任务自动化.md
[2025-09-10 01:24:54] 已添加对齐段落: 软件工程理论与实践体系/02-Rust工程与自动化创新/02-构建与自动化/02-Clippy自定义Lint开发.md
[2025-09-10 01:24:54] 已添加对齐段落: 软件工程理论与实践体系/02-Rust工程与自动化创新/03-网络与异步编程/01-Rustls安全网络通信.md
[2025-09-10 01:24:54] 已添加对齐段落: 软件工程理论与实践体系/02-Rust工程与自动化创新/03-网络与异步编程/02-Tokio异步HTTP服务器.md
[2025-09-10 01:24:54] 已添加对齐段落: 软件工程理论与实践体系/02-Rust工程与自动化创新/04-图形与底层开发/01-Wgpu与Vulkan图形编程.md
[2025-09-10 01:24:54] 已添加对齐段落: 软件工程理论与实践体系/02-Rust工程与自动化创新/05-外部函数接口FFI/01-SQLite的FFI实践.md
[2025-09-10 01:24:54] 已添加对齐段落: 软件工程理论与实践体系/03-协议_DSL_自动化生成/01-协议设计模式/01-协议状态机模式.md
[2025-09-10 01:24:54] 已添加对齐段落: 软件工程理论与实践体系/03-协议_DSL_自动化生成/01-协议设计模式/02-协议分层与抽象.md
[2025-09-10 01:24:54] 已处理 680 个文件...
[2025-09-10 01:24:54] 已添加对齐段落: 软件工程理论与实践体系/03-协议_DSL_自动化生成/02-协议实现与抽象/01-Rust中的协议处理器与适配器模式.md
[2025-09-10 01:24:54] 已添加对齐段落: 软件工程理论与实践体系/03-协议_DSL_自动化生成/02-协议实现与抽象/02-IoT协议网关设计.md
[2025-09-10 01:24:54] 已添加对齐段落: 软件工程理论与实践体系/03-协议_DSL_自动化生成/03-API规范与DSL/01-OpenAPI规范入门与实践.md
[2025-09-10 01:24:54] 已添加对齐段落: 软件工程理论与实践体系/03-协议_DSL_自动化生成/03-API规范与DSL/01a-OpenAPI与Swagger-自动化实践.md
[2025-09-10 01:24:54] 已添加对齐段落: 软件工程理论与实践体系/03-协议_DSL_自动化生成/03-API规范与DSL/02-在Kubernetes中使用OpenAPI定义CRD.md
[2025-09-10 01:24:54] 已添加对齐段落: 软件工程理论与实践体系/03-协议_DSL_自动化生成/03-API规范与DSL/03-Protobuf与gRPC入门.md
[2025-09-10 01:24:54] 已添加对齐段落: 软件工程理论与实践体系/03-协议_DSL_自动化生成/03-API规范与DSL/03a-gRPC与ProtocolBuffers-自动化实践.md
[2025-09-10 01:24:54] 已添加对齐段落: 软件工程理论与实践体系/03-协议_DSL_自动化生成/03-API规范与DSL/04-GraphQL与自动化工具链.md
[2025-09-10 01:24:54] 已添加对齐段落: 软件工程理论与实践体系/03-协议_DSL_自动化生成/03-API规范与DSL/05-AsyncAPI与事件驱动架构自动化.md
[2025-09-10 01:24:54] 已添加对齐段落: 软件工程理论与实践体系/03-协议_DSL_自动化生成/03-API规范与DSL/06-自定义DSL与解析器生成.md
[2025-09-10 01:24:54] 已处理 690 个文件...
[2025-09-10 01:24:54] 已添加对齐段落: 软件工程理论与实践体系/03-协议_DSL_自动化生成/04-自动化代码生成/01-基于OpenAPI的Rust代码生成器设计.md
[2025-09-10 01:24:54] 已添加对齐段落: 软件工程理论与实践体系/03-协议_DSL_自动化生成/04-自动化代码生成/02-使用Prost从Protobuf生成Rust代码.md
[2025-09-10 01:24:54] 已添加对齐段落: 软件工程理论与实践体系/03-协议_DSL_自动化生成/04-自动化代码生成/03-AST转换与代码生成器.md
[2025-09-10 01:24:54] 已添加对齐段落: 软件工程理论与实践体系/03-协议_DSL_自动化生成/04-自动化代码生成/04-集成CI_CD-实现DSL驱动的自动化.md
[2025-09-10 01:24:54] 已添加对齐段落: 软件工程理论与实践体系/04-分布式系统与微服务架构/05-前沿模型与批判性分析.md
[2025-09-10 01:24:54] 已添加对齐段落: 软件工程理论与实践体系/04-分布式系统与微服务架构/01-理论基础/01-系统与故障模型.md
[2025-09-10 01:24:54] 已添加对齐段落: 软件工程理论与实践体系/04-分布式系统与微服务架构/01-理论基础/02-CAP定理与设计权衡.md
[2025-09-10 01:24:54] 已添加对齐段落: 软件工程理论与实践体系/04-分布式系统与微服务架构/01-理论基础/03-分布式系统核心理论(CAP_FLP_Etc).md
[2025-09-10 01:24:54] 已添加对齐段落: 软件工程理论与实践体系/04-分布式系统与微服务架构/02-核心算法/00-共识算法概览.md
[2025-09-10 01:24:54] 已添加对齐段落: 软件工程理论与实践体系/04-分布式系统与微服务架构/02-核心算法/01-Raft协议详解.md
[2025-09-10 01:24:54] 已处理 700 个文件...
[2025-09-10 01:24:54] 已添加对齐段落: 软件工程理论与实践体系/04-分布式系统与微服务架构/02-核心算法/02-实用拜占庭容错PBFT.md
[2025-09-10 01:24:54] 已添加对齐段落: 软件工程理论与实践体系/04-分布式系统与微服务架构/03-架构模式/01-微服务架构核心原则与模式.md
[2025-09-10 01:24:54] 已添加对齐段落: 软件工程理论与实践体系/04-分布式系统与微服务架构/03-架构模式/02-API网关模式.md
[2025-09-10 01:24:54] 已添加对齐段落: 软件工程理论与实践体系/04-分布式系统与微服务架构/03-架构模式/03-服务间通信(RPC_事件驱动).md
[2025-09-10 01:24:54] 已添加对齐段落: 软件工程理论与实践体系/04-分布式系统与微服务架构/03-架构模式/04-分布式事务与Saga模式.md
[2025-09-10 01:24:54] 已添加对齐段落: 软件工程理论与实践体系/04-分布式系统与微服务架构/03-架构模式/05-CQRS与事件溯源模式.md
[2025-09-10 01:24:54] 已添加对齐段落: 软件工程理论与实践体系/04-分布式系统与微服务架构/04-关键组件与实践/01-服务发现与注册(Consul_Etcd).md
[2025-09-10 01:24:54] 已添加对齐段落: 软件工程理论与实践体系/04-分布式系统与微服务架构/04-关键组件与实践/02-分布式配置管理.md
[2025-09-10 01:24:54] 已添加对齐段落: 软件工程理论与实践体系/04-分布式系统与微服务架构/04-关键组件与实践/03-服务网格(Service_Mesh_Istio_Linkerd).md
[2025-09-10 01:24:54] 已添加对齐段落: 软件工程理论与实践体系/04-分布式系统与微服务架构/04-关键组件与实践/04-容器化与编排(Docker_Kubernetes).md
[2025-09-10 01:24:54] 已处理 710 个文件...
[2025-09-10 01:24:54] 已添加对齐段落: 软件工程理论与实践体系/04-分布式系统与微服务架构/04-关键组件与实践/05-分布式系统可观测性.md
[2025-09-10 01:24:54] 已添加对齐段落: 软件工程理论与实践体系/05-工作流与自动化平台/01-核心概念与模式/01-工作流引擎核心概念.md
[2025-09-10 01:24:54] 已添加对齐段落: 软件工程理论与实践体系/05-工作流与自动化平台/01-核心概念与模式/02-工作流设计模式.md
[2025-09-10 01:24:54] 已添加对齐段落: 软件工程理论与实践体系/05-工作流与自动化平台/02-主流开源平台/01-Apache_Airflow_数据管道编排.md
[2025-09-10 01:24:54] 已添加对齐段落: 软件工程理论与实践体系/05-工作流与自动化平台/02-主流开源平台/02-Temporal_io_可靠执行引擎.md
[2025-09-10 01:24:54] 已添加对齐段落: 软件工程理论与实践体系/05-工作流与自动化平台/02-主流开源平台/03-n8n_io_低代码自动化.md
[2025-09-10 01:24:54] 已添加对齐段落: 软件工程理论与实践体系/05-工作流与自动化平台/03-实践与应用/01-数据ETL管道自动化实践.md
[2025-09-10 01:24:54] 已添加对齐段落: 软件工程理论与实践体系/06-可观测性与OpenTelemetry/01-核心概念/01-可观测性三大支柱.md
[2025-09-10 01:24:54] 已添加对齐段落: 软件工程理论与实践体系/06-可观测性与OpenTelemetry/01-核心概念/02-OpenTelemetry架构与组件.md
[2025-09-10 01:24:54] 已添加对齐段落: 软件工程理论与实践体系/06-可观测性与OpenTelemetry/02-OpenTelemetry实践/01-OpenTelemetry遥测数据处理.md
[2025-09-10 01:24:54] 已处理 720 个文件...
[2025-09-10 01:24:54] 已添加对齐段落: 软件工程理论与实践体系/06-可观测性与OpenTelemetry/02-OpenTelemetry实践/02-Rust与Go集成实践.md
[2025-09-10 01:24:54] 已添加对齐段落: 软件工程理论与实践体系/06-可观测性与OpenTelemetry/02-OpenTelemetry实践/03-Java工作流观测实践.md
[2025-09-10 01:24:54] 已添加对齐段落: 软件工程理论与实践体系/06-可观测性与OpenTelemetry/02-OpenTelemetry实践/04-工作流与OpenTelemetry的范畴论分析(Rust).md
[2025-09-10 01:24:54] 已添加对齐段落: 软件工程理论与实践体系/07-AI自动生成与工程创新/01-AI生成与抽象/01-AI生成的新颖性与上下文限制.md
[2025-09-10 01:24:54] 已添加对齐段落: 软件工程理论与实践体系/07-AI自动生成与工程创新/01-AI生成与抽象/02-作为新抽象层的AI.md
[2025-09-10 01:24:54] 已添加对齐段落: 软件工程理论与实践体系/07-AI自动生成与工程创新/01-AI生成与抽象/03-生成模型概览(GAN_VAE_Transformer).md
[2025-09-10 01:24:54] 已添加对齐段落: 软件工程理论与实践体系/07-AI自动生成与工程创新/01-AI生成与抽象/04-创造性系统的形式化分析.md
[2025-09-10 01:24:54] 已添加对齐段落: 软件工程理论与实践体系/07-AI自动生成与工程创新/02-AI辅助工程/01-AI驱动的工具链与基础设施.md
[2025-09-10 01:24:54] 已添加对齐段落: 软件工程理论与实践体系/08-行业应用与最佳实践/01-物联网(IoT)/01-IoT行业标准与Rust嵌入式实践.md
[2025-09-10 01:24:54] 已添加对齐段落: 软件工程理论与实践体系/08-行业应用与最佳实践/01-物联网(IoT)/02-IoT中Rust与WASM的应用分析.md
[2025-09-10 01:24:54] 已处理 730 个文件...
[2025-09-10 01:24:54] 已添加对齐段落: 软件工程理论与实践体系/08-行业应用与最佳实践/01-物联网(IoT)/03-IoT设备OTA更新工作流模式.md
[2025-09-10 01:24:54] 已添加对齐段落: 软件工程理论与实践体系/08-行业应用与最佳实践/01-物联网(IoT)/04-分布式IoT网关的形式化模型.md
[2025-09-10 01:24:54] 已添加对齐段落: 软件工程理论与实践体系/08-行业应用与最佳实践/01-物联网(IoT)/05-模块化IoT框架设计(Java).md
[2025-09-10 01:24:54] 已添加对齐段落: 软件工程理论与实践体系/08-行业应用与最佳实践/02-金融科技(FinTech)/01-支付网关的财务服务设计(Rust).md
[2025-09-10 01:24:54] 已添加对齐段落: 软件工程理论与实践体系/08-行业应用与最佳实践/02-金融科技(FinTech)/02-P2P去中心化金融借贷模型(Rust).md
[2025-09-10 01:24:54] 已添加对齐段落: 软件工程理论与实践体系/08-行业应用与最佳实践/02-金融科技(FinTech)/03-安全的货币与账户类型设计(Rust).md
[2025-09-10 01:24:54] 已添加对齐段落: 软件工程理论与实践体系/08-行业应用与最佳实践/02-金融科技(FinTech)/04-财务审批工作流模式.md
[2025-09-10 01:24:54] 已添加对齐段落: 软件工程理论与实践体系/08-行业应用与最佳实践/02-金融科技(FinTech)/05-金融系统的范畴论形式化分析.md
[2025-09-10 01:24:54] 已添加对齐段落: 软件工程理论与实践体系/09-容器化与云原生部署/01-容器技术发展趋势与前沿分析.md
[2025-09-10 01:24:54] 已添加对齐段落: 软件工程理论与实践体系/09-容器化与云原生部署/03-Kubernetes容器编排核心原理.md
[2025-09-10 01:24:54] 已处理 740 个文件...
[2025-09-10 01:24:54] 已添加对齐段落: 软件工程理论与实践体系/09-容器化与云原生部署/04-容器编排的形式化模型与工作流理论.md
[2025-09-10 01:24:54] 批量2025对齐完成流程结束
[2025-09-10 01:24:54] 处理文件数: 741
[2025-09-10 01:24:54] 跳过文件数: 38
[2025-09-10 01:24:54] 错误文件数: 0
[2025-09-10 01:24:54] 日志文件: reports/checks/batch-2025-alignment-complete-20250910-012450.log
